no change     /opt/anaconda3/condabin/conda
no change     /opt/anaconda3/bin/conda
no change     /opt/anaconda3/bin/conda-env
no change     /opt/anaconda3/bin/activate
no change     /opt/anaconda3/bin/deactivate
no change     /opt/anaconda3/etc/profile.d/conda.sh
no change     /opt/anaconda3/etc/fish/conf.d/conda.fish
no change     /opt/anaconda3/shell/condabin/Conda.psm1
no change     /opt/anaconda3/shell/condabin/conda-hook.ps1
no change     /opt/anaconda3/lib/python3.12/site-packages/xontrib/conda.xsh
no change     /opt/anaconda3/etc/profile.d/conda.csh
modified      /u/home/jaba/.bashrc

==> For changes to take effect, close and re-open your current shell. <==

no change     /opt/anaconda3/condabin/conda
no change     /opt/anaconda3/bin/conda
no change     /opt/anaconda3/bin/conda-env
no change     /opt/anaconda3/bin/activate
no change     /opt/anaconda3/bin/deactivate
no change     /opt/anaconda3/etc/profile.d/conda.sh
no change     /opt/anaconda3/etc/fish/conf.d/conda.fish
no change     /opt/anaconda3/shell/condabin/Conda.psm1
no change     /opt/anaconda3/shell/condabin/conda-hook.ps1
no change     /opt/anaconda3/lib/python3.12/site-packages/xontrib/conda.xsh
no change     /opt/anaconda3/etc/profile.d/conda.csh
no change     /u/home/jaba/.bashrc
No action taken.
Processing CT file: sub-MM00228_ses-20220131_sequ-203_ct.nii.gz
Processing CT file: sub-MM00222_ses-20190102_sequ-202_ct.nii.gz
Processing CT file: sub-ctsr00714_ses-20161227_sequ-201_ct.nii.gz
Processing CT file: sub-ctsr00714_ses-20210729_sequ-203_ct.nii.gz
Processing CT file: sub-ctsr00714_ses-20190327_sequ-202_ct.nii.gz
Processing CT file: sub-ctsr00714_ses-20200515_sequ-202_ct.nii.gz
Processing CT file: sub-ctsr00714_ses-20180221_sequ-3_ct.nii.gz
Processing CT file: sub-MM00156_ses-20160309_sequ-301_ct.nii.gz
Processing CT file: sub-MM00121_ses-20150824_sequ-3_ct.nii.gz
Processing CT file: sub-MM00051_ses-20180328_sequ-202_ct.nii.gz
Processing CT file: sub-MM00051_ses-20180529_sequ-202_ct.nii.gz
Processing CT file: sub-MM00051_ses-20211026_sequ-None_ct.nii.gz
Processing CT file: sub-MM00051_ses-20201203_sequ-204_ct.nii.gz
Processing CT file: sub-MM00051_ses-20191112_sequ-202_ct.nii.gz
Processing CT file: sub-MM00210_ses-20210816_sequ-203_ct.nii.gz
Processing CT file: sub-MM00210_ses-20200709_sequ-203_ct.nii.gz
Processing CT file: sub-MM00210_ses-20201127_sequ-203_ct.nii.gz
Processing CT file: sub-MM00069_ses-20210824_sequ-None_ct.nii.gz
Processing CT file: sub-MM00113_ses-20211221_sequ-203_ct.nii.gz
Processing CT file: sub-MM00087_ses-20210309_sequ-204_ct.nii.gz
Processing CT file: sub-MM00164_ses-20210129_sequ-203_ct.nii.gz
Processing CT file: sub-MM00014_ses-20200710_sequ-203_ct.nii.gz
Processing CT file: sub-MM00014_ses-20150421_sequ-3_ct.nii.gz
Processing CT file: sub-MM00014_ses-20160307_sequ-3_ct.nii.gz
Processing CT file: sub-MM00014_ses-20210709_sequ-203_ct.nii.gz
Processing CT file: sub-MM00014_ses-20180207_sequ-202_ct.nii.gz
Processing CT file: sub-MM00014_ses-20190108_sequ-202_ct.nii.gz
Processing CT file: sub-MM00014_ses-20170504_sequ-202_ct.nii.gz
Processing CT file: sub-MM00231_ses-20171222_sequ-202_ct.nii.gz
Processing CT file: sub-MM00231_ses-20150619_sequ-3_ct.nii.gz
Processing CT file: sub-MM00231_ses-20170131_sequ-202_ct.nii.gz
Processing CT file: sub-MM00231_ses-20190117_sequ-202_ct.nii.gz
Processing CT file: sub-MM00231_ses-20200319_sequ-203_ct.nii.gz
Processing CT file: sub-MM00231_ses-20210121_sequ-203_ct.nii.gz
Processing CT file: sub-MM00246_ses-20150402_sequ-3_ct.nii.gz
Processing CT file: sub-MM00138_ses-20160704_sequ-201_ct.nii.gz
Processing CT file: sub-MM00035_ses-20200630_sequ-203_ct.nii.gz
Processing CT file: sub-MM00042_ses-20191220_sequ-None_ct.nii.gz
Processing CT file: sub-MM00132_ses-20150326_sequ-3_ct.nii.gz
Processing CT file: sub-MM00048_ses-20100823_sequ-2_ct.nii.gz
Processing CT file: sub-MM00048_ses-20150506_sequ-3_ct.nii.gz
Processing CT file: sub-MM00203_ses-20151001_sequ-202_ct.nii.gz
Processing CT file: sub-CTFU02116_ses-20151105_sequ-3_ct.nii.gz
Processing CT file: sub-CTFU02116_ses-20150130_sequ-3_ct.nii.gz
Processing CT file: sub-CTFU02116_ses-20120911_sequ-3_ct.nii.gz
Processing CT file: sub-CTFU02116_ses-20161110_sequ-3_ct.nii.gz
Processing CT file: sub-CTFU02116_ses-20140225_sequ-2_ct.nii.gz
Processing CT file: sub-CTFU02116_ses-20171211_sequ-202_ct.nii.gz
Processing CT file: sub-CTFU02116_ses-20170127_sequ-203_ct.nii.gz
Processing CT file: sub-MM00209_ses-20200527_sequ-203_ct.nii.gz
Processing CT file: sub-MM00209_ses-20170714_sequ-201_ct.nii.gz
Processing CT file: sub-MM00209_ses-20190401_sequ-202_ct.nii.gz
Processing CT file: sub-MM00209_ses-20191204_sequ-20501_ct.nii.gz
Processing CT file: sub-MM00209_ses-20180605_sequ-202_ct.nii.gz
Processing CT file: sub-MM00209_ses-20210519_sequ-203_ct.nii.gz
Processing CT file: sub-MM00070_ses-20180312_sequ-202_ct.nii.gz
Processing CT file: sub-CTFU00188_ses-20150814_sequ-3_ct.nii.gz
Processing CT file: sub-CTFU00188_ses-20091228_sequ-2_ct.nii.gz
Processing CT file: sub-CTFU00188_ses-20160630_sequ-201_ct.nii.gz
Processing CT file: sub-CTFU00188_ses-20140603_sequ-3_ct.nii.gz
Processing CT file: sub-CTFU00166_ses-20140703_sequ-3_ct.nii.gz
Processing CT file: sub-CTFU00166_ses-20140703_sequ-2_ct.nii.gz
Processing CT file: sub-CTFU00166_ses-20100615_sequ-2_ct.nii.gz
Processing CT file: sub-CTFU00166_ses-20151127_sequ-4_ct.nii.gz
Processing CT file: sub-CTFU00166_ses-20151127_sequ-3_ct.nii.gz
Processing CT file: sub-CTFU00166_ses-20130212_sequ-3_ct.nii.gz
Processing CT file: sub-CTFU00166_ses-20220304_sequ-203_ct.nii.gz
Processing CT file: sub-CTFU00166_ses-20091028_sequ-2_ct.nii.gz
Processing CT file: sub-CTFU00166_ses-20111114_sequ-3_ct.nii.gz
Processing CT file: sub-CTFU00166_ses-20101213_sequ-2_ct.nii.gz
Processing CT file: sub-CTFU00166_ses-20060921_sequ-2_ct.nii.gz
Processing CT file: sub-CTFU00166_ses-20171128_sequ-202_ct.nii.gz
Processing CT file: sub-CTFU00166_ses-20200130_sequ-202_ct.nii.gz
Processing CT file: sub-CTFU00166_ses-20210211_sequ-203_ct.nii.gz
Processing CT file: sub-CTFU00166_ses-20161220_sequ-201_ct.nii.gz
Processing CT file: sub-CTFU00166_ses-20071029_sequ-2_ct.nii.gz
Processing CT file: sub-CTFU00166_ses-20181108_sequ-202_ct.nii.gz
Processing CT file: sub-CTFU00166_ses-20141009_sequ-4_ct.nii.gz
Processing CT file: sub-CTFU00166_ses-20141009_sequ-3_ct.nii.gz
Processing CT file: sub-CTFU00166_ses-20120716_sequ-3_ct.nii.gz
Processing CT file: sub-CTFU00166_ses-20140225_sequ-7_ct.nii.gz
Processing CT file: sub-CTFU00166_ses-20140225_sequ-4_ct.nii.gz
Processing CT file: sub-CTFU00166_ses-20140225_sequ-2_ct.nii.gz
Processing CT file: sub-MM00100_ses-20180314_sequ-202_ct.nii.gz
Processing CT file: sub-MM00094_ses-20160108_sequ-3_ct.nii.gz
Processing CT file: sub-MM00094_ses-20160108_sequ-4_ct.nii.gz
Processing CT file: sub-MM00177_ses-20200518_sequ-203_ct.nii.gz
Processing CT file: sub-MM00177_ses-20180723_sequ-302_ct.nii.gz
Processing CT file: sub-MM00177_ses-20180723_sequ-205_ct.nii.gz
Processing CT file: sub-MM00177_ses-20180723_sequ-40199_ct.nii.gz
Processing CT file: sub-MM00177_ses-20190408_sequ-202_ct.nii.gz
Processing CT file: sub-MM00177_ses-20200120_sequ-205_ct.nii.gz
Processing CT file: sub-MM00177_ses-20200120_sequ-40602_ct.nii.gz
Processing CT file: sub-MM00177_ses-20210329_sequ-305_ct.nii.gz
Processing CT file: sub-MM00177_ses-20210329_sequ-203_ct.nii.gz
Processing CT file: sub-MM00177_ses-20180416_sequ-202_ct.nii.gz
Processing CT file: sub-MM00177_ses-20220110_sequ-203_ct.nii.gz
Processing CT file: sub-MM00177_ses-20181203_sequ-202_ct.nii.gz
Processing CT file: sub-CTFU00066_ses-20060906_sequ-2_ct.nii.gz
Processing CT file: sub-CTFU00066_ses-20060906_sequ-3_ct.nii.gz
Processing CT file: sub-CTFU00066_ses-20210712_sequ-202_ct.nii.gz
Processing CT file: sub-CTFU00066_ses-20170428_sequ-203_ct.nii.gz
Processing CT file: sub-CTFU00066_ses-20121026_sequ-3_ct.nii.gz
Processing CT file: sub-CTFU00066_ses-20200727_sequ-202_ct.nii.gz
Processing CT file: sub-CTFU00066_ses-20131025_sequ-3_ct.nii.gz
Processing CT file: sub-CTFU00066_ses-20070928_sequ-2_ct.nii.gz
Processing CT file: sub-CTFU00066_ses-20081010_sequ-2_ct.nii.gz
Processing CT file: sub-CTFU00066_ses-20190506_sequ-202_ct.nii.gz
Processing CT file: sub-CTFU00066_ses-20110408_sequ-2_ct.nii.gz
Processing CT file: sub-CTFU00066_ses-20110408_sequ-4_ct.nii.gz
Processing CT file: sub-CTFU00066_ses-20151030_sequ-3_ct.nii.gz
Processing CT file: sub-CTFU00066_ses-20100416_sequ-2_ct.nii.gz
Processing CT file: sub-CTFU00066_ses-20141024_sequ-3_ct.nii.gz
Processing CT file: sub-CTFU00066_ses-20180518_sequ-202_ct.nii.gz
Processing CT file: sub-MM00077_ses-20190712_sequ-202_ct.nii.gz
Processing CT file: sub-MM00099_ses-20211215_sequ-204_ct.nii.gz
Processing CT file: sub-MM00170_ses-20150123_sequ-3_ct.nii.gz
Processing CT file: sub-MM00093_ses-20200608_sequ-203_ct.nii.gz
Processing CT file: sub-MM00107_ses-20161020_sequ-3_ct.nii.gz
Processing CT file: sub-MM00204_ses-20150227_sequ-3_ct.nii.gz
Processing CT file: sub-CTFU00381_ses-20150423_sequ-3_ct.nii.gz
Processing CT file: sub-CTFU05372_ses-20210310_sequ-203_ct.nii.gz
Processing CT file: sub-CTFU00755_ses-20200603_sequ-203_ct.nii.gz
Processing CT file: sub-MM00032_ses-20190208_sequ-202_ct.nii.gz
Processing CT file: sub-MM00032_ses-20210906_sequ-204_ct.nii.gz
Processing CT file: sub-MM00148_ses-20161010_sequ-201_ct.nii.gz
Processing CT file: sub-MM00148_ses-20171108_sequ-202_ct.nii.gz
Processing CT file: sub-MM00148_ses-20180315_sequ-205_ct.nii.gz
Processing CT file: sub-CTFU00159_ses-20151009_sequ-3_ct.nii.gz
Processing CT file: sub-CTFU00159_ses-20210303_sequ-202_ct.nii.gz
Processing CT file: sub-CTFU00159_ses-20120907_sequ-3_ct.nii.gz
Processing CT file: sub-CTFU00159_ses-20171006_sequ-203_ct.nii.gz
Processing CT file: sub-CTFU00159_ses-20190110_sequ-202_ct.nii.gz
Processing CT file: sub-CTFU00159_ses-20161014_sequ-201_ct.nii.gz
Processing CT file: sub-CTFU00159_ses-20191219_sequ-20499_ct.nii.gz
Processing CT file: sub-CTFU00159_ses-20101214_sequ-2_ct.nii.gz
Processing CT file: sub-CTFU00159_ses-20100527_sequ-2_ct.nii.gz
Processing CT file: sub-CTFU00159_ses-20140801_sequ-4_ct.nii.gz
Processing CT file: sub-CTFU00159_ses-20100910_sequ-2_ct.nii.gz
Processing CT file: sub-CTFU04656_ses-20170629_sequ-201_ct.nii.gz
Processing CT file: sub-CTFU04656_ses-20110606_sequ-2_ct.nii.gz
Processing CT file: sub-CTFU04656_ses-20140319_sequ-3_ct.nii.gz
Processing CT file: sub-CTFU04656_ses-20130611_sequ-3_ct.nii.gz
Processing CT file: sub-CTFU04656_ses-20120131_sequ-3_ct.nii.gz
Processing CT file: sub-CTFU04656_ses-20101108_sequ-2_ct.nii.gz
Processing CT file: sub-MM00038_ses-20190725_sequ-202_ct.nii.gz
Processing CT file: sub-MM00038_ses-20200702_sequ-203_ct.nii.gz
Processing CT file: sub-MM00038_ses-20180927_sequ-202_ct.nii.gz
Processing CT file: sub-MM00038_ses-20210729_sequ-202_ct.nii.gz
Processing CT file: sub-MM00038_ses-20190520_sequ-202_ct.nii.gz
Processing CT file: sub-MM00038_ses-20170821_sequ-201_ct.nii.gz
Processing CT file: sub-MM00038_ses-20150911_sequ-3_ct.nii.gz
Processing CT file: sub-MM00038_ses-20160919_sequ-201_ct.nii.gz
Processing CT file: sub-MM00135_ses-20160406_sequ-3_ct.nii.gz
Processing CT file: sub-MM00135_ses-20151228_sequ-3_ct.nii.gz
Processing CT file: sub-MM00135_ses-20170707_sequ-201_ct.nii.gz
Processing CT file: sub-MM00135_ses-20161215_sequ-206_ct.nii.gz
Processing CT file: sub-MM00135_ses-20180830_sequ-202_ct.nii.gz
Processing CT file: sub-MM00142_ses-20200907_sequ-203_ct.nii.gz
Processing CT file: sub-MM00142_ses-20211210_sequ-203_ct.nii.gz
Processing CT file: sub-MM00142_ses-20160823_sequ-201_ct.nii.gz
Processing CT file: sub-MM00142_ses-20190806_sequ-202_ct.nii.gz
Processing CT file: sub-MM00142_ses-20190806_sequ-206_ct.nii.gz
Processing CT file: sub-MM00142_ses-20180820_sequ-204_ct.nii.gz
Processing CT file: sub-MM00142_ses-20180820_sequ-206_ct.nii.gz
Processing CT file: sub-MM00142_ses-20180820_sequ-201_ct.nii.gz
Processing CT file: sub-MM00142_ses-20170719_sequ-201_ct.nii.gz
Processing CT file: sub-CTFU01008_ses-20110928_sequ-4_ct.nii.gz
Processing CT file: sub-CTFU01008_ses-20110928_sequ-2_ct.nii.gz
Processing CT file: sub-CTFU01008_ses-20101013_sequ-2_ct.nii.gz
Processing CT file: sub-CTFU01008_ses-20170817_sequ-202_ct.nii.gz
Processing CT file: sub-CTFU01008_ses-20170516_sequ-201_ct.nii.gz
Processing CT file: sub-CTFU01008_ses-20190328_sequ-202_ct.nii.gz
Processing CT file: sub-CTFU01008_ses-20190328_sequ-204_ct.nii.gz
Processing CT file: sub-CTFU01008_ses-20160816_sequ-202_ct.nii.gz
Processing CT file: sub-CTFU01008_ses-20100628_sequ-6_ct.nii.gz
Processing CT file: sub-CTFU01008_ses-20180628_sequ-202_ct.nii.gz
Processing CT file: sub-MM00241_ses-20200814_sequ-202_ct.nii.gz
Processing CT file: sub-MM00241_ses-20170412_sequ-203_ct.nii.gz
Processing CT file: sub-MM00241_ses-20180207_sequ-202_ct.nii.gz
Processing CT file: sub-MM00241_ses-20180207_sequ-206_ct.nii.gz
Processing CT file: sub-CTFU04693_ses-20210407_sequ-202_ct.nii.gz
Processing CT file: sub-MM00163_ses-20180717_sequ-202_ct.nii.gz
Processing CT file: sub-MM00080_ses-20180326_sequ-207_ct.nii.gz
Processing CT file: sub-MM00114_ses-20160205_sequ-3_ct.nii.gz
Processing CT file: sub-MM00019_ses-20160420_sequ-3_ct.nii.gz
Processing CT file: sub-MM00019_ses-20150624_sequ-3_ct.nii.gz
Processing CT file: sub-MM00169_ses-20180201_sequ-402_ct.nii.gz
Processing CT file: sub-MM00013_ses-20190524_sequ-205_ct.nii.gz
Processing CT file: sub-MM00013_ses-20180110_sequ-202_ct.nii.gz
Processing CT file: sub-MM00013_ses-20170823_sequ-201_ct.nii.gz
Processing CT file: sub-MM00013_ses-20160812_sequ-201_ct.nii.gz
Processing CT file: sub-MM00013_ses-20210616_sequ-202_ct.nii.gz
Processing CT file: sub-MM00187_ses-20220107_sequ-205_ct.nii.gz
Processing CT file: sub-MM00064_ses-20180920_sequ-202_ct.nii.gz
Processing CT file: sub-CTFU00965_ses-20111111_sequ-3_ct.nii.gz
Processing CT file: sub-CTFU00965_ses-20170531_sequ-203_ct.nii.gz
Processing CT file: sub-CTFU00965_ses-20100218_sequ-101_ct.nii.gz
Processing CT file: sub-CTFU00965_ses-20100218_sequ-2_ct.nii.gz
Processing CT file: sub-CTFU00965_ses-20130731_sequ-3_ct.nii.gz
Processing CT file: sub-CTFU00965_ses-20140731_sequ-3_ct.nii.gz
Processing CT file: sub-CTFU00965_ses-20151001_sequ-3_ct.nii.gz
Processing CT file: sub-CTFU00965_ses-20121024_sequ-3_ct.nii.gz
Processing CT file: sub-CTFU02005_ses-20150421_sequ-3_ct.nii.gz
Processing CT file: sub-CTFU02072_ses-20171010_sequ-202_ct.nii.gz
Processing CT file: sub-CTFU02072_ses-20110922_sequ-2_ct.nii.gz
Processing CT file: sub-CTFU02072_ses-20080117_sequ-2_ct.nii.gz
Processing CT file: sub-CTFU02072_ses-20150306_sequ-3_ct.nii.gz
Processing CT file: sub-CTFU02072_ses-20190523_sequ-3_ct.nii.gz
Processing CT file: sub-CTFU02072_ses-20190523_sequ-6_ct.nii.gz
Processing CT file: sub-CTFU02072_ses-20061107_sequ-2_ct.nii.gz
Processing CT file: sub-CTFU02072_ses-20120808_sequ-3_ct.nii.gz
Processing CT file: sub-CTFU02072_ses-20140129_sequ-3_ct.nii.gz
Processing CT file: sub-CTFU02072_ses-20150630_sequ-2_ct.nii.gz
Processing CT file: sub-CTFU02072_ses-20150630_sequ-3_ct.nii.gz
Processing CT file: sub-CTFU02072_ses-20100201_sequ-2_ct.nii.gz
Processing CT file: sub-CTFU02072_ses-20180509_sequ-202_ct.nii.gz
Processing CT file: sub-CTFU02072_ses-20050601_sequ-2_ct.nii.gz
Processing CT file: sub-CTFU02072_ses-20160816_sequ-203_ct.nii.gz
Processing CT file: sub-CTFU02072_ses-20090116_sequ-2_ct.nii.gz
Processing CT file: sub-CTFU02072_ses-20210623_sequ-203_ct.nii.gz
Processing CT file: sub-CTFU02072_ses-20060112_sequ-2_ct.nii.gz
Processing CT file: sub-MM00217_ses-20191001_sequ-202_ct.nii.gz
Processing CT file: sub-MM00126_ses-20180619_sequ-202_ct.nii.gz
Processing CT file: sub-MM00151_ses-20211022_sequ-203_ct.nii.gz
Processing CT file: sub-MM00056_ses-20150710_sequ-201_ct.nii.gz
Processing CT file: sub-MM00021_ses-20191001_sequ-202_ct.nii.gz
Processing CT file: sub-MM00252_ses-20191002_sequ-202_ct.nii.gz
Processing CT file: sub-MM00225_ses-20210202_sequ-203_ct.nii.gz
Processing CT file: sub-MM00225_ses-20200602_sequ-202_ct.nii.gz
Processing CT file: sub-MM00052_ses-20200109_sequ-202_ct.nii.gz
Processing CT file: sub-MM00052_ses-20210126_sequ-203_ct.nii.gz
Processing CT file: sub-MM00052_ses-20220207_sequ-202_ct.nii.gz
Processing CT file: sub-MM00025_ses-20171011_sequ-202_ct.nii.gz
Processing CT file: sub-MM00025_ses-20170329_sequ-201_ct.nii.gz
Processing CT file: sub-MM00025_ses-20190605_sequ-202_ct.nii.gz
Processing CT file: sub-MM00025_ses-20180828_sequ-202_ct.nii.gz
Processing CT file: sub-CTFU04731_ses-20170529_sequ-201_ct.nii.gz
Processing CT file: sub-CTFU04731_ses-20191121_sequ-202_ct.nii.gz
Processing CT file: sub-CTFU04731_ses-20151027_sequ-3_ct.nii.gz
Processing CT file: sub-CTFU04731_ses-20220126_sequ-204_ct.nii.gz
Processing CT file: sub-CTFU04731_ses-20140722_sequ-3_ct.nii.gz
Processing CT file: sub-CTFU04731_ses-20180517_sequ-202_ct.nii.gz
Processing CT file: sub-MM00058_ses-20191219_sequ-202_ct.nii.gz
Processing CT file: sub-MM00058_ses-20190321_sequ-202_ct.nii.gz
Processing CT file: sub-MM00058_ses-20170228_sequ-201_ct.nii.gz
Processing CT file: sub-MM00058_ses-20210204_sequ-203_ct.nii.gz
Processing CT file: sub-MM00058_ses-20160707_sequ-301_ct.nii.gz
Processing CT file: sub-MM00058_ses-20220323_sequ-203_ct.nii.gz
Processing CT file: sub-MM00058_ses-20200715_sequ-203_ct.nii.gz
Processing CT file: sub-MM00122_ses-20191216_sequ-202_ct.nii.gz
Processing CT file: sub-MM00155_ses-20190409_sequ-202_ct.nii.gz
Processing CT file: sub-MM00155_ses-20180514_sequ-202_ct.nii.gz
Processing CT file: sub-MM00155_ses-20201201_sequ-204_ct.nii.gz
Processing CT file: sub-MM00221_ses-20160915_sequ-201_ct.nii.gz
Processing CT file: sub-MM00183_ses-20140328_sequ-3_ct.nii.gz
Processing CT file: sub-MM00183_ses-20160419_sequ-3_ct.nii.gz
Processing CT file: sub-MM00183_ses-20180130_sequ-202_ct.nii.gz
Processing CT file: sub-MM00183_ses-20170109_sequ-201_ct.nii.gz
Processing CT file: sub-MM00017_ses-20210722_sequ-203_ct.nii.gz
Processing CT file: sub-MM00189_ses-20180309_sequ-204_ct.nii.gz
Processing CT file: sub-MM00189_ses-20210726_sequ-206_ct.nii.gz
Processing CT file: sub-MM00189_ses-20200512_sequ-203_ct.nii.gz
Processing CT file: sub-CTFU03127_ses-20171206_sequ-202_ct.nii.gz
Processing CT file: sub-MM00167_ses-20180601_sequ-202_ct.nii.gz
Processing CT file: sub-MM00167_ses-20181025_sequ-202_ct.nii.gz
Processing CT file: sub-MM00167_ses-20170530_sequ-201_ct.nii.gz
Processing CT file: sub-MM00167_ses-20151104_sequ-3_ct.nii.gz
Processing CT file: sub-MM00167_ses-20160224_sequ-3_ct.nii.gz
Processing CT file: sub-MM00167_ses-20210204_sequ-203_ct.nii.gz
Processing CT file: sub-MM00167_ses-20150813_sequ-3_ct.nii.gz
Processing CT file: sub-MM00167_ses-20191212_sequ-202_ct.nii.gz
Processing CT file: sub-MM00167_ses-20220216_sequ-203_ct.nii.gz
Processing CT file: sub-MM00110_ses-20150331_sequ-8_ct.nii.gz
Processing CT file: sub-MM00213_ses-20171207_sequ-202_ct.nii.gz
Processing CT file: sub-MM00213_ses-20181220_sequ-202_ct.nii.gz
Processing CT file: sub-MM00213_ses-20200114_sequ-202_ct.nii.gz
Processing CT file: sub-CTFU02001_ses-20170517_sequ-201_ct.nii.gz
Processing CT file: sub-CTFU02001_ses-20130715_sequ-3_ct.nii.gz
Processing CT file: sub-CTFU02001_ses-20130715_sequ-2_ct.nii.gz
Processing CT file: sub-CTFU02001_ses-20160517_sequ-3_ct.nii.gz
Processing CT file: sub-CTFU02001_ses-20140703_sequ-3_ct.nii.gz
Processing CT file: sub-CTFU02001_ses-20190508_sequ-202_ct.nii.gz
Processing CT file: sub-CTFU02001_ses-20110825_sequ-2_ct.nii.gz
Processing CT file: sub-CTFU02001_ses-20200526_sequ-202_ct.nii.gz
Processing CT file: sub-CTFU02001_ses-20180530_sequ-202_ct.nii.gz
Processing CT file: sub-MM00131_ses-20200615_sequ-203_ct.nii.gz
Processing CT file: sub-MM00146_ses-20210804_sequ-203_ct.nii.gz
Processing CT file: sub-MM00146_ses-20200925_sequ-203_ct.nii.gz
Processing CT file: sub-MM00041_ses-20210903_sequ-None_ct.nii.gz
Processing CT file: sub-MM00036_ses-20161024_sequ-201_ct.nii.gz
Processing CT file: sub-MM00238_ses-20150327_sequ-3_ct.nii.gz
Processing CT file: sub-MM00245_ses-20191113_sequ-302_ct.nii.gz
Processing CT file: sub-MM00245_ses-20191113_sequ-20201_ct.nii.gz
Processing CT file: sub-MM00245_ses-20210212_sequ-202_ct.nii.gz
Processing CT file: sub-MM00245_ses-20200205_sequ-202_ct.nii.gz
Processing CT file: sub-MM00245_ses-20220215_sequ-203_ct.nii.gz
Processing CT file: sub-CTFU03205_ses-20151217_sequ-3_ct.nii.gz
Processing CT file: sub-CTFU03205_ses-20170208_sequ-201_ct.nii.gz
Processing CT file: sub-CTFU03205_ses-20160818_sequ-6_ct.nii.gz
Processing CT file: sub-CTFU03205_ses-20160818_sequ-5_ct.nii.gz
Processing CT file: sub-CTFU03205_ses-20160818_sequ-3_ct.nii.gz
Processing CT file: sub-CTFU03205_ses-20150109_sequ-3_ct.nii.gz
Processing CT file: sub-CTFU03205_ses-20170822_sequ-201_ct.nii.gz
Processing CT file: sub-MM00174_ses-20160129_sequ-3_ct.nii.gz
Processing CT file: sub-MM00103_ses-20191111_sequ-202_ct.nii.gz
Processing CT file: sub-MM00097_ses-20220113_sequ-204_ct.nii.gz
Processing CT file: sub-MM00079_ses-20190308_sequ-202_ct.nii.gz
Processing CT file: sub-CTFU00068_ses-20191205_sequ-202_ct.nii.gz
Processing CT file: sub-CTFU00068_ses-20170510_sequ-201_ct.nii.gz
Processing CT file: sub-CTFU00068_ses-20161020_sequ-3_ct.nii.gz
Processing CT file: sub-CTFU00068_ses-20151022_sequ-3_ct.nii.gz
Processing CT file: sub-CTFU00068_ses-20100119_sequ-2_ct.nii.gz
Processing CT file: sub-CTFU00068_ses-20130514_sequ-3_ct.nii.gz
Processing CT file: sub-CTFU00068_ses-20141215_sequ-2_ct.nii.gz
Processing CT file: sub-CTFU00068_ses-20150622_sequ-3_ct.nii.gz
Processing CT file: sub-CTFU00068_ses-20181210_sequ-202_ct.nii.gz
Processing CT file: sub-CTFU00112_ses-20140429_sequ-3_ct.nii.gz
Processing CT file: sub-CTFU00112_ses-20110920_sequ-2_ct.nii.gz
Processing CT file: sub-CTFU00112_ses-20150717_sequ-2_ct.nii.gz
Processing CT file: sub-CTFU00112_ses-20150717_sequ-3_ct.nii.gz
Processing CT file: sub-CTFU00112_ses-20130218_sequ-3_ct.nii.gz
Processing CT file: sub-CTFU00112_ses-20160819_sequ-202_ct.nii.gz
Processing CT file: sub-CTFU00112_ses-20100309_sequ-2_ct.nii.gz
Processing CT file: sub-MM00190_ses-20160524_sequ-3_ct.nii.gz
Processing CT file: sub-MM00004_ses-20190628_sequ--1_ct.nii.gz
Processing CT file: sub-MM00073_ses-20180524_sequ-20299_ct.nii.gz
Processing CT file: sub-CTFU02065_ses-20150129_sequ-3_ct.nii.gz
Processing CT file: sub-CTFU02065_ses-20051020_sequ-5_ct.nii.gz
Processing CT file: sub-CTFU02065_ses-20051020_sequ-3_ct.nii.gz
Processing CT file: sub-CTFU02065_ses-20091013_sequ-2_ct.nii.gz
Processing CT file: sub-CTFU02065_ses-20101019_sequ-2_ct.nii.gz
Processing CT file: sub-CTFU02065_ses-20081014_sequ-2_ct.nii.gz
Processing CT file: sub-CTFU02065_ses-20200929_sequ-203_ct.nii.gz
Processing CT file: sub-CTFU02065_ses-20211008_sequ-203_ct.nii.gz
Processing CT file: sub-CTFU02065_ses-20170904_sequ-202_ct.nii.gz
Processing CT file: sub-CTFU02065_ses-20191007_sequ-202_ct.nii.gz
Processing CT file: sub-CTFU02065_ses-20120724_sequ-3_ct.nii.gz
Processing CT file: sub-CTFU02065_ses-20120724_sequ-4_ct.nii.gz
Processing CT file: sub-CTFU02065_ses-20181211_sequ-202_ct.nii.gz
Processing CT file: sub-CTFU02065_ses-20070417_sequ-2_ct.nii.gz
Processing CT file: sub-CTFU02065_ses-20150715_sequ-2_ct.nii.gz
Processing CT file: sub-CTFU02065_ses-20060224_sequ-2_ct.nii.gz
Processing CT file: sub-CTFU02065_ses-20071016_sequ-2_ct.nii.gz
Processing CT file: sub-CTFU04023_ses-20200925_sequ-203_ct.nii.gz
Processing CT file: sub-CTFU04023_ses-20160912_sequ-201_ct.nii.gz
Processing CT file: sub-CTFU04023_ses-20140715_sequ-3_ct.nii.gz
Processing CT file: sub-CTFU04023_ses-20180216_sequ-202_ct.nii.gz
Processing CT file: sub-CTFU04023_ses-20200323_sequ-203_ct.nii.gz
Processing CT file: sub-CTFU04023_ses-20190506_sequ-202_ct.nii.gz
Processing CT file: sub-MM00009_ses-20211210_sequ-203_ct.nii.gz
Processing CT file: sub-MM00009_ses-20170302_sequ-203_ct.nii.gz
Processing CT file: sub-MM00009_ses-20150508_sequ-3_ct.nii.gz
Processing CT file: sub-MM00090_ses-20190906_sequ-202_ct.nii.gz
Processing CT file: sub-MM00104_ses-20170308_sequ-203_ct.nii.gz
Processing CT file: sub-MM00173_ses-20170309_sequ-201_ct.nii.gz
Processing CT file: sub-MM00074_ses-20210519_sequ-205_ct.nii.gz
Processing CT file: sub-MM00003_ses-20220309_sequ-None_ct.nii.gz
Processing CT file: sub-MM00003_ses-20220309_sequ-204_ct.nii.gz
Processing CT file: sub-MM00179_ses-20150122_sequ-3_ct.nii.gz
Processing CT file: sub-CTFU00065_ses-20151125_sequ-3_ct.nii.gz
Processing CT file: sub-CTFU00065_ses-20151125_sequ-2_ct.nii.gz
Processing CT file: sub-CTFU00065_ses-20100514_sequ-2_ct.nii.gz
Processing CT file: sub-CTFU00065_ses-20100514_sequ-4_ct.nii.gz
Processing CT file: sub-CTFU00065_ses-20110922_sequ-2_ct.nii.gz
Processing CT file: sub-CTFU00065_ses-20141023_sequ-3_ct.nii.gz
Processing CT file: sub-CTFU00354_ses-20060313_sequ-2_ct.nii.gz
Processing CT file: sub-CTFU00354_ses-20070720_sequ-3_ct.nii.gz
Processing CT file: sub-CTFU00354_ses-20070720_sequ-2_ct.nii.gz
Processing CT file: sub-CTFU00354_ses-20120124_sequ-8_ct.nii.gz
Processing CT file: sub-CTFU00354_ses-20120124_sequ-2_ct.nii.gz
Processing CT file: sub-CTFU00354_ses-20100119_sequ-2_ct.nii.gz
Processing CT file: sub-CTFU00354_ses-20061204_sequ-2_ct.nii.gz
Processing CT file: sub-CTFU00354_ses-20060601_sequ-2_ct.nii.gz
Processing CT file: sub-CTFU00354_ses-20130806_sequ-3_ct.nii.gz
Processing CT file: sub-CTFU00354_ses-20160826_sequ-201_ct.nii.gz
Processing CT file: sub-CTFU00354_ses-20080703_sequ-2_ct.nii.gz
Processing CT file: sub-CTFU00354_ses-20090115_sequ-2_ct.nii.gz
Processing CT file: sub-CTFU00354_ses-20080206_sequ-2_ct.nii.gz
Processing CT file: sub-CTFU00354_ses-20150910_sequ-201_ct.nii.gz
Processing CT file: sub-CTFU00354_ses-20110111_sequ-2_ct.nii.gz
Processing CT file: sub-CTFU00354_ses-20181102_sequ-20299_ct.nii.gz
Processing CT file: sub-MM00235_ses-20150320_sequ-3_ct.nii.gz
Processing CT file: sub-MM00242_ses-20160125_sequ-3_ct.nii.gz
Processing CT file: sub-MM00242_ses-20140519_sequ-3_ct.nii.gz
Processing CT file: sub-MM00242_ses-20140825_sequ-3_ct.nii.gz
Processing CT file: sub-MM00242_ses-20161216_sequ-201_ct.nii.gz
Processing CT file: sub-MM00141_ses-20220126_sequ-203_ct.nii.gz
Processing CT file: sub-CTFU03866_ses-20140310_sequ-3_ct.nii.gz
Processing CT file: sub-CTFU03866_ses-20180115_sequ-202_ct.nii.gz
Processing CT file: sub-CTFU03866_ses-20130411_sequ-3_ct.nii.gz
Processing CT file: sub-CTFU03866_ses-20150629_sequ-3_ct.nii.gz
Processing CT file: sub-CTFU03866_ses-20151021_sequ-3_ct.nii.gz
Processing CT file: sub-CTFU03866_ses-20130826_sequ-3_ct.nii.gz
Processing CT file: sub-CTFU03866_ses-20170608_sequ-201_ct.nii.gz
Processing CT file: sub-CTFU03866_ses-20171128_sequ-202_ct.nii.gz
Processing CT file: sub-CTFU03866_ses-20190213_sequ-20199_ct.nii.gz
Processing CT file: sub-CTFU03866_ses-20190213_sequ-30199_ct.nii.gz
Processing CT file: sub-CTFU03866_ses-20150312_sequ-4_ct.nii.gz
Processing CT file: sub-CTFU03866_ses-20180724_sequ-202_ct.nii.gz
Processing CT file: sub-CTFU03866_ses-20170217_sequ-201_ct.nii.gz
Processing CT file: sub-MM00031_ses-20200303_sequ-202_ct.nii.gz
Processing CT file: sub-MM00031_ses-20170428_sequ-201_ct.nii.gz
Processing CT file: sub-MM00031_ses-20160902_sequ-202_ct.nii.gz
Processing CT file: sub-MM00031_ses-20180613_sequ-202_ct.nii.gz
Processing CT file: sub-MM00031_ses-20210312_sequ-203_ct.nii.gz
Processing CT file: sub-MM00031_ses-20181217_sequ-202_ct.nii.gz
Processing CT file: sub-MM00046_ses-20220318_sequ-203_ct.nii.gz
Processing CT file: sub-MM00214_ses-20200618_sequ-202_ct.nii.gz
Processing CT file: sub-CTFU02101_ses-20200131_sequ-202_ct.nii.gz
Processing CT file: sub-CTFU02101_ses-20080421_sequ-2_ct.nii.gz
Processing CT file: sub-CTFU02101_ses-20140430_sequ-3_ct.nii.gz
Processing CT file: sub-CTFU02101_ses-20110517_sequ-2_ct.nii.gz
Processing CT file: sub-CTFU02101_ses-20170127_sequ-201_ct.nii.gz
Processing CT file: sub-CTFU02101_ses-20210921_sequ-202_ct.nii.gz
Processing CT file: sub-CTFU02101_ses-20100504_sequ-2_ct.nii.gz
Processing CT file: sub-CTFU02101_ses-20120430_sequ-3_ct.nii.gz
Processing CT file: sub-CTFU02101_ses-20210223_sequ-203_ct.nii.gz
Processing CT file: sub-CTFU02101_ses-20150327_sequ-5_ct.nii.gz
Processing CT file: sub-CTFU02101_ses-20150327_sequ-2_ct.nii.gz
Processing CT file: sub-CTFU02101_ses-20130318_sequ-3_ct.nii.gz
Processing CT file: sub-CTFU02101_ses-20190225_sequ-202_ct.nii.gz
Processing CT file: sub-CTFU02101_ses-20180221_sequ-3_ct.nii.gz
Processing CT file: sub-CTFU02101_ses-20090420_sequ-4_ct.nii.gz
Processing CT file: sub-CTFU02101_ses-20090420_sequ-5_ct.nii.gz
Processing CT file: sub-MM00089_ses-20220124_sequ-None_ct.nii.gz
Processing CT file: sub-MM00083_ses-20220113_sequ-203_ct.nii.gz
Processing CT file: sub-MM00117_ses-20150417_sequ-3_ct.nii.gz
Processing CT file: sub-MM00160_ses-20190807_sequ-202_ct.nii.gz
Processing CT file: sub-MM00160_ses-20180719_sequ-202_ct.nii.gz
Processing CT file: sub-MM00226_ses-20220131_sequ-203_ct.nii.gz
Processing CT file: sub-MM00226_ses-20191121_sequ-202_ct.nii.gz
Processing CT file: sub-MM00251_ses-20170424_sequ-201_ct.nii.gz
Processing CT file: sub-CTFU04072_ses-20171219_sequ-202_ct.nii.gz
Processing CT file: sub-CTFU04072_ses-20191119_sequ-202_ct.nii.gz
Processing CT file: sub-CTFU04072_ses-20150506_sequ-3_ct.nii.gz
Processing CT file: sub-CTFU04072_ses-20160517_sequ-3_ct.nii.gz
Processing CT file: sub-CTFU04072_ses-20180625_sequ-202_ct.nii.gz
Processing CT file: sub-CTFU04072_ses-20170403_sequ-301_ct.nii.gz
Processing CT file: sub-CTFU04072_ses-20181129_sequ-202_ct.nii.gz
Processing CT file: sub-MM00022_ses-20160321_sequ-203_ct.nii.gz
Processing CT file: sub-MM00055_ses-20190227_sequ-202_ct.nii.gz
Processing CT file: sub-MM00055_ses-20180129_sequ-202_ct.nii.gz
Processing CT file: sub-MM00055_ses-20200428_sequ-203_ct.nii.gz
Processing CT file: sub-MM00152_ses-20190401_sequ-202_ct.nii.gz
Processing CT file: sub-MM00028_ses-20190228_sequ--1_ct.nii.gz
Processing CT file: sub-MM00168_ses-20210512_sequ-202_ct.nii.gz
Processing CT file: sub-MM00065_ses-20181219_sequ-40301_ct.nii.gz
Processing CT file: sub-MM00065_ses-20181219_sequ-402_ct.nii.gz
Processing CT file: sub-MM00186_ses-20160630_sequ-201_ct.nii.gz
Processing CT file: sub-MM00081_ses-20160421_sequ-4_ct.nii.gz
Processing CT file: sub-MM00018_ses-20180524_sequ-20299_ct.nii.gz
Processing CT file: sub-MM00216_ses-20200217_sequ-202_ct.nii.gz
Processing CT file: sub-CTFU02109_ses-20160912_sequ-201_ct.nii.gz
Processing CT file: sub-CTFU02109_ses-20140814_sequ-4_ct.nii.gz
Processing CT file: sub-CTFU02109_ses-20131031_sequ-3_ct.nii.gz
Processing CT file: sub-CTFU02109_ses-20150904_sequ-3_ct.nii.gz
Processing CT file: sub-CTFU02109_ses-20100714_sequ-101_ct.nii.gz
Processing CT file: sub-CTFU02109_ses-20100714_sequ-2_ct.nii.gz
Processing CT file: sub-CTFU02109_ses-20141204_sequ-3_ct.nii.gz
Processing CT file: sub-CTFU02109_ses-20170801_sequ-202_ct.nii.gz
Processing CT file: sub-CTFU02109_ses-20130116_sequ-4_ct.nii.gz
Processing CT file: sub-CTFU02109_ses-20130116_sequ-3_ct.nii.gz
Processing CT file: sub-CTFU02109_ses-20110701_sequ-2_ct.nii.gz
Processing CT file: sub-MM00020_ses-20160617_sequ-201_ct.nii.gz
Processing CT file: sub-MM00020_ses-20170703_sequ-202_ct.nii.gz
Processing CT file: sub-MM00020_ses-20151211_sequ-3_ct.nii.gz
Processing CT file: sub-MM00150_ses-20180302_sequ-20198_ct.nii.gz
Processing CT file: sub-MM00150_ses-20161116_sequ-203_ct.nii.gz
Processing CT file: sub-MM00127_ses-20210308_sequ-203_ct.nii.gz
Processing CT file: sub-MM00224_ses-20200217_sequ-202_ct.nii.gz
Processing CT file: sub-MM00253_ses-20150813_sequ-3_ct.nii.gz
Processing CT file: sub-CTFU04547_ses-20130208_sequ-3_ct.nii.gz
Processing CT file: sub-CTFU04547_ses-20210923_sequ-203_ct.nii.gz
Processing CT file: sub-CTFU04547_ses-20181017_sequ-202_ct.nii.gz
Processing CT file: sub-CTFU04547_ses-20120208_sequ-3_ct.nii.gz
Processing CT file: sub-CTFU04547_ses-20120208_sequ-2_ct.nii.gz
Processing CT file: sub-CTFU04547_ses-20171019_sequ-204_ct.nii.gz
Processing CT file: sub-CTFU04547_ses-20201012_sequ-203_ct.nii.gz
Processing CT file: sub-CTFU04547_ses-20150702_sequ-3_ct.nii.gz
Processing CT file: sub-CTFU04547_ses-20160721_sequ-202_ct.nii.gz
Processing CT file: sub-CTFU04547_ses-20191001_sequ-202_ct.nii.gz
Processing CT file: sub-CTFU04547_ses-20181116_sequ-202_ct.nii.gz
Processing CT file: sub-CTFU04547_ses-20140314_sequ-3_ct.nii.gz
Processing CT file: sub-CTFU01089_ses-20210608_sequ-203_ct.nii.gz
Processing CT file: sub-CTFU00160_ses-20180425_sequ-202_ct.nii.gz
Processing CT file: sub-CTFU00160_ses-20160428_sequ-2_ct.nii.gz
Processing CT file: sub-CTFU00160_ses-20160428_sequ-3_ct.nii.gz
Processing CT file: sub-CTFU00160_ses-20170427_sequ-202_ct.nii.gz
Processing CT file: sub-CTFU00160_ses-20170427_sequ-207_ct.nii.gz
Processing CT file: sub-CTFU00160_ses-20110317_sequ-2_ct.nii.gz
Processing CT file: sub-CTFU00160_ses-20120308_sequ-3_ct.nii.gz
Processing CT file: sub-CTFU00160_ses-20140320_sequ-3_ct.nii.gz
Processing CT file: sub-CTFU00160_ses-20150305_sequ-3_ct.nii.gz
Processing CT file: sub-CTFU00160_ses-20130315_sequ-3_ct.nii.gz
Processing CT file: sub-MM00092_ses-20210112_sequ-204_ct.nii.gz
Processing CT file: sub-MM00106_ses-20200827_sequ-203_ct.nii.gz
Processing CT file: sub-MM00171_ses-20210618_sequ-202_ct.nii.gz
Processing CT file: sub-MM00171_ses-20210927_sequ-203_ct.nii.gz
Processing CT file: sub-MM00076_ses-20191022_sequ-202_ct.nii.gz
Processing CT file: sub-MM00001_ses-20160527_sequ-4_ct.nii.gz
Processing CT file: sub-MM00195_ses-20200330_sequ-203_ct.nii.gz
Processing CT file: sub-CTFU05100_ses-20210421_sequ-203_ct.nii.gz
Processing CT file: sub-MM00143_ses-20160823_sequ-201_ct.nii.gz
Processing CT file: sub-MM00134_ses-20200116_sequ-None_ct.nii.gz
Processing CT file: sub-MM00134_ses-20210628_sequ-203_ct.nii.gz
Processing CT file: sub-MM00134_ses-20180117_sequ--1_ct.nii.gz
Processing CT file: sub-MM00134_ses-20220318_sequ-None_ct.nii.gz
Processing CT file: sub-MM00134_ses-20200629_sequ-203_ct.nii.gz
Processing CT file: sub-MM00134_ses-20190115_sequ-202_ct.nii.gz
Processing CT file: sub-MM00033_ses-20160331_sequ-3_ct.nii.gz
Processing CT file: sub-MM00044_ses-20181210_sequ-202_ct.nii.gz
Processing CT file: sub-MM00044_ses-20141031_sequ-3_ct.nii.gz
Processing CT file: sub-MM00044_ses-20170731_sequ-201_ct.nii.gz
Processing CT file: sub-MM00149_ses-20190307_sequ-202_ct.nii.gz
Processing CT file: sub-MM00149_ses-20171228_sequ-202_ct.nii.gz
Processing CT file: sub-MM00149_ses-20190107_sequ-202_ct.nii.gz
Processing CT file: sub-MM00237_ses-20180111_sequ-202_ct.nii.gz
Processing CT file: sub-MM00240_ses-20211221_sequ-205_ct.nii.gz
Processing CT file: sub-MM00247_ses-20210618_sequ-203_ct.nii.gz
Processing CT file: sub-MM00247_ses-20200626_sequ-203_ct.nii.gz
Processing CT file: sub-MM00133_ses-20210218_sequ-202_ct.nii.gz
Processing CT file: sub-MM00133_ses-20201013_sequ-203_ct.nii.gz
Processing CT file: sub-MM00133_ses-20191105_sequ-202_ct.nii.gz
Processing CT file: sub-MM00144_ses-20200227_sequ-202_ct.nii.gz
Processing CT file: sub-MM00144_ses-20220307_sequ-204_ct.nii.gz
Processing CT file: sub-MM00144_ses-20220307_sequ-206_ct.nii.gz
Processing CT file: sub-MM00144_ses-20210218_sequ-202_ct.nii.gz
Processing CT file: sub-MM00049_ses-20210324_sequ-203_ct.nii.gz
Processing CT file: sub-MM00049_ses-20210806_sequ-4_ct.nii.gz
Processing CT file: sub-MM00043_ses-20170705_sequ-202_ct.nii.gz
Processing CT file: sub-MM00043_ses-20190724_sequ-202_ct.nii.gz
Processing CT file: sub-MM00043_ses-20200728_sequ-203_ct.nii.gz
Processing CT file: sub-MM00043_ses-20210906_sequ-None_ct.nii.gz
Processing CT file: sub-MM00034_ses-20211013_sequ-None_ct.nii.gz
Processing CT file: sub-MM00034_ses-20210416_sequ-204_ct.nii.gz
Processing CT file: sub-MM00034_ses-20180316_sequ-204_ct.nii.gz
Processing CT file: sub-MM00034_ses-20170323_sequ-201_ct.nii.gz
Processing CT file: sub-MM00034_ses-20190621_sequ-202_ct.nii.gz
Processing CT file: sub-MM00034_ses-20160209_sequ-2_ct.nii.gz
Processing CT file: sub-MM00034_ses-20160209_sequ-3_ct.nii.gz
Processing CT file: sub-MM00034_ses-20200609_sequ-203_ct.nii.gz
Processing CT file: sub-CTFU05303_ses-20211215_sequ-None_ct.nii.gz
Processing CT file: sub-CTFU05303_ses-20171025_sequ-204_ct.nii.gz
Processing CT file: sub-CTFU05303_ses-20200108_sequ-202_ct.nii.gz
Processing CT file: sub-CTFU05303_ses-20210616_sequ-202_ct.nii.gz
Processing CT file: sub-CTFU05303_ses-20160302_sequ-3_ct.nii.gz
Processing CT file: sub-CTFU05099_ses-20180704_sequ-206_ct.nii.gz
Processing CT file: sub-CTFU05099_ses-20170329_sequ-201_ct.nii.gz
Processing CT file: sub-CTFU05099_ses-20210210_sequ-203_ct.nii.gz
Processing CT file: sub-CTFU05099_ses-20140320_sequ-3_ct.nii.gz
Processing CT file: sub-CTFU05099_ses-20170718_sequ-201_ct.nii.gz
Processing CT file: sub-CTFU05099_ses-20190715_sequ-202_ct.nii.gz
Processing CT file: sub-CTFU05099_ses-20200710_sequ-203_ct.nii.gz
Processing CT file: sub-MM00176_ses-20200217_sequ-202_ct.nii.gz
Processing CT file: sub-MM00176_ses-20180108_sequ--1_ct.nii.gz
Processing CT file: sub-MM00176_ses-20190320_sequ-202_ct.nii.gz
Processing CT file: sub-MM00101_ses-20190930_sequ-202_ct.nii.gz
Processing CT file: sub-MM00095_ses-20190306_sequ-20299_ct.nii.gz
Processing CT file: sub-MM00198_ses-20150212_sequ-3_ct.nii.gz
Processing CT file: sub-MM00006_ses-20210616_sequ-203_ct.nii.gz
Processing CT file: sub-MM00071_ses-20200408_sequ-201_ct.nii.gz
Processing CT file: sub-MM00071_ses-20200408_sequ-203_ct.nii.gz
Processing CT file: sub-MM00254_ses-20161206_sequ-202_ct.nii.gz
Processing CT file: sub-MM00229_ses-20190424_sequ-202_ct.nii.gz
Processing CT file: sub-MM00050_ses-20161021_sequ-201_ct.nii.gz
Processing CT file: sub-MM00027_ses-20210611_sequ-203_ct.nii.gz
Processing CT file: sub-MM00027_ses-20211004_sequ-202_ct.nii.gz
Processing CT file: sub-CTFU00926_ses-20141030_sequ-3_ct.nii.gz
Processing CT file: sub-CTFU00926_ses-20090813_sequ-2_ct.nii.gz
Processing CT file: sub-CTFU00926_ses-20131024_sequ-3_ct.nii.gz
Processing CT file: sub-CTFU00926_ses-20131024_sequ-2_ct.nii.gz
Processing CT file: sub-CTFU00926_ses-20191121_sequ-202_ct.nii.gz
Processing CT file: sub-CTFU00926_ses-20121030_sequ-3_ct.nii.gz
Processing CT file: sub-CTFU00926_ses-20110825_sequ-2_ct.nii.gz
Processing CT file: sub-CTFU00926_ses-20100713_sequ-2_ct.nii.gz
Processing CT file: sub-CTFU00926_ses-20171123_sequ-202_ct.nii.gz
Processing CT file: sub-CTFU00926_ses-20161208_sequ-203_ct.nii.gz
Processing CT file: sub-CTFU00926_ses-20151022_sequ-205_ct.nii.gz
Processing CT file: sub-MM00120_ses-20220224_sequ-202_ct.nii.gz
Processing CT file: sub-MM00157_ses-20160907_sequ-201_ct.nii.gz
Processing CT file: sub-CTFU03251_ses-20180906_sequ-202_ct.nii.gz
Processing CT file: sub-CTFU04045_ses-20200401_sequ-203_ct.nii.gz
Processing CT file: sub-CTFU04045_ses-20170728_sequ-201_ct.nii.gz
Processing CT file: sub-CTFU04045_ses-20180323_sequ-202_ct.nii.gz
Processing CT file: sub-CTFU04045_ses-20150518_sequ-3_ct.nii.gz
Processing CT file: sub-CTFU04045_ses-20210315_sequ-4_ct.nii.gz
Processing CT file: sub-CTFU04045_ses-20220303_sequ-204_ct.nii.gz
Processing CT file: sub-CTFU04045_ses-20160506_sequ-3_ct.nii.gz
Processing CT file: sub-CTFU04045_ses-20160506_sequ-4_ct.nii.gz
Processing CT file: sub-CTFU00200_ses-20100426_sequ-2_ct.nii.gz
Processing CT file: sub-CTFU00200_ses-20070308_sequ-2_ct.nii.gz
Processing CT file: sub-CTFU00200_ses-20160510_sequ-3_ct.nii.gz
Processing CT file: sub-CTFU00200_ses-20080305_sequ-2_ct.nii.gz
Processing CT file: sub-CTFU00200_ses-20110901_sequ-2_ct.nii.gz
Processing CT file: sub-CTFU00200_ses-20120720_sequ-3_ct.nii.gz
Processing CT file: sub-CTFU00200_ses-20170721_sequ-201_ct.nii.gz
Processing CT file: sub-CTFU00200_ses-20131122_sequ-3_ct.nii.gz
Processing CT file: sub-CTFU00200_ses-20210120_sequ-203_ct.nii.gz
Processing CT file: sub-CTFU00200_ses-20150625_sequ-3_ct.nii.gz
Processing CT file: sub-CTFU00200_ses-20060406_sequ-3_ct.nii.gz
Processing CT file: sub-CTFU00200_ses-20060406_sequ-2_ct.nii.gz
Processing CT file: sub-CTFU00200_ses-20190502_sequ-202_ct.nii.gz
Processing CT file: sub-CTFU00200_ses-20090527_sequ-2_ct.nii.gz
Processing CT file: sub-CTFU00200_ses-20191119_sequ-202_ct.nii.gz
Processing CT file: sub-CTFU00200_ses-20220126_sequ-203_ct.nii.gz
Processing CT file: sub-CTFU02074_ses-20160113_sequ-3_ct.nii.gz
Processing CT file: sub-CTFU02074_ses-20141006_sequ-3_ct.nii.gz
Processing CT file: sub-CTFU02074_ses-20121001_sequ-3_ct.nii.gz
Processing CT file: sub-CTFU02074_ses-20131008_sequ-3_ct.nii.gz
Processing CT file: sub-CTFU02074_ses-20111115_sequ-3_ct.nii.gz
Processing CT file: sub-CTFU02074_ses-20100930_sequ-2_ct.nii.gz
Processing CT file: sub-MM00015_ses-20211006_sequ-203_ct.nii.gz
Processing CT file: sub-MM00015_ses-20191108_sequ-202_ct.nii.gz
Processing CT file: sub-MM00062_ses-20190805_sequ-202_ct.nii.gz
Processing CT file: sub-MM00068_ses-20190409_sequ-202_ct.nii.gz
Processing CT file: sub-MM00165_ses-20141219_sequ-3_ct.nii.gz
Processing CT file: sub-MM00165_ses-20150714_sequ-3_ct.nii.gz
Processing CT file: sub-MM00165_ses-20140709_sequ-3_ct.nii.gz
Processing CT file: sub-MM00112_ses-20160728_sequ-201_ct.nii.gz
Processing CT file: sub-MM00086_ses-20191104_sequ-202_ct.nii.gz
Processing CT file: sub-CTFU04695_ses-20211119_sequ-203_ct.nii.gz
Processing CT file: sub-CTFU04695_ses-20130117_sequ-3_ct.nii.gz
Processing CT file: sub-CTFU04695_ses-20190205_sequ-20299_ct.nii.gz
Processing CT file: sub-CTFU04695_ses-20140721_sequ-3_ct.nii.gz
Processing CT file: sub-MM00215_ses-20141020_sequ-3_ct.nii.gz
Processing CT file: sub-MM00215_ses-20150205_sequ-3_ct.nii.gz
Processing CT file: sub-MM00161_ses-20180612_sequ-202_ct.nii.gz
Processing CT file: sub-MM00161_ses-20180612_sequ-201_ct.nii.gz
Processing CT file: sub-MM00161_ses-20210421_sequ-203_ct.nii.gz
Processing CT file: sub-MM00161_ses-20160518_sequ-3_ct.nii.gz
Processing CT file: sub-MM00161_ses-20190704_sequ-202_ct.nii.gz
Processing CT file: sub-MM00161_ses-20160916_sequ-201_ct.nii.gz
Processing CT file: sub-MM00161_ses-20190930_sequ-202_ct.nii.gz
Processing CT file: sub-MM00082_ses-20150723_sequ-3_ct.nii.gz
Processing CT file: sub-MM00011_ses-20210907_sequ-None_ct.nii.gz
Processing CT file: sub-MM00066_ses-20210317_sequ-206_ct.nii.gz
Processing CT file: sub-CTFU00099_ses-20061124_sequ-3_ct.nii.gz
Processing CT file: sub-CTFU00099_ses-20090302_sequ-2_ct.nii.gz
Processing CT file: sub-CTFU00099_ses-20090302_sequ-4_ct.nii.gz
Processing CT file: sub-CTFU00099_ses-20101025_sequ-2_ct.nii.gz
Processing CT file: sub-CTFU00099_ses-20191209_sequ-202_ct.nii.gz
Processing CT file: sub-MM00250_ses-20211123_sequ-203_ct.nii.gz
Processing CT file: sub-MM00227_ses-20200121_sequ-202_ct.nii.gz
Processing CT file: sub-MM00227_ses-20190617_sequ--1_ct.nii.gz
Processing CT file: sub-MM00227_ses-20190821_sequ-202_ct.nii.gz
Processing CT file: sub-CTFU01114_ses-20151105_sequ-3_ct.nii.gz
Processing CT file: sub-CTFU01114_ses-20111026_sequ-402_ct.nii.gz
Processing CT file: sub-CTFU01114_ses-20220126_sequ-204_ct.nii.gz
Processing CT file: sub-CTFU01114_ses-20141105_sequ-3_ct.nii.gz
Processing CT file: sub-CTFU01114_ses-20200120_sequ-202_ct.nii.gz
Processing CT file: sub-CTFU01114_ses-20161103_sequ-201_ct.nii.gz
Processing CT file: sub-CTFU01114_ses-20131119_sequ-3_ct.nii.gz
Processing CT file: sub-CTFU01114_ses-20181108_sequ-202_ct.nii.gz
Processing CT file: sub-CTFU01114_ses-20130418_sequ-3_ct.nii.gz
Processing CT file: sub-CTFU01114_ses-20171018_sequ-202_ct.nii.gz
Processing CT file: sub-CTFU01114_ses-20120712_sequ-3_ct.nii.gz
Processing CT file: sub-MM00029_ses-20210618_sequ-201_ct.nii.gz
Processing CT file: sub-MM00029_ses-20211222_sequ-202_ct.nii.gz
Processing CT file: sub-MM00159_ses-20150901_sequ-3_ct.nii.gz
Processing CT file: sub-MM00159_ses-20171107_sequ-202_ct.nii.gz
Processing CT file: sub-MM00159_ses-20170831_sequ-202_ct.nii.gz
Processing CT file: sub-MM00054_ses-20161024_sequ-201_ct.nii.gz
Processing CT file: sub-MM00206_ses-20160530_sequ-3_ct.nii.gz
Processing CT file: sub-MM00206_ses-20151015_sequ-3_ct.nii.gz
Processing CT file: sub-MM00206_ses-20141113_sequ-3_ct.nii.gz
Processing CT file: sub-MM00206_ses-20140502_sequ-3_ct.nii.gz
Processing CT file: sub-MM00206_ses-20160324_sequ-3_ct.nii.gz
Processing CT file: sub-MM00206_ses-20150630_sequ-3_ct.nii.gz
Processing CT file: sub-CTFU02087_ses-20120906_sequ-3_ct.nii.gz
Processing CT file: sub-CTFU02113_ses-20180425_sequ-202_ct.nii.gz
Processing CT file: sub-CTFU02113_ses-20140217_sequ-3_ct.nii.gz
Processing CT file: sub-CTFU02113_ses-20190425_sequ-202_ct.nii.gz
Processing CT file: sub-CTFU02113_ses-20190425_sequ-208_ct.nii.gz
Processing CT file: sub-CTFU02113_ses-20101001_sequ-2_ct.nii.gz
Processing CT file: sub-CTFU02113_ses-20201102_sequ-203_ct.nii.gz
Processing CT file: sub-CTFU02113_ses-20160418_sequ-3_ct.nii.gz
Processing CT file: sub-CTFU02113_ses-20170424_sequ-201_ct.nii.gz
Processing CT file: sub-CTFU02113_ses-20120305_sequ-3_ct.nii.gz
Processing CT file: sub-CTFU02113_ses-20110314_sequ-2_ct.nii.gz
Processing CT file: sub-CTFU02113_ses-20191119_sequ--1_ct.nii.gz
Processing CT file: sub-MM00008_ses-20180308_sequ-202_ct.nii.gz
Processing CT file: sub-MM00008_ses-20170928_sequ-202_ct.nii.gz
Processing CT file: sub-MM00008_ses-20181221_sequ-202_ct.nii.gz
Processing CT file: sub-MM00008_ses-20160225_sequ-3_ct.nii.gz
Processing CT file: sub-MM00172_ses-20210820_sequ-203_ct.nii.gz
Processing CT file: sub-MM00091_ses-20200818_sequ-203_ct.nii.gz
Processing CT file: sub-MM00105_ses-20180705_sequ-202_ct.nii.gz
Processing CT file: sub-MM00234_ses-20210705_sequ-203_ct.nii.gz
Processing CT file: sub-CTFU04060_ses-20190606_sequ-202_ct.nii.gz
Processing CT file: sub-MM00249_ses-20210504_sequ-203_ct.nii.gz
Processing CT file: sub-MM00047_ses-20210301_sequ-203_ct.nii.gz
Processing CT file: sub-MM00030_ses-20160613_sequ-3_ct.nii.gz
Processing CT file: sub-CTFU00931_ses-20110923_sequ-2_ct.nii.gz
Processing CT file: sub-CTFU00931_ses-20161229_sequ-202_ct.nii.gz
Processing CT file: sub-CTFU00931_ses-20090902_sequ-2_ct.nii.gz
Processing CT file: sub-CTFU00931_ses-20160510_sequ-3_ct.nii.gz
Processing CT file: sub-CTFU00931_ses-20140605_sequ-3_ct.nii.gz
Processing CT file: sub-CTFU00931_ses-20120712_sequ-3_ct.nii.gz
Processing CT file: sub-CTFU00931_ses-20140814_sequ-2_ct.nii.gz
Processing CT file: sub-CTFU00931_ses-20101006_sequ-2_ct.nii.gz
Processing CT file: sub-CTFU00931_ses-20130314_sequ-3_ct.nii.gz
Processing CT file: sub-CTFU00931_ses-20131004_sequ-3_ct.nii.gz
Processing CT file: sub-CTFU00931_ses-20171213_sequ--1_ct.nii.gz
Processing CT file: sub-CTFU00931_ses-20150818_sequ-3_ct.nii.gz
Processing CT file: sub-CTFU00931_ses-20100420_sequ-2_ct.nii.gz
Processing CT file: sub-CTFU00931_ses-20100420_sequ-4_ct.nii.gz
Processing CT file: sub-CTFU00931_ses-20140129_sequ-3_ct.nii.gz
Processing CT file: sub-CTFU00931_ses-20130709_sequ-3_ct.nii.gz
Processing CT file: sub-MM00137_ses-20190228_sequ-206_ct.nii.gz
Processing CT file: sub-MM00137_ses-20190228_sequ-202_ct.nii.gz
Processing CT file: sub-MM00137_ses-20210504_sequ-None_ct.nii.gz
Processing CT file: sub-MM00137_ses-20200511_sequ-202_ct.nii.gz
Processing CT file: sub-MM00140_ses-20141117_sequ-3_ct.nii.gz
Processing CT file: sub-MM00140_ses-20151014_sequ-5_ct.nii.gz
Processing CT file: sub-MM00140_ses-20150210_sequ-5_ct.nii.gz
Processing CT file: sub-MM00140_ses-20150210_sequ-3_ct.nii.gz
Processing CT file: sub-MM00140_ses-20161012_sequ-201_ct.nii.gz
Processing CT file: sub-MM00037_ses-20200918_sequ-11_ct.nii.gz
Processing CT file: sub-MM00037_ses-20220221_sequ-204_ct.nii.gz
Processing CT file: sub-MM00037_ses-20210909_sequ-204_ct.nii.gz
Processing CT file: sub-MM00037_ses-20190510_sequ-202_ct.nii.gz
Processing CT file: sub-MM00040_ses-20150218_sequ-3_ct.nii.gz
Processing CT file: sub-MM00233_ses-20180622_sequ-202_ct.nii.gz
Processing CT file: sub-MM00233_ses-20161223_sequ-202_ct.nii.gz
Processing CT file: sub-MM00244_ses-20170601_sequ-201_ct.nii.gz
Processing CT file: sub-MM00239_ses-20141219_sequ-5_ct.nii.gz
Processing CT file: sub-MM00239_ses-20151130_sequ-3_ct.nii.gz
Processing CT file: sub-MM00239_ses-20110928_sequ-2_ct.nii.gz
Processing CT file: sub-MM00239_ses-20130820_sequ-3_ct.nii.gz
Processing CT file: sub-MM00239_ses-20120202_sequ-3_ct.nii.gz
Processing CT file: sub-MM00108_ses-20190523_sequ-202_ct.nii.gz
Processing CT file: sub-MM00072_ses-20190820_sequ-202_ct.nii.gz
Processing CT file: sub-MM00191_ses-20180502_sequ-202_ct.nii.gz
Processing CT file: sub-MM00005_ses-20210611_sequ-203_ct.nii.gz
Processing CT file: sub-MM00102_ses-20170117_sequ-201_ct.nii.gz
Processing CT file: sub-MM00096_ses-20150327_sequ-3_ct.nii.gz
Processing CT file: sub-MM00096_ses-20150327_sequ-5_ct.nii.gz
Processing CT file: sub-MM00078_ses-20180802_sequ-202_ct.nii.gz
Processing CT file: sub-MM00201_ses-20151009_sequ-3_ct.nii.gz
Processing CT file: sub-CTFU02114_ses-20180627_sequ-202_ct.nii.gz
Processing CT file: sub-CTFU02080_ses-20180912_sequ-202_ct.nii.gz
Processing CT file: sub-CTFU04842_ses-20140605_sequ-3_ct.nii.gz
Processing CT file: sub-CTFU04842_ses-20190329_sequ-202_ct.nii.gz
Processing CT file: sub-CTFU04842_ses-20170425_sequ-301_ct.nii.gz
Processing CT file: sub-CTFU04842_ses-20130225_sequ-4_ct.nii.gz
Processing CT file: sub-CTFU04842_ses-20180417_sequ-202_ct.nii.gz
Processing CT file: sub-CTFU04842_ses-20130912_sequ-3_ct.nii.gz
Processing CT file: sub-CTFU04842_ses-20130528_sequ-3_ct.nii.gz
Processing CT file: sub-CTFU04842_ses-20191025_sequ-202_ct.nii.gz
Processing CT file: sub-MM00059_ses-20200901_sequ-203_ct.nii.gz
Processing CT file: sub-MM00059_ses-20211130_sequ-203_ct.nii.gz
Processing CT file: sub-MM00059_ses-20210901_sequ-None_ct.nii.gz
Processing CT file: sub-MM00059_ses-20210901_sequ-203_ct.nii.gz
Processing CT file: sub-MM00059_ses-20190801_sequ-202_ct.nii.gz
Processing CT file: sub-MM00154_ses-20160217_sequ-3_ct.nii.gz
Processing CT file: sub-MM00154_ses-20191119_sequ-202_ct.nii.gz
Processing CT file: sub-MM00154_ses-20180716_sequ-202_ct.nii.gz
Processing CT file: sub-MM00154_ses-20210712_sequ-203_ct.nii.gz
Processing CT file: sub-MM00154_ses-20171030_sequ-202_ct.nii.gz
Processing CT file: sub-MM00154_ses-20200505_sequ-203_ct.nii.gz
Processing CT file: sub-MM00123_ses-20210922_sequ-203_ct.nii.gz
Processing CT file: sub-MM00024_ses-20160517_sequ-3_ct.nii.gz
Processing CT file: sub-MM00024_ses-20160818_sequ-302_ct.nii.gz
Processing CT file: sub-MM00024_ses-20210608_sequ-203_ct.nii.gz
Processing CT file: sub-MM00024_ses-20190509_sequ-202_ct.nii.gz
Processing CT file: sub-MM00024_ses-20200603_sequ-203_ct.nii.gz
Processing CT file: sub-MM00024_ses-20170125_sequ-201_ct.nii.gz
Processing CT file: sub-MM00024_ses-20180117_sequ-202_ct.nii.gz
Processing CT file: sub-MM00053_ses-20200220_sequ-202_ct.nii.gz
Processing CT file: sub-MM00053_ses-20210924_sequ-204_ct.nii.gz
Processing CT file: sub-MM00129_ses-20200615_sequ-203_ct.nii.gz
Processing CT file: sub-MM00111_ses-20120912_sequ-3_ct.nii.gz
Processing CT file: sub-MM00166_ses-20190923_sequ-202_ct.nii.gz
Processing CT file: sub-MM00166_ses-20170719_sequ-201_ct.nii.gz
Processing CT file: sub-MM00166_ses-20181029_sequ-202_ct.nii.gz
Processing CT file: sub-MM00166_ses-20160818_sequ-3_ct.nii.gz
Processing CT file: sub-MM00166_ses-20220211_sequ-202_ct.nii.gz
Processing CT file: sub-MM00166_ses-20180803_sequ--1_ct.nii.gz
Processing CT file: sub-MM00166_ses-20210211_sequ-203_ct.nii.gz
Processing CT file: sub-MM00166_ses-20160322_sequ-3_ct.nii.gz
Processing CT file: sub-MM00061_ses-20210429_sequ-202_ct.nii.gz
Processing CT file: sub-MM00061_ses-20210429_sequ-203_ct.nii.gz
Processing CT file: sub-MM00182_ses-20180108_sequ-202_ct.nii.gz
Processing CT file: sub-MM00182_ses-20201019_sequ-203_ct.nii.gz
Processing CT file: sub-MM00182_ses-20190108_sequ--1_ct.nii.gz
Processing CT file: sub-MM00182_ses-20191030_sequ-202_ct.nii.gz
Processing CT file: sub-MM00182_ses-20211012_sequ-203_ct.nii.gz
Processing CT file: sub-MM00182_ses-20161209_sequ-201_ct.nii.gz
Processing CT file: sub-MM00016_ses-20190425_sequ-202_ct.nii.gz
Processing CT file: sub-CTFU04672_ses-20210224_sequ-202_ct.nii.gz
Processing CT file: sub-CTFU04672_ses-20160210_sequ-3_ct.nii.gz
Processing CT file: sub-CTFU04672_ses-20200115_sequ-202_ct.nii.gz
Processing CT file: sub-CTFU04672_ses-20130704_sequ-3_ct.nii.gz
Processing CT file: sub-CTFU04672_ses-20141210_sequ-3_ct.nii.gz
Processing CT file: sub-CTFU04672_ses-20170905_sequ-202_ct.nii.gz
Processing CT file: sub-CTFU04672_ses-20220223_sequ-203_ct.nii.gz
Processing CT file: sub-CTFU04672_ses-20180920_sequ-202_ct.nii.gz
Processing CT file: sub-CTFU01051_ses-20110119_sequ-2_ct.nii.gz
Processing CT file: sub-CTFU01051_ses-20120621_sequ-3_ct.nii.gz
Processing CT file: sub-CTFU01051_ses-20190603_sequ-202_ct.nii.gz
Processing CT file: sub-CTFU01051_ses-20130430_sequ-3_ct.nii.gz
Processing CT file: sub-CTFU01051_ses-20130430_sequ-2_ct.nii.gz
Processing CT file: sub-CTFU01051_ses-20160329_sequ-3_ct.nii.gz
Processing CT file: sub-CTFU01051_ses-20170614_sequ-202_ct.nii.gz
Processing CT file: sub-CTFU01051_ses-20140401_sequ-3_ct.nii.gz
Processing CT file: sub-CTFU01051_ses-20150331_sequ-4_ct.nii.gz
Processing CT file: sub-CTFU01051_ses-20150331_sequ-3_ct.nii.gz
Processing CT file: sub-CTFU02093_ses-20210204_sequ-203_ct.nii.gz
Processing CT file: sub-CTFU02093_ses-20220202_sequ-204_ct.nii.gz
Processing CT file: sub-CTFU02093_ses-20140109_sequ-3_ct.nii.gz
Processing CT file: sub-CTFU02093_ses-20180201_sequ--1_ct.nii.gz
Processing CT file: sub-CTFU02093_ses-20130115_sequ-3_ct.nii.gz
Processing CT file: sub-CTFU02093_ses-20190207_sequ-202_ct.nii.gz
Processing CT file: sub-CTFU02093_ses-20200206_sequ-202_ct.nii.gz
Processing CT file: sub-CTFU02093_ses-20161013_sequ-201_ct.nii.gz
Processing CT file: sub-CTFU02093_ses-20151001_sequ-3_ct.nii.gz
Processing CT file: sub-MM00212_ses-20220210_sequ-203_ct.nii.gz
Processing CT file: sub-MM00212_ses-20190516_sequ--1_ct.nii.gz
