
  0%|          | 0/700 [00:00<?, ?it/s]
  0%|          | 1/700 [00:00<09:13,  1.26it/s]
  1%|          | 4/700 [00:01<02:27,  4.71it/s]
  1%|          | 5/700 [00:01<02:13,  5.21it/s]
  1%|          | 6/700 [00:01<02:02,  5.65it/s]
  1%|          | 7/700 [00:01<01:54,  6.03it/s]
  1%|          | 8/700 [00:01<01:49,  6.33it/s]
  1%|▏         | 9/700 [00:01<01:45,  6.57it/s]
  1%|▏         | 10/700 [00:01<01:42,  6.74it/s]
  2%|▏         | 11/700 [00:01<01:40,  6.87it/s]
  2%|▏         | 12/700 [00:02<01:38,  6.97it/s]
  2%|▏         | 13/700 [00:02<01:37,  7.04it/s]
  2%|▏         | 14/700 [00:02<01:36,  7.09it/s]
  2%|▏         | 15/700 [00:02<01:36,  7.13it/s]
  2%|▏         | 16/700 [00:02<01:35,  7.15it/s]
  2%|▏         | 17/700 [00:02<01:35,  7.17it/s]
  3%|▎         | 18/700 [00:02<01:34,  7.18it/s]
  3%|▎         | 19/700 [00:03<01:34,  7.19it/s]
  3%|▎         | 20/700 [00:03<01:34,  7.19it/s]
  3%|▎         | 21/700 [00:03<01:34,  7.19it/s]
  3%|▎         | 22/700 [00:03<01:34,  7.18it/s]
  3%|▎         | 23/700 [00:03<01:34,  7.18it/s]
  3%|▎         | 24/700 [00:03<01:34,  7.18it/s]
  4%|▎         | 25/700 [00:03<01:34,  7.18it/s]
  4%|▎         | 26/700 [00:04<01:33,  7.18it/s]
  4%|▍         | 27/700 [00:04<01:33,  7.18it/s]
  4%|▍         | 28/700 [00:04<01:33,  7.19it/s]
  4%|▍         | 29/700 [00:04<01:33,  7.19it/s]
  4%|▍         | 30/700 [00:04<01:33,  7.19it/s]
  4%|▍         | 31/700 [00:04<01:33,  7.19it/s]
  5%|▍         | 32/700 [00:04<01:32,  7.19it/s]
  5%|▍         | 33/700 [00:05<01:32,  7.19it/s]
  5%|▍         | 34/700 [00:05<01:32,  7.19it/s]
  5%|▌         | 35/700 [00:05<01:32,  7.20it/s]
  5%|▌         | 36/700 [00:05<01:32,  7.20it/s]
  5%|▌         | 37/700 [00:05<01:32,  7.20it/s]
  5%|▌         | 38/700 [00:05<01:31,  7.20it/s]
  6%|▌         | 39/700 [00:05<01:31,  7.20it/s]
  6%|▌         | 40/700 [00:06<01:31,  7.20it/s]
  6%|▌         | 41/700 [00:06<01:31,  7.20it/s]
  6%|▌         | 42/700 [00:06<01:31,  7.20it/s]
  6%|▌         | 43/700 [00:06<01:31,  7.20it/s]
  6%|▋         | 44/700 [00:06<01:31,  7.19it/s]
  6%|▋         | 45/700 [00:06<01:31,  7.19it/s]
  7%|▋         | 46/700 [00:06<01:30,  7.19it/s]
  7%|▋         | 47/700 [00:06<01:30,  7.18it/s]
  7%|▋         | 48/700 [00:07<01:30,  7.19it/s]
  7%|▋         | 49/700 [00:07<01:30,  7.18it/s]
  7%|▋         | 50/700 [00:07<01:30,  7.18it/s]
  7%|▋         | 51/700 [00:07<01:30,  7.18it/s]
  7%|▋         | 52/700 [00:07<01:30,  7.18it/s]
  8%|▊         | 53/700 [00:07<01:30,  7.18it/s]
  8%|▊         | 54/700 [00:07<01:29,  7.19it/s]
  8%|▊         | 55/700 [00:08<01:29,  7.19it/s]
  8%|▊         | 56/700 [00:08<01:29,  7.19it/s]
  8%|▊         | 57/700 [00:08<01:29,  7.19it/s]
  8%|▊         | 58/700 [00:08<01:29,  7.19it/s]
  8%|▊         | 59/700 [00:08<01:29,  7.19it/s]
  9%|▊         | 60/700 [00:08<01:28,  7.19it/s]
  9%|▊         | 61/700 [00:08<01:28,  7.19it/s]
  9%|▉         | 62/700 [00:09<01:28,  7.19it/s]
  9%|▉         | 63/700 [00:09<01:28,  7.19it/s]
  9%|▉         | 64/700 [00:09<01:28,  7.19it/s]
  9%|▉         | 65/700 [00:09<01:28,  7.19it/s]
  9%|▉         | 66/700 [00:09<01:28,  7.19it/s]
 10%|▉         | 67/700 [00:09<01:28,  7.18it/s]
 10%|▉         | 68/700 [00:09<01:27,  7.18it/s]
 10%|▉         | 69/700 [00:10<01:27,  7.19it/s]
 10%|█         | 70/700 [00:10<01:27,  7.19it/s]
 10%|█         | 71/700 [00:10<01:27,  7.19it/s]
 10%|█         | 72/700 [00:10<01:27,  7.20it/s]
 10%|█         | 73/700 [00:10<01:27,  7.20it/s]
 11%|█         | 74/700 [00:10<01:26,  7.20it/s]
 11%|█         | 75/700 [00:10<01:26,  7.20it/s]
 11%|█         | 76/700 [00:11<01:26,  7.21it/s]
 11%|█         | 77/700 [00:11<01:26,  7.21it/s]
 11%|█         | 78/700 [00:11<01:26,  7.21it/s]
 11%|█▏        | 79/700 [00:11<01:26,  7.21it/s]
 11%|█▏        | 80/700 [00:11<01:26,  7.21it/s]
 12%|█▏        | 81/700 [00:11<01:25,  7.21it/s]
 12%|█▏        | 82/700 [00:11<01:25,  7.21it/s]
 12%|█▏        | 83/700 [00:12<01:25,  7.21it/s]
 12%|█▏        | 84/700 [00:12<01:25,  7.21it/s]
 12%|█▏        | 85/700 [00:12<01:25,  7.21it/s]
 12%|█▏        | 86/700 [00:12<01:25,  7.20it/s]
 12%|█▏        | 87/700 [00:12<01:25,  7.20it/s]
 13%|█▎        | 88/700 [00:12<01:24,  7.20it/s]
 13%|█▎        | 89/700 [00:12<01:24,  7.20it/s]
 13%|█▎        | 90/700 [00:12<01:24,  7.20it/s]
 13%|█▎        | 91/700 [00:13<01:24,  7.20it/s]
 13%|█▎        | 92/700 [00:13<01:24,  7.21it/s]
 13%|█▎        | 93/700 [00:13<01:24,  7.21it/s]
 13%|█▎        | 94/700 [00:13<01:24,  7.21it/s]
 14%|█▎        | 95/700 [00:13<01:23,  7.21it/s]
 14%|█▎        | 96/700 [00:13<01:23,  7.21it/s]
 14%|█▍        | 97/700 [00:13<01:23,  7.21it/s]
 14%|█▍        | 98/700 [00:14<01:23,  7.21it/s]
 14%|█▍        | 99/700 [00:14<01:23,  7.21it/s]
 14%|█▍        | 100/700 [00:14<01:23,  7.21it/s]
 14%|█▍        | 101/700 [00:14<01:23,  7.21it/s]
 15%|█▍        | 102/700 [00:14<01:23,  7.20it/s]
 15%|█▍        | 103/700 [00:14<01:22,  7.20it/s]
 15%|█▍        | 104/700 [00:14<01:22,  7.19it/s]
 15%|█▌        | 105/700 [00:15<01:22,  7.19it/s]
 15%|█▌        | 106/700 [00:15<01:22,  7.19it/s]
 15%|█▌        | 107/700 [00:15<01:22,  7.19it/s]
 15%|█▌        | 108/700 [00:15<01:22,  7.20it/s]
 16%|█▌        | 109/700 [00:15<01:22,  7.20it/s]
 16%|█▌        | 110/700 [00:15<01:21,  7.20it/s]
 16%|█▌        | 111/700 [00:15<01:21,  7.20it/s]
 16%|█▌        | 112/700 [00:16<01:21,  7.20it/s]
 16%|█▌        | 113/700 [00:16<01:21,  7.20it/s]
 16%|█▋        | 114/700 [00:16<01:21,  7.20it/s]
 16%|█▋        | 115/700 [00:16<01:21,  7.20it/s]
 17%|█▋        | 116/700 [00:16<01:21,  7.21it/s]
 17%|█▋        | 117/700 [00:16<01:20,  7.21it/s]
 17%|█▋        | 118/700 [00:16<01:20,  7.21it/s]
 17%|█▋        | 119/700 [00:17<01:20,  7.20it/s]
 17%|█▋        | 120/700 [00:17<01:20,  7.20it/s]
 17%|█▋        | 121/700 [00:17<01:20,  7.20it/s]
 17%|█▋        | 122/700 [00:17<01:20,  7.20it/s]
 18%|█▊        | 123/700 [00:17<01:20,  7.19it/s]
 18%|█▊        | 124/700 [00:17<01:20,  7.19it/s]
 18%|█▊        | 125/700 [00:17<01:19,  7.19it/s]
 18%|█▊        | 126/700 [00:17<01:19,  7.19it/s]
 18%|█▊        | 127/700 [00:18<01:19,  7.20it/s]
 18%|█▊        | 128/700 [00:18<01:19,  7.20it/s]
 18%|█▊        | 129/700 [00:18<01:19,  7.20it/s]
 19%|█▊        | 130/700 [00:18<01:19,  7.20it/s]
 19%|█▊        | 131/700 [00:18<01:19,  7.20it/s]
 19%|█▉        | 132/700 [00:18<01:18,  7.20it/s]
 19%|█▉        | 133/700 [00:18<01:18,  7.20it/s]
 19%|█▉        | 134/700 [00:19<01:18,  7.20it/s]
 19%|█▉        | 135/700 [00:19<01:18,  7.20it/s]
 19%|█▉        | 136/700 [00:19<01:18,  7.20it/s]
 20%|█▉        | 137/700 [00:19<01:18,  7.20it/s]
 20%|█▉        | 138/700 [00:19<01:18,  7.20it/s]
 20%|█▉        | 139/700 [00:19<01:17,  7.20it/s]
 20%|██        | 140/700 [00:19<01:17,  7.20it/s]
 20%|██        | 141/700 [00:20<01:17,  7.20it/s]
 20%|██        | 142/700 [00:20<01:17,  7.19it/s]
 20%|██        | 143/700 [00:20<01:17,  7.19it/s]
 21%|██        | 144/700 [00:20<01:17,  7.19it/s]
 21%|██        | 145/700 [00:20<01:17,  7.19it/s]
 21%|██        | 146/700 [00:20<01:17,  7.19it/s]
 21%|██        | 147/700 [00:20<01:16,  7.19it/s]
 21%|██        | 148/700 [00:21<01:16,  7.19it/s]
 21%|██▏       | 149/700 [00:21<01:16,  7.20it/s]
 21%|██▏       | 150/700 [00:21<01:16,  7.20it/s]
 22%|██▏       | 151/700 [00:21<01:16,  7.20it/s]
 22%|██▏       | 152/700 [00:21<01:16,  7.20it/s]
 22%|██▏       | 153/700 [00:21<01:15,  7.20it/s]
 22%|██▏       | 154/700 [00:21<01:15,  7.20it/s]
 22%|██▏       | 155/700 [00:22<01:15,  7.20it/s]
 22%|██▏       | 156/700 [00:22<01:15,  7.20it/s]
 22%|██▏       | 157/700 [00:22<01:15,  7.20it/s]
 23%|██▎       | 158/700 [00:22<01:15,  7.20it/s]
 23%|██▎       | 159/700 [00:22<01:15,  7.20it/s]
 23%|██▎       | 160/700 [00:22<01:14,  7.20it/s]
 23%|██▎       | 161/700 [00:22<01:14,  7.20it/s]
 23%|██▎       | 162/700 [00:22<01:14,  7.19it/s]
 23%|██▎       | 163/700 [00:23<01:14,  7.19it/s]
 23%|██▎       | 164/700 [00:23<01:14,  7.19it/s]
 24%|██▎       | 165/700 [00:23<01:14,  7.19it/s]
 24%|██▎       | 166/700 [00:23<01:14,  7.19it/s]
 24%|██▍       | 167/700 [00:23<01:14,  7.19it/s]
 24%|██▍       | 168/700 [00:23<01:13,  7.19it/s]
 24%|██▍       | 169/700 [00:23<01:13,  7.19it/s]
 24%|██▍       | 170/700 [00:24<01:13,  7.20it/s]
 24%|██▍       | 171/700 [00:24<01:13,  7.19it/s]
 25%|██▍       | 172/700 [00:24<01:13,  7.19it/s]
 25%|██▍       | 173/700 [00:24<01:13,  7.19it/s]
 25%|██▍       | 174/700 [00:24<01:13,  7.19it/s]
 25%|██▌       | 175/700 [00:24<01:13,  7.19it/s]
 25%|██▌       | 176/700 [00:24<01:12,  7.19it/s]
 25%|██▌       | 177/700 [00:25<01:12,  7.19it/s]
 25%|██▌       | 178/700 [00:25<01:12,  7.19it/s]
 26%|██▌       | 179/700 [00:25<01:12,  7.19it/s]
 26%|██▌       | 180/700 [00:25<01:12,  7.19it/s]
 26%|██▌       | 181/700 [00:25<01:12,  7.19it/s]
 26%|██▌       | 182/700 [00:25<01:12,  7.18it/s]
 26%|██▌       | 183/700 [00:25<01:11,  7.18it/s]
 26%|██▋       | 184/700 [00:26<01:11,  7.18it/s]
 26%|██▋       | 185/700 [00:26<01:11,  7.18it/s]
 27%|██▋       | 186/700 [00:26<01:11,  7.18it/s]
 27%|██▋       | 187/700 [00:26<01:11,  7.18it/s]
 27%|██▋       | 188/700 [00:26<01:11,  7.18it/s]
 27%|██▋       | 189/700 [00:26<01:11,  7.18it/s]
 27%|██▋       | 190/700 [00:26<01:11,  7.18it/s]
 27%|██▋       | 191/700 [00:27<01:10,  7.18it/s]
 27%|██▋       | 192/700 [00:27<01:10,  7.18it/s]
 28%|██▊       | 193/700 [00:27<01:10,  7.18it/s]
 28%|██▊       | 194/700 [00:27<01:10,  7.18it/s]
 28%|██▊       | 195/700 [00:27<01:10,  7.18it/s]
 28%|██▊       | 196/700 [00:27<01:10,  7.18it/s]
 28%|██▊       | 197/700 [00:27<01:10,  7.18it/s]
 28%|██▊       | 198/700 [00:27<01:09,  7.19it/s]
 28%|██▊       | 199/700 [00:28<01:09,  7.19it/s]
 29%|██▊       | 200/700 [00:28<01:09,  7.19it/s]
 29%|██▊       | 201/700 [00:28<01:09,  7.19it/s]
 29%|██▉       | 202/700 [00:28<01:09,  7.19it/s]
 29%|██▉       | 203/700 [00:28<01:09,  7.19it/s]
 29%|██▉       | 204/700 [00:28<01:09,  7.19it/s]
 29%|██▉       | 205/700 [00:28<01:08,  7.19it/s]
 29%|██▉       | 206/700 [00:29<01:08,  7.19it/s]
 30%|██▉       | 207/700 [00:29<01:08,  7.18it/s]
 30%|██▉       | 208/700 [00:29<01:08,  7.18it/s]
 30%|██▉       | 209/700 [00:29<01:08,  7.18it/s]
 30%|███       | 210/700 [00:29<01:08,  7.18it/s]
 30%|███       | 211/700 [00:29<01:08,  7.18it/s]
 30%|███       | 212/700 [00:29<01:08,  7.18it/s]
 30%|███       | 213/700 [00:30<01:07,  7.17it/s]
 31%|███       | 214/700 [00:30<01:07,  7.17it/s]
 31%|███       | 215/700 [00:30<01:07,  7.17it/s]
 31%|███       | 216/700 [00:30<01:07,  7.17it/s]
 31%|███       | 217/700 [00:30<01:07,  7.17it/s]
 31%|███       | 218/700 [00:30<01:07,  7.17it/s]
 31%|███▏      | 219/700 [00:30<01:07,  7.17it/s]
 31%|███▏      | 220/700 [00:31<01:06,  7.17it/s]
 32%|███▏      | 221/700 [00:31<01:06,  7.17it/s]
 32%|███▏      | 222/700 [00:31<01:06,  7.17it/s]
 32%|███▏      | 223/700 [00:31<01:06,  7.18it/s]
 32%|███▏      | 224/700 [00:31<01:06,  7.17it/s]
 32%|███▏      | 225/700 [00:31<01:06,  7.17it/s]
 32%|███▏      | 226/700 [00:31<01:06,  7.17it/s]
 32%|███▏      | 227/700 [00:32<01:05,  7.18it/s]
 33%|███▎      | 228/700 [00:32<01:05,  7.18it/s]
 33%|███▎      | 229/700 [00:32<01:05,  7.18it/s]
 33%|███▎      | 230/700 [00:32<01:05,  7.19it/s]
 33%|███▎      | 231/700 [00:32<01:05,  7.18it/s]
 33%|███▎      | 232/700 [00:32<01:05,  7.18it/s]
 33%|███▎      | 233/700 [00:32<01:05,  7.18it/s]
 33%|███▎      | 234/700 [00:32<01:04,  7.18it/s]
 34%|███▎      | 235/700 [00:33<01:04,  7.18it/s]
 34%|███▎      | 236/700 [00:33<01:04,  7.18it/s]
 34%|███▍      | 237/700 [00:33<01:04,  7.18it/s]
 34%|███▍      | 238/700 [00:33<01:04,  7.18it/s]
 34%|███▍      | 239/700 [00:33<01:04,  7.18it/s]
 34%|███▍      | 240/700 [00:33<01:04,  7.18it/s]
 34%|███▍      | 241/700 [00:33<01:03,  7.18it/s]
 35%|███▍      | 242/700 [00:34<01:03,  7.18it/s]
 35%|███▍      | 243/700 [00:34<01:03,  7.18it/s]
 35%|███▍      | 244/700 [00:34<01:03,  7.18it/s]
 35%|███▌      | 245/700 [00:34<01:03,  7.17it/s]
 35%|███▌      | 246/700 [00:34<01:03,  7.17it/s]
 35%|███▌      | 247/700 [00:34<01:03,  7.17it/s]
 35%|███▌      | 248/700 [00:34<01:03,  7.17it/s]
 36%|███▌      | 249/700 [00:35<01:02,  7.17it/s]
 36%|███▌      | 250/700 [00:35<01:02,  7.17it/s]
 36%|███▌      | 251/700 [00:35<01:02,  7.17it/s]
 36%|███▌      | 252/700 [00:35<01:02,  7.17it/s]
 36%|███▌      | 253/700 [00:35<01:02,  7.17it/s]
 36%|███▋      | 254/700 [00:35<01:02,  7.17it/s]
 36%|███▋      | 255/700 [00:35<01:02,  7.17it/s]
 37%|███▋      | 256/700 [00:36<01:01,  7.17it/s]
 37%|███▋      | 257/700 [00:36<01:01,  7.17it/s]
 37%|███▋      | 258/700 [00:36<01:01,  7.17it/s]
 37%|███▋      | 259/700 [00:36<01:01,  7.17it/s]
 37%|███▋      | 260/700 [00:36<01:01,  7.17it/s]
 37%|███▋      | 261/700 [00:36<01:01,  7.17it/s]
 37%|███▋      | 262/700 [00:36<01:01,  7.17it/s]
 38%|███▊      | 263/700 [00:37<01:00,  7.17it/s]
 38%|███▊      | 264/700 [00:37<01:00,  7.17it/s]
 38%|███▊      | 265/700 [00:37<01:00,  7.17it/s]
 38%|███▊      | 266/700 [00:37<01:00,  7.18it/s]
 38%|███▊      | 267/700 [00:37<01:00,  7.18it/s]
 38%|███▊      | 268/700 [00:37<01:00,  7.18it/s]
 38%|███▊      | 269/700 [00:37<01:00,  7.17it/s]
 39%|███▊      | 270/700 [00:38<00:59,  7.18it/s]
 39%|███▊      | 271/700 [00:38<00:59,  7.18it/s]
 39%|███▉      | 272/700 [00:38<01:00,  7.08it/s]
 39%|███▉      | 273/700 [00:38<00:59,  7.21it/s]
 39%|███▉      | 274/700 [00:38<00:59,  7.20it/s]
 39%|███▉      | 275/700 [00:38<00:59,  7.19it/s]
 39%|███▉      | 276/700 [00:38<00:59,  7.18it/s]
 40%|███▉      | 277/700 [00:38<00:58,  7.18it/s]
 40%|███▉      | 278/700 [00:39<00:58,  7.18it/s]
 40%|███▉      | 279/700 [00:39<00:58,  7.17it/s]
 40%|████      | 280/700 [00:39<00:58,  7.17it/s]
 40%|████      | 281/700 [00:39<00:59,  7.05it/s]
 40%|████      | 282/700 [00:39<00:58,  7.21it/s]
 40%|████      | 283/700 [00:39<00:57,  7.19it/s]
 41%|████      | 284/700 [00:39<00:57,  7.18it/s]
 41%|████      | 285/700 [00:40<00:57,  7.18it/s]
 41%|████      | 286/700 [00:40<00:57,  7.17it/s]
 41%|████      | 287/700 [00:40<00:57,  7.17it/s]
 41%|████      | 288/700 [00:40<00:57,  7.17it/s]
 41%|████▏     | 289/700 [00:40<00:57,  7.17it/s]
 41%|████▏     | 290/700 [00:40<00:57,  7.16it/s]
 42%|████▏     | 291/700 [00:40<00:57,  7.17it/s]
 42%|████▏     | 292/700 [00:41<00:56,  7.17it/s]
 42%|████▏     | 293/700 [00:41<00:56,  7.16it/s]
 42%|████▏     | 294/700 [00:41<00:56,  7.16it/s]
 42%|████▏     | 295/700 [00:41<00:56,  7.16it/s]
 42%|████▏     | 296/700 [00:41<00:56,  7.16it/s]
 42%|████▏     | 297/700 [00:41<00:56,  7.16it/s]
 43%|████▎     | 298/700 [00:41<00:56,  7.17it/s]
 43%|████▎     | 299/700 [00:42<00:55,  7.16it/s]
 43%|████▎     | 300/700 [00:42<00:55,  7.16it/s]
 43%|████▎     | 301/700 [00:42<00:55,  7.17it/s]
 43%|████▎     | 302/700 [00:42<00:55,  7.17it/s]
 43%|████▎     | 303/700 [00:42<00:55,  7.17it/s]
 43%|████▎     | 304/700 [00:42<00:55,  7.17it/s]
 44%|████▎     | 305/700 [00:42<00:55,  7.16it/s]
 44%|████▎     | 306/700 [00:43<00:54,  7.16it/s]
 44%|████▍     | 307/700 [00:43<00:54,  7.17it/s]
 44%|████▍     | 308/700 [00:43<00:54,  7.17it/s]
 44%|████▍     | 309/700 [00:43<00:54,  7.17it/s]
 44%|████▍     | 310/700 [00:43<00:54,  7.17it/s]
 44%|████▍     | 311/700 [00:43<00:54,  7.18it/s]
 45%|████▍     | 312/700 [00:43<00:54,  7.18it/s]
 45%|████▍     | 313/700 [00:44<00:53,  7.18it/s]
 45%|████▍     | 314/700 [00:44<00:53,  7.17it/s]
 45%|████▌     | 315/700 [00:44<00:53,  7.17it/s]
 45%|████▌     | 316/700 [00:44<00:53,  7.17it/s]
 45%|████▌     | 317/700 [00:44<00:53,  7.17it/s]
 45%|████▌     | 318/700 [00:44<00:53,  7.17it/s]
 46%|████▌     | 319/700 [00:44<00:53,  7.17it/s]
 46%|████▌     | 320/700 [00:44<00:53,  7.17it/s]
 46%|████▌     | 321/700 [00:45<00:52,  7.17it/s]
 46%|████▌     | 322/700 [00:45<00:52,  7.17it/s]
 46%|████▌     | 323/700 [00:45<00:52,  7.17it/s]
 46%|████▋     | 324/700 [00:45<00:52,  7.17it/s]
 46%|████▋     | 325/700 [00:45<00:52,  7.17it/s]
 47%|████▋     | 326/700 [00:45<00:52,  7.17it/s]
 47%|████▋     | 327/700 [00:45<00:52,  7.17it/s]
 47%|████▋     | 328/700 [00:46<00:51,  7.16it/s]
 47%|████▋     | 329/700 [00:46<00:51,  7.16it/s]
 47%|████▋     | 330/700 [00:46<00:51,  7.16it/s]
 47%|████▋     | 331/700 [00:46<00:51,  7.16it/s]
 47%|████▋     | 332/700 [00:46<00:51,  7.16it/s]
 48%|████▊     | 333/700 [00:46<00:51,  7.16it/s]
 48%|████▊     | 334/700 [00:46<00:51,  7.16it/s]
 48%|████▊     | 335/700 [00:47<00:51,  7.16it/s]
 48%|████▊     | 336/700 [00:47<00:50,  7.15it/s]
 48%|████▊     | 337/700 [00:47<00:50,  7.15it/s]
 48%|████▊     | 338/700 [00:47<00:50,  7.15it/s]
 48%|████▊     | 339/700 [00:47<00:50,  7.15it/s]
 49%|████▊     | 340/700 [00:47<00:50,  7.15it/s]
 49%|████▊     | 341/700 [00:47<00:50,  7.15it/s]
 49%|████▉     | 342/700 [00:48<00:50,  7.15it/s]
 49%|████▉     | 343/700 [00:48<00:49,  7.15it/s]
 49%|████▉     | 344/700 [00:48<00:49,  7.16it/s]
 49%|████▉     | 345/700 [00:48<00:49,  7.16it/s]
 49%|████▉     | 346/700 [00:48<00:49,  7.16it/s]
 50%|████▉     | 347/700 [00:48<00:49,  7.16it/s]
 50%|████▉     | 348/700 [00:48<00:49,  7.16it/s]
 50%|████▉     | 349/700 [00:49<00:49,  7.16it/s]
 50%|█████     | 350/700 [00:49<00:48,  7.16it/s]
 50%|█████     | 351/700 [00:49<00:48,  7.16it/s]
 50%|█████     | 352/700 [00:49<00:48,  7.16it/s]
 50%|█████     | 353/700 [00:49<00:48,  7.15it/s]
 51%|█████     | 354/700 [00:49<00:48,  7.15it/s]
 51%|█████     | 355/700 [00:49<00:48,  7.16it/s]
 51%|█████     | 356/700 [00:50<00:48,  7.15it/s]
 51%|█████     | 357/700 [00:50<00:47,  7.15it/s]
 51%|█████     | 358/700 [00:50<00:47,  7.16it/s]
 51%|█████▏    | 359/700 [00:50<00:47,  7.16it/s]
 51%|█████▏    | 360/700 [00:50<00:47,  7.15it/s]
 52%|█████▏    | 361/700 [00:50<00:47,  7.15it/s]
 52%|█████▏    | 362/700 [00:50<00:47,  7.16it/s]
 52%|█████▏    | 363/700 [00:51<00:47,  7.16it/s]
 52%|█████▏    | 364/700 [00:51<00:46,  7.16it/s]
 52%|█████▏    | 365/700 [00:51<00:46,  7.16it/s]
 52%|█████▏    | 366/700 [00:51<00:46,  7.16it/s]
 52%|█████▏    | 367/700 [00:51<00:46,  7.17it/s]
 53%|█████▎    | 368/700 [00:51<00:46,  7.17it/s]
 53%|█████▎    | 369/700 [00:51<00:46,  7.17it/s]
 53%|█████▎    | 370/700 [00:51<00:46,  7.17it/s]
 53%|█████▎    | 371/700 [00:52<00:45,  7.17it/s]
 53%|█████▎    | 372/700 [00:52<00:45,  7.18it/s]
 53%|█████▎    | 373/700 [00:52<00:45,  7.17it/s]
 53%|█████▎    | 374/700 [00:52<00:45,  7.17it/s]
 54%|█████▎    | 375/700 [00:52<00:45,  7.17it/s]
 54%|█████▎    | 376/700 [00:52<00:45,  7.17it/s]
 54%|█████▍    | 377/700 [00:52<00:45,  7.17it/s]
 54%|█████▍    | 378/700 [00:53<00:44,  7.17it/s]
 54%|█████▍    | 379/700 [00:53<00:44,  7.17it/s]
 54%|█████▍    | 380/700 [00:53<00:44,  7.17it/s]
 54%|█████▍    | 381/700 [00:53<00:44,  7.17it/s]
 55%|█████▍    | 382/700 [00:53<00:44,  7.17it/s]
 55%|█████▍    | 383/700 [00:53<00:44,  7.17it/s]
 55%|█████▍    | 384/700 [00:53<00:44,  7.17it/s]
 55%|█████▌    | 385/700 [00:54<00:43,  7.17it/s]
 55%|█████▌    | 386/700 [00:54<00:43,  7.16it/s]
 55%|█████▌    | 387/700 [00:54<00:43,  7.17it/s]
 55%|█████▌    | 388/700 [00:54<00:43,  7.16it/s]
 56%|█████▌    | 389/700 [00:54<00:43,  7.16it/s]
 56%|█████▌    | 390/700 [00:54<00:43,  7.16it/s]
 56%|█████▌    | 391/700 [00:54<00:43,  7.16it/s]
 56%|█████▌    | 392/700 [00:55<00:43,  7.16it/s]
 56%|█████▌    | 393/700 [00:55<00:42,  7.16it/s]
 56%|█████▋    | 394/700 [00:55<00:42,  7.16it/s]
 56%|█████▋    | 395/700 [00:55<00:42,  7.16it/s]
 57%|█████▋    | 396/700 [00:55<00:42,  7.15it/s]
 57%|█████▋    | 397/700 [00:55<00:42,  7.15it/s]
 57%|█████▋    | 398/700 [00:55<00:42,  7.15it/s]
 57%|█████▋    | 399/700 [00:56<00:42,  7.16it/s]
 57%|█████▋    | 400/700 [00:56<00:41,  7.16it/s]
 57%|█████▋    | 401/700 [00:56<00:41,  7.16it/s]
 57%|█████▋    | 402/700 [00:56<00:41,  7.15it/s]
 58%|█████▊    | 403/700 [00:56<00:41,  7.15it/s]
 58%|█████▊    | 404/700 [00:56<00:41,  7.15it/s]
 58%|█████▊    | 405/700 [00:56<00:41,  7.15it/s]
 58%|█████▊    | 406/700 [00:57<00:41,  7.16it/s]
 58%|█████▊    | 407/700 [00:57<00:40,  7.16it/s]
 58%|█████▊    | 408/700 [00:57<00:40,  7.16it/s]
 58%|█████▊    | 409/700 [00:57<00:40,  7.16it/s]
 59%|█████▊    | 410/700 [00:57<00:40,  7.16it/s]
 59%|█████▊    | 411/700 [00:57<00:40,  7.16it/s]
 59%|█████▉    | 412/700 [00:57<00:40,  7.16it/s]
 59%|█████▉    | 413/700 [00:57<00:40,  7.16it/s]
 59%|█████▉    | 414/700 [00:58<00:39,  7.16it/s]
 59%|█████▉    | 415/700 [00:58<00:39,  7.16it/s]
 59%|█████▉    | 416/700 [00:58<00:39,  7.16it/s]
 60%|█████▉    | 417/700 [00:58<00:39,  7.16it/s]
 60%|█████▉    | 418/700 [00:58<00:39,  7.16it/s]
 60%|█████▉    | 419/700 [00:58<00:39,  7.16it/s]
 60%|██████    | 420/700 [00:58<00:39,  7.16it/s]
 60%|██████    | 421/700 [00:59<00:38,  7.16it/s]
 60%|██████    | 422/700 [00:59<00:38,  7.16it/s]
 60%|██████    | 423/700 [00:59<00:38,  7.16it/s]
 61%|██████    | 424/700 [00:59<00:38,  7.16it/s]
 61%|██████    | 425/700 [00:59<00:38,  7.16it/s]
 61%|██████    | 426/700 [00:59<00:38,  7.16it/s]
 61%|██████    | 427/700 [00:59<00:38,  7.16it/s]
 61%|██████    | 428/700 [01:00<00:37,  7.16it/s]
 61%|██████▏   | 429/700 [01:00<00:37,  7.16it/s]
 61%|██████▏   | 430/700 [01:00<00:37,  7.16it/s]
 62%|██████▏   | 431/700 [01:00<00:37,  7.16it/s]
 62%|██████▏   | 432/700 [01:00<00:37,  7.16it/s]
 62%|██████▏   | 433/700 [01:00<00:37,  7.16it/s]
 62%|██████▏   | 434/700 [01:00<00:37,  7.16it/s]
 62%|██████▏   | 435/700 [01:01<00:36,  7.16it/s]
 62%|██████▏   | 436/700 [01:01<00:36,  7.16it/s]
 62%|██████▏   | 437/700 [01:01<00:36,  7.17it/s]
 63%|██████▎   | 438/700 [01:01<00:36,  7.17it/s]
 63%|██████▎   | 439/700 [01:01<00:36,  7.17it/s]
 63%|██████▎   | 440/700 [01:01<00:36,  7.16it/s]
 63%|██████▎   | 441/700 [01:01<00:36,  7.16it/s]
 63%|██████▎   | 442/700 [01:02<00:36,  7.16it/s]
 63%|██████▎   | 443/700 [01:02<00:35,  7.16it/s]
 63%|██████▎   | 444/700 [01:02<00:35,  7.16it/s]
 64%|██████▎   | 445/700 [01:02<00:35,  7.16it/s]
 64%|██████▎   | 446/700 [01:02<00:35,  7.16it/s]
 64%|██████▍   | 447/700 [01:02<00:35,  7.16it/s]
 64%|██████▍   | 448/700 [01:02<00:35,  7.16it/s]
 64%|██████▍   | 449/700 [01:03<00:35,  7.16it/s]
 64%|██████▍   | 450/700 [01:03<00:34,  7.16it/s]
 64%|██████▍   | 451/700 [01:03<00:34,  7.16it/s]
 65%|██████▍   | 452/700 [01:03<00:34,  7.16it/s]
 65%|██████▍   | 453/700 [01:03<00:34,  7.16it/s]
 65%|██████▍   | 454/700 [01:03<00:34,  7.16it/s]
 65%|██████▌   | 455/700 [01:03<00:34,  7.16it/s]
 65%|██████▌   | 456/700 [01:03<00:34,  7.16it/s]
 65%|██████▌   | 457/700 [01:04<00:33,  7.16it/s]
 65%|██████▌   | 458/700 [01:04<00:33,  7.16it/s]
 66%|██████▌   | 459/700 [01:04<00:33,  7.16it/s]
 66%|██████▌   | 460/700 [01:04<00:33,  7.16it/s]
 66%|██████▌   | 461/700 [01:04<00:33,  7.16it/s]
 66%|██████▌   | 462/700 [01:04<00:33,  7.16it/s]
 66%|██████▌   | 463/700 [01:04<00:33,  7.15it/s]
 66%|██████▋   | 464/700 [01:05<00:33,  7.15it/s]
 66%|██████▋   | 465/700 [01:05<00:32,  7.15it/s]
 67%|██████▋   | 466/700 [01:05<00:32,  7.15it/s]
 67%|██████▋   | 467/700 [01:05<00:32,  7.15it/s]
 67%|██████▋   | 468/700 [01:05<00:32,  7.15it/s]
 67%|██████▋   | 469/700 [01:05<00:32,  7.15it/s]
 67%|██████▋   | 470/700 [01:05<00:32,  7.15it/s]
 67%|██████▋   | 471/700 [01:06<00:32,  7.15it/s]
 67%|██████▋   | 472/700 [01:06<00:31,  7.15it/s]
 68%|██████▊   | 473/700 [01:06<00:31,  7.15it/s]
 68%|██████▊   | 474/700 [01:06<00:31,  7.15it/s]
 68%|██████▊   | 475/700 [01:06<00:31,  7.15it/s]
 68%|██████▊   | 476/700 [01:06<00:31,  7.15it/s]
 68%|██████▊   | 477/700 [01:06<00:31,  7.15it/s]
 68%|██████▊   | 478/700 [01:07<00:31,  7.15it/s]
 68%|██████▊   | 479/700 [01:07<00:30,  7.15it/s]
 69%|██████▊   | 480/700 [01:07<00:30,  7.15it/s]
 69%|██████▊   | 481/700 [01:07<00:30,  7.15it/s]
 69%|██████▉   | 482/700 [01:07<00:30,  7.15it/s]
 69%|██████▉   | 483/700 [01:07<00:30,  7.15it/s]
 69%|██████▉   | 484/700 [01:07<00:30,  7.15it/s]
 69%|██████▉   | 485/700 [01:08<00:30,  7.15it/s]
 69%|██████▉   | 486/700 [01:08<00:29,  7.15it/s]
 70%|██████▉   | 487/700 [01:08<00:29,  7.15it/s]
 70%|██████▉   | 488/700 [01:08<00:29,  7.15it/s]
 70%|██████▉   | 489/700 [01:08<00:29,  7.15it/s]
 70%|███████   | 490/700 [01:08<00:29,  7.15it/s]
 70%|███████   | 491/700 [01:08<00:29,  7.14it/s]
 70%|███████   | 492/700 [01:09<00:29,  7.15it/s]
 70%|███████   | 493/700 [01:09<00:28,  7.15it/s]
 71%|███████   | 494/700 [01:09<00:28,  7.15it/s]
 71%|███████   | 495/700 [01:09<00:28,  7.15it/s]
 71%|███████   | 496/700 [01:09<00:28,  7.14it/s]
 71%|███████   | 497/700 [01:09<00:28,  7.15it/s]
 71%|███████   | 498/700 [01:09<00:28,  7.15it/s]
 71%|███████▏  | 499/700 [01:10<00:28,  7.15it/s]
 71%|███████▏  | 500/700 [01:10<00:27,  7.15it/s]
 72%|███████▏  | 501/700 [01:10<00:27,  7.16it/s]
 72%|███████▏  | 502/700 [01:10<00:27,  7.15it/s]
 72%|███████▏  | 503/700 [01:10<00:27,  7.15it/s]
 72%|███████▏  | 504/700 [01:10<00:27,  7.16it/s]
 72%|███████▏  | 505/700 [01:10<00:27,  7.16it/s]
 72%|███████▏  | 506/700 [01:10<00:27,  7.15it/s]
 72%|███████▏  | 507/700 [01:11<00:26,  7.15it/s]
 73%|███████▎  | 508/700 [01:11<00:26,  7.15it/s]
 73%|███████▎  | 509/700 [01:11<00:26,  7.15it/s]
 73%|███████▎  | 510/700 [01:11<00:26,  7.15it/s]
 73%|███████▎  | 511/700 [01:11<00:26,  7.15it/s]
 73%|███████▎  | 512/700 [01:11<00:26,  7.15it/s]
 73%|███████▎  | 513/700 [01:11<00:26,  7.14it/s]
 73%|███████▎  | 514/700 [01:12<00:26,  7.15it/s]
 74%|███████▎  | 515/700 [01:12<00:25,  7.14it/s]
 74%|███████▎  | 516/700 [01:12<00:25,  7.15it/s]
 74%|███████▍  | 517/700 [01:12<00:25,  7.15it/s]
 74%|███████▍  | 518/700 [01:12<00:25,  7.15it/s]
 74%|███████▍  | 519/700 [01:12<00:25,  7.15it/s]
 74%|███████▍  | 520/700 [01:12<00:25,  7.15it/s]
 74%|███████▍  | 521/700 [01:13<00:25,  7.15it/s]
 75%|███████▍  | 522/700 [01:13<00:24,  7.15it/s]
 75%|███████▍  | 523/700 [01:13<00:24,  7.15it/s]
 75%|███████▍  | 524/700 [01:13<00:24,  7.15it/s]
 75%|███████▌  | 525/700 [01:13<00:24,  7.15it/s]
 75%|███████▌  | 526/700 [01:13<00:24,  7.15it/s]
 75%|███████▌  | 527/700 [01:13<00:24,  7.15it/s]
 75%|███████▌  | 528/700 [01:14<00:24,  7.15it/s]
 76%|███████▌  | 529/700 [01:14<00:23,  7.15it/s]
 76%|███████▌  | 530/700 [01:14<00:23,  7.15it/s]
 76%|███████▌  | 531/700 [01:14<00:23,  7.15it/s]
 76%|███████▌  | 532/700 [01:14<00:23,  7.15it/s]
 76%|███████▌  | 533/700 [01:14<00:23,  7.15it/s]
 76%|███████▋  | 534/700 [01:14<00:23,  7.15it/s]
 76%|███████▋  | 535/700 [01:15<00:23,  7.15it/s]
 77%|███████▋  | 536/700 [01:15<00:22,  7.15it/s]
 77%|███████▋  | 537/700 [01:15<00:22,  7.15it/s]
 77%|███████▋  | 538/700 [01:15<00:22,  7.15it/s]
 77%|███████▋  | 539/700 [01:15<00:22,  7.15it/s]
 77%|███████▋  | 540/700 [01:15<00:22,  7.15it/s]
 77%|███████▋  | 541/700 [01:15<00:22,  7.16it/s]
 77%|███████▋  | 542/700 [01:16<00:22,  7.15it/s]
 78%|███████▊  | 543/700 [01:16<00:21,  7.16it/s]
 78%|███████▊  | 544/700 [01:16<00:21,  7.15it/s]
 78%|███████▊  | 545/700 [01:16<00:21,  7.16it/s]
 78%|███████▊  | 546/700 [01:16<00:21,  7.15it/s]
 78%|███████▊  | 547/700 [01:16<00:21,  7.16it/s]
 78%|███████▊  | 548/700 [01:16<00:21,  7.16it/s]
 78%|███████▊  | 549/700 [01:16<00:21,  7.15it/s]
 79%|███████▊  | 550/700 [01:17<00:20,  7.15it/s]
 79%|███████▊  | 551/700 [01:17<00:20,  7.15it/s]
 79%|███████▉  | 552/700 [01:17<00:20,  7.15it/s]
 79%|███████▉  | 553/700 [01:17<00:20,  7.15it/s]
 79%|███████▉  | 554/700 [01:17<00:20,  7.16it/s]
 79%|███████▉  | 555/700 [01:17<00:20,  7.15it/s]
 79%|███████▉  | 556/700 [01:17<00:20,  7.16it/s]
 80%|███████▉  | 557/700 [01:18<00:19,  7.15it/s]
 80%|███████▉  | 558/700 [01:18<00:19,  7.16it/s]
 80%|███████▉  | 559/700 [01:18<00:19,  7.15it/s]
 80%|████████  | 560/700 [01:18<00:19,  7.16it/s]
 80%|████████  | 561/700 [01:18<00:19,  7.16it/s]
 80%|████████  | 562/700 [01:18<00:19,  7.16it/s]
 80%|████████  | 563/700 [01:18<00:19,  7.15it/s]
 81%|████████  | 564/700 [01:19<00:19,  7.16it/s]
 81%|████████  | 565/700 [01:19<00:18,  7.16it/s]
 81%|████████  | 566/700 [01:19<00:18,  7.16it/s]
 81%|████████  | 567/700 [01:19<00:18,  7.16it/s]
 81%|████████  | 568/700 [01:19<00:18,  7.16it/s]
 81%|████████▏ | 569/700 [01:19<00:18,  7.15it/s]
 81%|████████▏ | 570/700 [01:19<00:18,  7.15it/s]
 82%|████████▏ | 571/700 [01:20<00:18,  7.15it/s]
 82%|████████▏ | 572/700 [01:20<00:17,  7.15it/s]
 82%|████████▏ | 573/700 [01:20<00:17,  7.15it/s]
 82%|████████▏ | 574/700 [01:20<00:17,  7.15it/s]
 82%|████████▏ | 575/700 [01:20<00:17,  7.15it/s]
 82%|████████▏ | 576/700 [01:20<00:17,  7.15it/s]
 82%|████████▏ | 577/700 [01:20<00:17,  7.15it/s]
 83%|████████▎ | 578/700 [01:21<00:17,  7.15it/s]
 83%|████████▎ | 579/700 [01:21<00:16,  7.15it/s]
 83%|████████▎ | 580/700 [01:21<00:16,  7.15it/s]
 83%|████████▎ | 581/700 [01:21<00:16,  7.15it/s]
 83%|████████▎ | 582/700 [01:21<00:16,  7.15it/s]
 83%|████████▎ | 583/700 [01:21<00:16,  7.15it/s]
 83%|████████▎ | 584/700 [01:21<00:16,  7.15it/s]
 84%|████████▎ | 585/700 [01:22<00:16,  7.16it/s]
 84%|████████▎ | 586/700 [01:22<00:15,  7.16it/s]
 84%|████████▍ | 587/700 [01:22<00:15,  7.15it/s]
 84%|████████▍ | 588/700 [01:22<00:15,  7.15it/s]
 84%|████████▍ | 589/700 [01:22<00:15,  7.15it/s]
 84%|████████▍ | 590/700 [01:22<00:15,  7.15it/s]
 84%|████████▍ | 591/700 [01:22<00:15,  7.16it/s]
 85%|████████▍ | 592/700 [01:23<00:15,  7.15it/s]
 85%|████████▍ | 593/700 [01:23<00:14,  7.15it/s]
 85%|████████▍ | 594/700 [01:23<00:14,  7.15it/s]
 85%|████████▌ | 595/700 [01:23<00:14,  7.15it/s]
 85%|████████▌ | 596/700 [01:23<00:14,  7.15it/s]
 85%|████████▌ | 597/700 [01:23<00:14,  7.15it/s]
 85%|████████▌ | 598/700 [01:23<00:14,  7.16it/s]
 86%|████████▌ | 599/700 [01:23<00:14,  7.15it/s]
 86%|████████▌ | 600/700 [01:24<00:13,  7.15it/s]
 86%|████████▌ | 601/700 [01:24<00:13,  7.15it/s]
 86%|████████▌ | 602/700 [01:24<00:13,  7.15it/s]
 86%|████████▌ | 603/700 [01:24<00:13,  7.15it/s]
 86%|████████▋ | 604/700 [01:24<00:13,  7.15it/s]
 86%|████████▋ | 605/700 [01:24<00:13,  7.15it/s]
 87%|████████▋ | 606/700 [01:24<00:13,  7.15it/s]
 87%|████████▋ | 607/700 [01:25<00:13,  7.15it/s]
 87%|████████▋ | 608/700 [01:25<00:12,  7.15it/s]
 87%|████████▋ | 609/700 [01:25<00:12,  7.15it/s]
 87%|████████▋ | 610/700 [01:25<00:12,  7.15it/s]
 87%|████████▋ | 611/700 [01:25<00:12,  7.15it/s]
 87%|████████▋ | 612/700 [01:25<00:12,  7.15it/s]
 88%|████████▊ | 613/700 [01:25<00:12,  7.16it/s]
 88%|████████▊ | 614/700 [01:26<00:12,  7.15it/s]
 88%|████████▊ | 615/700 [01:26<00:11,  7.15it/s]
 88%|████████▊ | 616/700 [01:26<00:11,  7.15it/s]
 88%|████████▊ | 617/700 [01:26<00:11,  7.15it/s]
 88%|████████▊ | 618/700 [01:26<00:11,  7.15it/s]
 88%|████████▊ | 619/700 [01:26<00:11,  7.15it/s]
 89%|████████▊ | 620/700 [01:26<00:11,  7.15it/s]
 89%|████████▊ | 621/700 [01:27<00:11,  7.15it/s]
 89%|████████▉ | 622/700 [01:27<00:10,  7.15it/s]
 89%|████████▉ | 623/700 [01:27<00:10,  7.15it/s]
 89%|████████▉ | 624/700 [01:27<00:10,  7.15it/s]
 89%|████████▉ | 625/700 [01:27<00:10,  7.15it/s]
 89%|████████▉ | 626/700 [01:27<00:10,  7.15it/s]
 90%|████████▉ | 627/700 [01:27<00:10,  7.15it/s]
 90%|████████▉ | 628/700 [01:28<00:10,  7.14it/s]
 90%|████████▉ | 629/700 [01:28<00:09,  7.14it/s]
 90%|█████████ | 630/700 [01:28<00:09,  7.14it/s]
 90%|█████████ | 631/700 [01:28<00:09,  7.14it/s]
 90%|█████████ | 632/700 [01:28<00:09,  7.14it/s]
 90%|█████████ | 633/700 [01:28<00:09,  7.15it/s]
 91%|█████████ | 634/700 [01:28<00:09,  7.15it/s]
 91%|█████████ | 635/700 [01:29<00:09,  7.15it/s]
 91%|█████████ | 636/700 [01:29<00:08,  7.15it/s]
 91%|█████████ | 637/700 [01:29<00:08,  7.15it/s]
 91%|█████████ | 638/700 [01:29<00:08,  7.15it/s]
 91%|█████████▏| 639/700 [01:29<00:08,  7.15it/s]
 91%|█████████▏| 640/700 [01:29<00:08,  7.14it/s]
 92%|█████████▏| 641/700 [01:29<00:08,  7.15it/s]
 92%|█████████▏| 642/700 [01:29<00:08,  7.14it/s]
 92%|█████████▏| 643/700 [01:30<00:07,  7.15it/s]
 92%|█████████▏| 644/700 [01:30<00:07,  7.15it/s]
 92%|█████████▏| 645/700 [01:30<00:07,  7.15it/s]
 92%|█████████▏| 646/700 [01:30<00:07,  7.14it/s]
 92%|█████████▏| 647/700 [01:30<00:07,  7.15it/s]
 93%|█████████▎| 648/700 [01:30<00:07,  7.15it/s]
 93%|█████████▎| 649/700 [01:30<00:07,  7.14it/s]
 93%|█████████▎| 650/700 [01:31<00:06,  7.14it/s]
 93%|█████████▎| 651/700 [01:31<00:06,  7.15it/s]
 93%|█████████▎| 652/700 [01:31<00:06,  7.15it/s]
 93%|█████████▎| 653/700 [01:31<00:06,  7.14it/s]
 93%|█████████▎| 654/700 [01:31<00:06,  7.14it/s]
 94%|█████████▎| 655/700 [01:31<00:06,  7.14it/s]
 94%|█████████▎| 656/700 [01:31<00:06,  7.14it/s]
 94%|█████████▍| 657/700 [01:32<00:06,  7.14it/s]
 94%|█████████▍| 658/700 [01:32<00:05,  7.15it/s]
 94%|█████████▍| 659/700 [01:32<00:05,  7.14it/s]
 94%|█████████▍| 660/700 [01:32<00:05,  7.14it/s]
 94%|█████████▍| 661/700 [01:32<00:05,  7.15it/s]
 95%|█████████▍| 662/700 [01:32<00:05,  7.15it/s]
 95%|█████████▍| 663/700 [01:32<00:05,  7.15it/s]
 95%|█████████▍| 664/700 [01:33<00:05,  7.15it/s]
 95%|█████████▌| 665/700 [01:33<00:04,  7.15it/s]
 95%|█████████▌| 666/700 [01:33<00:04,  7.14it/s]
 95%|█████████▌| 667/700 [01:33<00:04,  7.14it/s]
 95%|█████████▌| 668/700 [01:33<00:04,  7.14it/s]
 96%|█████████▌| 669/700 [01:33<00:04,  7.14it/s]
 96%|█████████▌| 670/700 [01:33<00:04,  7.14it/s]
 96%|█████████▌| 671/700 [01:34<00:04,  7.15it/s]
 96%|█████████▌| 672/700 [01:34<00:03,  7.15it/s]
 96%|█████████▌| 673/700 [01:34<00:03,  7.14it/s]
 96%|█████████▋| 674/700 [01:34<00:03,  7.14it/s]
 96%|█████████▋| 675/700 [01:34<00:03,  7.14it/s]
 97%|█████████▋| 676/700 [01:34<00:03,  7.14it/s]
 97%|█████████▋| 677/700 [01:34<00:03,  7.15it/s]
 97%|█████████▋| 678/700 [01:35<00:03,  7.15it/s]
 97%|█████████▋| 679/700 [01:35<00:02,  7.15it/s]
 97%|█████████▋| 680/700 [01:35<00:02,  7.15it/s]
 97%|█████████▋| 681/700 [01:35<00:02,  7.15it/s]
 97%|█████████▋| 682/700 [01:35<00:02,  7.15it/s]
 98%|█████████▊| 683/700 [01:35<00:02,  7.15it/s]
 98%|█████████▊| 684/700 [01:35<00:02,  7.15it/s]
 98%|█████████▊| 685/700 [01:36<00:02,  7.15it/s]
 98%|█████████▊| 686/700 [01:36<00:01,  7.15it/s]
 98%|█████████▊| 687/700 [01:36<00:01,  7.15it/s]
 98%|█████████▊| 688/700 [01:36<00:01,  7.14it/s]
 98%|█████████▊| 689/700 [01:36<00:01,  7.14it/s]
 99%|█████████▊| 690/700 [01:36<00:01,  7.14it/s]
 99%|█████████▊| 691/700 [01:36<00:01,  7.15it/s]
 99%|█████████▉| 692/700 [01:36<00:01,  7.15it/s]
 99%|█████████▉| 693/700 [01:37<00:00,  7.15it/s]
 99%|█████████▉| 694/700 [01:37<00:00,  7.14it/s]
 99%|█████████▉| 695/700 [01:37<00:00,  7.14it/s]
 99%|█████████▉| 696/700 [01:37<00:00,  7.15it/s]
100%|█████████▉| 697/700 [01:37<00:00,  7.15it/s]
100%|█████████▉| 698/700 [01:37<00:00,  7.15it/s]
100%|█████████▉| 699/700 [01:37<00:00,  7.15it/s]
100%|██████████| 700/700 [01:38<00:00,  7.15it/s]
100%|██████████| 700/700 [01:38<00:00,  7.13it/s]

  0%|          | 0/700 [00:00<?, ?it/s]
  0%|          | 3/700 [00:00<00:54, 12.76it/s]
  1%|          | 5/700 [00:00<01:14,  9.27it/s]
  1%|          | 6/700 [00:00<01:20,  8.62it/s]
  1%|          | 7/700 [00:00<01:24,  8.19it/s]
  1%|          | 8/700 [00:00<01:27,  7.88it/s]
  1%|▏         | 9/700 [00:01<01:30,  7.67it/s]
  1%|▏         | 10/700 [00:01<01:31,  7.52it/s]
  2%|▏         | 11/700 [00:01<01:32,  7.42it/s]
  2%|▏         | 12/700 [00:01<01:33,  7.35it/s]
  2%|▏         | 13/700 [00:01<01:34,  7.30it/s]
  2%|▏         | 14/700 [00:01<01:34,  7.27it/s]
  2%|▏         | 15/700 [00:01<01:34,  7.25it/s]
  2%|▏         | 16/700 [00:02<01:34,  7.22it/s]
  2%|▏         | 17/700 [00:02<01:34,  7.21it/s]
  3%|▎         | 18/700 [00:02<01:34,  7.20it/s]
  3%|▎         | 19/700 [00:02<01:34,  7.20it/s]
  3%|▎         | 20/700 [00:02<01:34,  7.19it/s]
  3%|▎         | 21/700 [00:02<01:34,  7.19it/s]
  3%|▎         | 22/700 [00:02<01:34,  7.18it/s]
  3%|▎         | 23/700 [00:03<01:34,  7.18it/s]
  3%|▎         | 24/700 [00:03<01:34,  7.18it/s]
  4%|▎         | 25/700 [00:03<01:34,  7.18it/s]
  4%|▎         | 26/700 [00:03<01:33,  7.17it/s]
  4%|▍         | 27/700 [00:03<01:33,  7.17it/s]
  4%|▍         | 28/700 [00:03<01:33,  7.17it/s]
  4%|▍         | 29/700 [00:03<01:33,  7.17it/s]
  4%|▍         | 30/700 [00:03<01:33,  7.17it/s]
  4%|▍         | 31/700 [00:04<01:33,  7.17it/s]
  5%|▍         | 32/700 [00:04<01:33,  7.17it/s]
  5%|▍         | 33/700 [00:04<01:33,  7.16it/s]
  5%|▍         | 34/700 [00:04<01:32,  7.17it/s]
  5%|▌         | 35/700 [00:04<01:32,  7.17it/s]
  5%|▌         | 36/700 [00:04<01:32,  7.17it/s]
  5%|▌         | 37/700 [00:04<01:32,  7.16it/s]
  5%|▌         | 38/700 [00:05<01:32,  7.16it/s]
  6%|▌         | 39/700 [00:05<01:32,  7.17it/s]
  6%|▌         | 40/700 [00:05<01:32,  7.17it/s]
  6%|▌         | 41/700 [00:05<01:31,  7.17it/s]
  6%|▌         | 42/700 [00:05<01:31,  7.17it/s]
  6%|▌         | 43/700 [00:05<01:31,  7.17it/s]
  6%|▋         | 44/700 [00:05<01:31,  7.17it/s]
  6%|▋         | 45/700 [00:06<01:31,  7.17it/s]
  7%|▋         | 46/700 [00:06<01:31,  7.17it/s]
  7%|▋         | 47/700 [00:06<01:31,  7.17it/s]
  7%|▋         | 48/700 [00:06<01:30,  7.17it/s]
  7%|▋         | 49/700 [00:06<01:30,  7.17it/s]
  7%|▋         | 50/700 [00:06<01:30,  7.18it/s]
  7%|▋         | 51/700 [00:06<01:30,  7.18it/s]
  7%|▋         | 52/700 [00:07<01:30,  7.18it/s]
  8%|▊         | 53/700 [00:07<01:30,  7.18it/s]
  8%|▊         | 54/700 [00:07<01:30,  7.17it/s]
  8%|▊         | 55/700 [00:07<01:29,  7.18it/s]
  8%|▊         | 56/700 [00:07<01:29,  7.18it/s]
  8%|▊         | 57/700 [00:07<01:29,  7.17it/s]
  8%|▊         | 58/700 [00:07<01:29,  7.18it/s]
  8%|▊         | 59/700 [00:08<01:29,  7.17it/s]
  9%|▊         | 60/700 [00:08<01:29,  7.17it/s]
  9%|▊         | 61/700 [00:08<01:29,  7.17it/s]
  9%|▉         | 62/700 [00:08<01:28,  7.17it/s]
  9%|▉         | 63/700 [00:08<01:28,  7.17it/s]
  9%|▉         | 64/700 [00:08<01:28,  7.17it/s]
  9%|▉         | 65/700 [00:08<01:28,  7.17it/s]
  9%|▉         | 66/700 [00:09<01:28,  7.17it/s]
 10%|▉         | 67/700 [00:09<01:28,  7.16it/s]
 10%|▉         | 68/700 [00:09<01:28,  7.17it/s]
 10%|▉         | 69/700 [00:09<01:28,  7.17it/s]
 10%|█         | 70/700 [00:09<01:27,  7.16it/s]
 10%|█         | 71/700 [00:09<01:27,  7.16it/s]
 10%|█         | 72/700 [00:09<01:27,  7.16it/s]
 10%|█         | 73/700 [00:09<01:27,  7.16it/s]
 11%|█         | 74/700 [00:10<01:27,  7.16it/s]
 11%|█         | 75/700 [00:10<01:27,  7.16it/s]
 11%|█         | 76/700 [00:10<01:27,  7.16it/s]
 11%|█         | 77/700 [00:10<01:26,  7.16it/s]
 11%|█         | 78/700 [00:10<01:26,  7.16it/s]
 11%|█▏        | 79/700 [00:10<01:26,  7.16it/s]
 11%|█▏        | 80/700 [00:10<01:26,  7.15it/s]
 12%|█▏        | 81/700 [00:11<01:26,  7.15it/s]
 12%|█▏        | 82/700 [00:11<01:26,  7.16it/s]
 12%|█▏        | 83/700 [00:11<01:26,  7.15it/s]
 12%|█▏        | 84/700 [00:11<01:26,  7.15it/s]
 12%|█▏        | 85/700 [00:11<01:25,  7.15it/s]
 12%|█▏        | 86/700 [00:11<01:25,  7.15it/s]
 12%|█▏        | 87/700 [00:11<01:25,  7.15it/s]
 13%|█▎        | 88/700 [00:12<01:25,  7.15it/s]
 13%|█▎        | 89/700 [00:12<01:25,  7.16it/s]
 13%|█▎        | 90/700 [00:12<01:25,  7.16it/s]
 13%|█▎        | 91/700 [00:12<01:25,  7.16it/s]
 13%|█▎        | 92/700 [00:12<01:24,  7.16it/s]
 13%|█▎        | 93/700 [00:12<01:24,  7.16it/s]
 13%|█▎        | 94/700 [00:12<01:24,  7.16it/s]
 14%|█▎        | 95/700 [00:13<01:24,  7.16it/s]
 14%|█▎        | 96/700 [00:13<01:24,  7.16it/s]
 14%|█▍        | 97/700 [00:13<01:24,  7.16it/s]
 14%|█▍        | 98/700 [00:13<01:24,  7.16it/s]
 14%|█▍        | 99/700 [00:13<01:23,  7.17it/s]
 14%|█▍        | 100/700 [00:13<01:23,  7.17it/s]
 14%|█▍        | 101/700 [00:13<01:23,  7.17it/s]
 15%|█▍        | 102/700 [00:14<01:23,  7.17it/s]
 15%|█▍        | 103/700 [00:14<01:23,  7.17it/s]
 15%|█▍        | 104/700 [00:14<01:23,  7.17it/s]
 15%|█▌        | 105/700 [00:14<01:22,  7.18it/s]
 15%|█▌        | 106/700 [00:14<01:22,  7.17it/s]
 15%|█▌        | 107/700 [00:14<01:22,  7.18it/s]
 15%|█▌        | 108/700 [00:14<01:22,  7.17it/s]
 16%|█▌        | 109/700 [00:15<01:22,  7.18it/s]
 16%|█▌        | 110/700 [00:15<01:22,  7.18it/s]
 16%|█▌        | 111/700 [00:15<01:22,  7.17it/s]
 16%|█▌        | 112/700 [00:15<01:21,  7.17it/s]
 16%|█▌        | 113/700 [00:15<01:21,  7.17it/s]
 16%|█▋        | 114/700 [00:15<01:21,  7.17it/s]
 16%|█▋        | 115/700 [00:15<01:21,  7.17it/s]
 17%|█▋        | 116/700 [00:15<01:21,  7.17it/s]
 17%|█▋        | 117/700 [00:16<01:21,  7.17it/s]
 17%|█▋        | 118/700 [00:16<01:21,  7.17it/s]
 17%|█▋        | 119/700 [00:16<01:21,  7.17it/s]
 17%|█▋        | 120/700 [00:16<01:20,  7.16it/s]
 17%|█▋        | 121/700 [00:16<01:20,  7.16it/s]
 17%|█▋        | 122/700 [00:16<01:20,  7.16it/s]
 18%|█▊        | 123/700 [00:16<01:20,  7.16it/s]
 18%|█▊        | 124/700 [00:17<01:20,  7.16it/s]
 18%|█▊        | 125/700 [00:17<01:20,  7.16it/s]
 18%|█▊        | 126/700 [00:17<01:20,  7.16it/s]
 18%|█▊        | 127/700 [00:17<01:20,  7.16it/s]
 18%|█▊        | 128/700 [00:17<01:19,  7.16it/s]
 18%|█▊        | 129/700 [00:17<01:19,  7.16it/s]
 19%|█▊        | 130/700 [00:17<01:19,  7.16it/s]
 19%|█▊        | 131/700 [00:18<01:19,  7.16it/s]
 19%|█▉        | 132/700 [00:18<01:19,  7.16it/s]
 19%|█▉        | 133/700 [00:18<01:19,  7.16it/s]
 19%|█▉        | 134/700 [00:18<01:19,  7.16it/s]
 19%|█▉        | 135/700 [00:18<01:18,  7.16it/s]
 19%|█▉        | 136/700 [00:18<01:19,  7.10it/s]
 20%|█▉        | 137/700 [00:18<01:18,  7.18it/s]
 20%|█▉        | 138/700 [00:19<01:18,  7.17it/s]
 20%|█▉        | 139/700 [00:19<01:18,  7.17it/s]
 20%|██        | 140/700 [00:19<01:18,  7.16it/s]
 20%|██        | 141/700 [00:19<01:18,  7.16it/s]
 20%|██        | 142/700 [00:19<01:17,  7.16it/s]
 20%|██        | 143/700 [00:19<01:17,  7.16it/s]
 21%|██        | 144/700 [00:19<01:17,  7.16it/s]
 21%|██        | 145/700 [00:20<01:17,  7.16it/s]
 21%|██        | 146/700 [00:20<01:17,  7.16it/s]
 21%|██        | 147/700 [00:20<01:17,  7.16it/s]
 21%|██        | 148/700 [00:20<01:17,  7.16it/s]
 21%|██▏       | 149/700 [00:20<01:16,  7.16it/s]
 21%|██▏       | 150/700 [00:20<01:16,  7.16it/s]
 22%|██▏       | 151/700 [00:20<01:16,  7.17it/s]
 22%|██▏       | 152/700 [00:21<01:16,  7.17it/s]
 22%|██▏       | 153/700 [00:21<01:16,  7.17it/s]
 22%|██▏       | 154/700 [00:21<01:16,  7.17it/s]
 22%|██▏       | 155/700 [00:21<01:16,  7.17it/s]
 22%|██▏       | 156/700 [00:21<01:15,  7.17it/s]
 22%|██▏       | 157/700 [00:21<01:15,  7.17it/s]
 23%|██▎       | 158/700 [00:21<01:15,  7.17it/s]
 23%|██▎       | 159/700 [00:21<01:15,  7.17it/s]
 23%|██▎       | 160/700 [00:22<01:15,  7.17it/s]
 23%|██▎       | 161/700 [00:22<01:15,  7.17it/s]
 23%|██▎       | 162/700 [00:22<01:15,  7.17it/s]
 23%|██▎       | 163/700 [00:22<01:14,  7.17it/s]
 23%|██▎       | 164/700 [00:22<01:14,  7.17it/s]
 24%|██▎       | 165/700 [00:22<01:14,  7.17it/s]
 24%|██▎       | 166/700 [00:22<01:14,  7.16it/s]
 24%|██▍       | 167/700 [00:23<01:14,  7.16it/s]
 24%|██▍       | 168/700 [00:23<01:14,  7.16it/s]
 24%|██▍       | 169/700 [00:23<01:14,  7.16it/s]
 24%|██▍       | 170/700 [00:23<01:13,  7.17it/s]
 24%|██▍       | 171/700 [00:23<01:13,  7.16it/s]
 25%|██▍       | 172/700 [00:23<01:13,  7.17it/s]
 25%|██▍       | 173/700 [00:23<01:13,  7.16it/s]
 25%|██▍       | 174/700 [00:24<01:13,  7.16it/s]
 25%|██▌       | 175/700 [00:24<01:13,  7.16it/s]
 25%|██▌       | 176/700 [00:24<01:13,  7.16it/s]
 25%|██▌       | 177/700 [00:24<01:13,  7.16it/s]
 25%|██▌       | 178/700 [00:24<01:12,  7.16it/s]
 26%|██▌       | 179/700 [00:24<01:12,  7.16it/s]
 26%|██▌       | 180/700 [00:24<01:12,  7.16it/s]
 26%|██▌       | 181/700 [00:25<01:12,  7.16it/s]
 26%|██▌       | 182/700 [00:25<01:12,  7.16it/s]
 26%|██▌       | 183/700 [00:25<01:12,  7.16it/s]
 26%|██▋       | 184/700 [00:25<01:12,  7.16it/s]
 26%|██▋       | 185/700 [00:25<01:11,  7.16it/s]
 27%|██▋       | 186/700 [00:25<01:11,  7.16it/s]
 27%|██▋       | 187/700 [00:25<01:11,  7.15it/s]
 27%|██▋       | 188/700 [00:26<01:11,  7.15it/s]
 27%|██▋       | 189/700 [00:26<01:11,  7.15it/s]
 27%|██▋       | 190/700 [00:26<01:11,  7.15it/s]
 27%|██▋       | 191/700 [00:26<01:11,  7.14it/s]
 27%|██▋       | 192/700 [00:26<01:11,  7.14it/s]
 28%|██▊       | 193/700 [00:26<01:10,  7.14it/s]
 28%|██▊       | 194/700 [00:26<01:10,  7.14it/s]
 28%|██▊       | 195/700 [00:27<01:10,  7.15it/s]
 28%|██▊       | 196/700 [00:27<01:10,  7.15it/s]
 28%|██▊       | 197/700 [00:27<01:10,  7.15it/s]
 28%|██▊       | 198/700 [00:27<01:10,  7.15it/s]
 28%|██▊       | 199/700 [00:27<01:10,  7.15it/s]
 29%|██▊       | 200/700 [00:27<01:09,  7.14it/s]
 29%|██▊       | 201/700 [00:27<01:09,  7.14it/s]
 29%|██▉       | 202/700 [00:28<01:09,  7.14it/s]
 29%|██▉       | 203/700 [00:28<01:09,  7.15it/s]
 29%|██▉       | 204/700 [00:28<01:09,  7.15it/s]
 29%|██▉       | 205/700 [00:28<01:09,  7.15it/s]
 29%|██▉       | 206/700 [00:28<01:09,  7.15it/s]
 30%|██▉       | 207/700 [00:28<01:08,  7.15it/s]
 30%|██▉       | 208/700 [00:28<01:08,  7.15it/s]
 30%|██▉       | 209/700 [00:28<01:08,  7.15it/s]
 30%|███       | 210/700 [00:29<01:08,  7.14it/s]
 30%|███       | 211/700 [00:29<01:08,  7.15it/s]
 30%|███       | 212/700 [00:29<01:08,  7.15it/s]
 30%|███       | 213/700 [00:29<01:08,  7.15it/s]
 31%|███       | 214/700 [00:29<01:08,  7.15it/s]
 31%|███       | 215/700 [00:29<01:07,  7.14it/s]
 31%|███       | 216/700 [00:29<01:07,  7.15it/s]
 31%|███       | 217/700 [00:30<01:07,  7.15it/s]
 31%|███       | 218/700 [00:30<01:07,  7.15it/s]
 31%|███▏      | 219/700 [00:30<01:07,  7.15it/s]
 31%|███▏      | 220/700 [00:30<01:07,  7.15it/s]
 32%|███▏      | 221/700 [00:30<01:07,  7.15it/s]
 32%|███▏      | 222/700 [00:30<01:06,  7.15it/s]
 32%|███▏      | 223/700 [00:30<01:06,  7.15it/s]
 32%|███▏      | 224/700 [00:31<01:06,  7.15it/s]
 32%|███▏      | 225/700 [00:31<01:06,  7.15it/s]
 32%|███▏      | 226/700 [00:31<01:06,  7.15it/s]
 32%|███▏      | 227/700 [00:31<01:06,  7.15it/s]
 33%|███▎      | 228/700 [00:31<01:06,  7.15it/s]
 33%|███▎      | 229/700 [00:31<01:05,  7.15it/s]
 33%|███▎      | 230/700 [00:31<01:05,  7.15it/s]
 33%|███▎      | 231/700 [00:32<01:05,  7.15it/s]
 33%|███▎      | 232/700 [00:32<01:05,  7.15it/s]
 33%|███▎      | 233/700 [00:32<01:05,  7.15it/s]
 33%|███▎      | 234/700 [00:32<01:05,  7.15it/s]
 34%|███▎      | 235/700 [00:32<01:05,  7.14it/s]
 34%|███▎      | 236/700 [00:32<01:04,  7.14it/s]
 34%|███▍      | 237/700 [00:32<01:04,  7.14it/s]
 34%|███▍      | 238/700 [00:33<01:04,  7.15it/s]
 34%|███▍      | 239/700 [00:33<01:04,  7.15it/s]
 34%|███▍      | 240/700 [00:33<01:04,  7.15it/s]
 34%|███▍      | 241/700 [00:33<01:04,  7.15it/s]
 35%|███▍      | 242/700 [00:33<01:04,  7.15it/s]
 35%|███▍      | 243/700 [00:33<01:03,  7.15it/s]
 35%|███▍      | 244/700 [00:33<01:03,  7.15it/s]
 35%|███▌      | 245/700 [00:34<01:03,  7.15it/s]
 35%|███▌      | 246/700 [00:34<01:03,  7.15it/s]
 35%|███▌      | 247/700 [00:34<01:03,  7.15it/s]
 35%|███▌      | 248/700 [00:34<01:03,  7.15it/s]
 36%|███▌      | 249/700 [00:34<01:03,  7.15it/s]
 36%|███▌      | 250/700 [00:34<01:03,  7.14it/s]
 36%|███▌      | 251/700 [00:34<01:02,  7.14it/s]
 36%|███▌      | 252/700 [00:35<01:02,  7.15it/s]
 36%|███▌      | 253/700 [00:35<01:02,  7.15it/s]
 36%|███▋      | 254/700 [00:35<01:02,  7.14it/s]
 36%|███▋      | 255/700 [00:35<01:02,  7.14it/s]
 37%|███▋      | 256/700 [00:35<01:02,  7.14it/s]
 37%|███▋      | 257/700 [00:35<01:01,  7.15it/s]
 37%|███▋      | 258/700 [00:35<01:01,  7.14it/s]
 37%|███▋      | 259/700 [00:35<01:01,  7.15it/s]
 37%|███▋      | 260/700 [00:36<01:01,  7.14it/s]
 37%|███▋      | 261/700 [00:36<01:01,  7.14it/s]
 37%|███▋      | 262/700 [00:36<01:01,  7.15it/s]
 38%|███▊      | 263/700 [00:36<01:01,  7.14it/s]
 38%|███▊      | 264/700 [00:36<01:01,  7.14it/s]
 38%|███▊      | 265/700 [00:36<01:00,  7.14it/s]
 38%|███▊      | 266/700 [00:36<01:00,  7.14it/s]
 38%|███▊      | 267/700 [00:37<01:00,  7.14it/s]
 38%|███▊      | 268/700 [00:37<01:00,  7.14it/s]
 38%|███▊      | 269/700 [00:37<01:00,  7.14it/s]
 39%|███▊      | 270/700 [00:37<01:00,  7.14it/s]
 39%|███▊      | 271/700 [00:37<01:00,  7.14it/s]
 39%|███▉      | 272/700 [00:37<00:59,  7.14it/s]
 39%|███▉      | 273/700 [00:37<00:59,  7.14it/s]
 39%|███▉      | 274/700 [00:38<00:59,  7.14it/s]
 39%|███▉      | 275/700 [00:38<00:59,  7.14it/s]
 39%|███▉      | 276/700 [00:38<00:59,  7.14it/s]
 40%|███▉      | 277/700 [00:38<00:59,  7.14it/s]
 40%|███▉      | 278/700 [00:38<00:59,  7.14it/s]
 40%|███▉      | 279/700 [00:38<00:58,  7.14it/s]
 40%|████      | 280/700 [00:38<00:58,  7.14it/s]
 40%|████      | 281/700 [00:39<00:58,  7.14it/s]
 40%|████      | 282/700 [00:39<00:58,  7.14it/s]
 40%|████      | 283/700 [00:39<00:58,  7.14it/s]
 41%|████      | 284/700 [00:39<00:58,  7.14it/s]
 41%|████      | 285/700 [00:39<00:58,  7.14it/s]
 41%|████      | 286/700 [00:39<00:57,  7.14it/s]
 41%|████      | 287/700 [00:39<00:57,  7.14it/s]
 41%|████      | 288/700 [00:40<00:57,  7.12it/s]
 41%|████▏     | 289/700 [00:40<00:57,  7.15it/s]
 41%|████▏     | 290/700 [00:40<00:57,  7.15it/s]
 42%|████▏     | 291/700 [00:40<00:57,  7.15it/s]
 42%|████▏     | 292/700 [00:40<00:57,  7.15it/s]
 42%|████▏     | 293/700 [00:40<00:56,  7.14it/s]
 42%|████▏     | 294/700 [00:40<00:56,  7.15it/s]
 42%|████▏     | 295/700 [00:41<00:56,  7.15it/s]
 42%|████▏     | 296/700 [00:41<00:56,  7.14it/s]
 42%|████▏     | 297/700 [00:41<00:56,  7.15it/s]
 43%|████▎     | 298/700 [00:41<00:56,  7.14it/s]
 43%|████▎     | 299/700 [00:41<00:56,  7.14it/s]
 43%|████▎     | 300/700 [00:41<00:56,  7.14it/s]
 43%|████▎     | 301/700 [00:41<00:55,  7.14it/s]
 43%|████▎     | 302/700 [00:42<00:55,  7.14it/s]
 43%|████▎     | 303/700 [00:42<00:55,  7.14it/s]
 43%|████▎     | 304/700 [00:42<00:55,  7.14it/s]
 44%|████▎     | 305/700 [00:42<00:55,  7.15it/s]
 44%|████▎     | 306/700 [00:42<00:55,  7.15it/s]
 44%|████▍     | 307/700 [00:42<00:55,  7.14it/s]
 44%|████▍     | 308/700 [00:42<00:54,  7.14it/s]
 44%|████▍     | 309/700 [00:42<00:54,  7.14it/s]
 44%|████▍     | 310/700 [00:43<00:54,  7.14it/s]
 44%|████▍     | 311/700 [00:43<00:54,  7.14it/s]
 45%|████▍     | 312/700 [00:43<00:54,  7.14it/s]
 45%|████▍     | 313/700 [00:43<00:54,  7.14it/s]
 45%|████▍     | 314/700 [00:43<00:54,  7.14it/s]
 45%|████▌     | 315/700 [00:43<00:53,  7.14it/s]
 45%|████▌     | 316/700 [00:43<00:53,  7.14it/s]
 45%|████▌     | 317/700 [00:44<00:53,  7.14it/s]
 45%|████▌     | 318/700 [00:44<00:53,  7.14it/s]
 46%|████▌     | 319/700 [00:44<00:53,  7.14it/s]
 46%|████▌     | 320/700 [00:44<00:53,  7.14it/s]
 46%|████▌     | 321/700 [00:44<00:53,  7.15it/s]
 46%|████▌     | 322/700 [00:44<00:52,  7.15it/s]
 46%|████▌     | 323/700 [00:44<00:52,  7.15it/s]
 46%|████▋     | 324/700 [00:45<00:52,  7.15it/s]
 46%|████▋     | 325/700 [00:45<00:52,  7.15it/s]
 47%|████▋     | 326/700 [00:45<00:52,  7.15it/s]
 47%|████▋     | 327/700 [00:45<00:53,  7.02it/s]
 47%|████▋     | 328/700 [00:45<00:51,  7.19it/s]
 47%|████▋     | 329/700 [00:45<00:51,  7.18it/s]
 47%|████▋     | 330/700 [00:45<00:51,  7.17it/s]
 47%|████▋     | 331/700 [00:46<00:51,  7.16it/s]
 47%|████▋     | 332/700 [00:46<00:51,  7.15it/s]
 48%|████▊     | 333/700 [00:46<00:51,  7.15it/s]
 48%|████▊     | 334/700 [00:46<00:51,  7.15it/s]
 48%|████▊     | 335/700 [00:46<00:51,  7.14it/s]
 48%|████▊     | 336/700 [00:46<00:50,  7.14it/s]
 48%|████▊     | 337/700 [00:46<00:50,  7.14it/s]
 48%|████▊     | 338/700 [00:47<00:50,  7.14it/s]
 48%|████▊     | 339/700 [00:47<00:50,  7.14it/s]
 49%|████▊     | 340/700 [00:47<00:50,  7.14it/s]
 49%|████▊     | 341/700 [00:47<00:50,  7.14it/s]
 49%|████▉     | 342/700 [00:47<00:50,  7.15it/s]
 49%|████▉     | 343/700 [00:47<00:49,  7.15it/s]
 49%|████▉     | 344/700 [00:47<00:49,  7.15it/s]
 49%|████▉     | 345/700 [00:48<00:49,  7.14it/s]
 49%|████▉     | 346/700 [00:48<00:49,  7.14it/s]
 50%|████▉     | 347/700 [00:48<00:49,  7.14it/s]
 50%|████▉     | 348/700 [00:48<00:49,  7.15it/s]
 50%|████▉     | 349/700 [00:48<00:49,  7.14it/s]
 50%|█████     | 350/700 [00:48<00:48,  7.15it/s]
 50%|█████     | 351/700 [00:48<00:48,  7.14it/s]
 50%|█████     | 352/700 [00:49<00:48,  7.14it/s]
 50%|█████     | 353/700 [00:49<00:48,  7.14it/s]
 51%|█████     | 354/700 [00:49<00:48,  7.14it/s]
 51%|█████     | 355/700 [00:49<00:48,  7.14it/s]
 51%|█████     | 356/700 [00:49<00:48,  7.14it/s]
 51%|█████     | 357/700 [00:49<00:48,  7.14it/s]
 51%|█████     | 358/700 [00:49<00:47,  7.14it/s]
 51%|█████▏    | 359/700 [00:49<00:47,  7.14it/s]
 51%|█████▏    | 360/700 [00:50<00:47,  7.14it/s]
 52%|█████▏    | 361/700 [00:50<00:47,  7.15it/s]
 52%|█████▏    | 362/700 [00:50<00:47,  7.15it/s]
 52%|█████▏    | 363/700 [00:50<00:47,  7.14it/s]
 52%|█████▏    | 364/700 [00:50<00:47,  7.14it/s]
 52%|█████▏    | 365/700 [00:50<00:46,  7.14it/s]
 52%|█████▏    | 366/700 [00:50<00:46,  7.14it/s]
 52%|█████▏    | 367/700 [00:51<00:46,  7.14it/s]
 53%|█████▎    | 368/700 [00:51<00:46,  7.14it/s]
 53%|█████▎    | 369/700 [00:51<00:46,  7.14it/s]
 53%|█████▎    | 370/700 [00:51<00:46,  7.13it/s]
 53%|█████▎    | 371/700 [00:51<00:46,  7.14it/s]
 53%|█████▎    | 372/700 [00:51<00:45,  7.14it/s]
 53%|█████▎    | 373/700 [00:51<00:45,  7.14it/s]
 53%|█████▎    | 374/700 [00:52<00:45,  7.14it/s]
 54%|█████▎    | 375/700 [00:52<00:45,  7.14it/s]
 54%|█████▎    | 376/700 [00:52<00:45,  7.14it/s]
 54%|█████▍    | 377/700 [00:52<00:45,  7.14it/s]
 54%|█████▍    | 378/700 [00:52<00:45,  7.14it/s]
 54%|█████▍    | 379/700 [00:52<00:44,  7.14it/s]
 54%|█████▍    | 380/700 [00:52<00:44,  7.14it/s]
 54%|█████▍    | 381/700 [00:53<00:44,  7.14it/s]
 55%|█████▍    | 382/700 [00:53<00:44,  7.15it/s]
 55%|█████▍    | 383/700 [00:53<00:44,  7.15it/s]
 55%|█████▍    | 384/700 [00:53<00:44,  7.14it/s]
 55%|█████▌    | 385/700 [00:53<00:44,  7.14it/s]
 55%|█████▌    | 386/700 [00:53<00:43,  7.14it/s]
 55%|█████▌    | 387/700 [00:53<00:43,  7.15it/s]
 55%|█████▌    | 388/700 [00:54<00:43,  7.15it/s]
 56%|█████▌    | 389/700 [00:54<00:43,  7.15it/s]
 56%|█████▌    | 390/700 [00:54<00:43,  7.14it/s]
 56%|█████▌    | 391/700 [00:54<00:43,  7.14it/s]
 56%|█████▌    | 392/700 [00:54<00:43,  7.14it/s]
 56%|█████▌    | 393/700 [00:54<00:42,  7.14it/s]
 56%|█████▋    | 394/700 [00:54<00:42,  7.14it/s]
 56%|█████▋    | 395/700 [00:55<00:42,  7.14it/s]
 57%|█████▋    | 396/700 [00:55<00:42,  7.14it/s]
 57%|█████▋    | 397/700 [00:55<00:42,  7.14it/s]
 57%|█████▋    | 398/700 [00:55<00:42,  7.14it/s]
 57%|█████▋    | 399/700 [00:55<00:42,  7.15it/s]
 57%|█████▋    | 400/700 [00:55<00:41,  7.14it/s]
 57%|█████▋    | 401/700 [00:55<00:41,  7.15it/s]
 57%|█████▋    | 402/700 [00:56<00:41,  7.15it/s]
 58%|█████▊    | 403/700 [00:56<00:41,  7.15it/s]
 58%|█████▊    | 404/700 [00:56<00:41,  7.14it/s]
 58%|█████▊    | 405/700 [00:56<00:41,  7.14it/s]
 58%|█████▊    | 406/700 [00:56<00:41,  7.15it/s]
 58%|█████▊    | 407/700 [00:56<00:41,  7.14it/s]
 58%|█████▊    | 408/700 [00:56<00:40,  7.14it/s]
 58%|█████▊    | 409/700 [00:56<00:40,  7.14it/s]
 59%|█████▊    | 410/700 [00:57<00:40,  7.14it/s]
 59%|█████▊    | 411/700 [00:57<00:40,  7.14it/s]
 59%|█████▉    | 412/700 [00:57<00:40,  7.14it/s]
 59%|█████▉    | 413/700 [00:57<00:40,  7.14it/s]
 59%|█████▉    | 414/700 [00:57<00:40,  7.13it/s]
 59%|█████▉    | 415/700 [00:57<00:39,  7.14it/s]
 59%|█████▉    | 416/700 [00:57<00:39,  7.14it/s]
 60%|█████▉    | 417/700 [00:58<00:39,  7.15it/s]
 60%|█████▉    | 418/700 [00:58<00:39,  7.15it/s]
 60%|█████▉    | 419/700 [00:58<00:39,  7.14it/s]
 60%|██████    | 420/700 [00:58<00:39,  7.15it/s]
 60%|██████    | 421/700 [00:58<00:39,  7.15it/s]
 60%|██████    | 422/700 [00:58<00:38,  7.15it/s]
 60%|██████    | 423/700 [00:58<00:38,  7.15it/s]
 61%|██████    | 424/700 [00:59<00:38,  7.14it/s]
 61%|██████    | 425/700 [00:59<00:38,  7.15it/s]
 61%|██████    | 426/700 [00:59<00:38,  7.14it/s]
 61%|██████    | 427/700 [00:59<00:38,  7.15it/s]
 61%|██████    | 428/700 [00:59<00:38,  7.15it/s]
 61%|██████▏   | 429/700 [00:59<00:37,  7.15it/s]
 61%|██████▏   | 430/700 [00:59<00:37,  7.14it/s]
 62%|██████▏   | 431/700 [01:00<00:37,  7.14it/s]
 62%|██████▏   | 432/700 [01:00<00:37,  7.14it/s]
 62%|██████▏   | 433/700 [01:00<00:37,  7.14it/s]
 62%|██████▏   | 434/700 [01:00<00:37,  7.14it/s]
 62%|██████▏   | 435/700 [01:00<00:37,  7.14it/s]
 62%|██████▏   | 436/700 [01:00<00:36,  7.14it/s]
 62%|██████▏   | 437/700 [01:00<00:36,  7.14it/s]
 63%|██████▎   | 438/700 [01:01<00:36,  7.14it/s]
 63%|██████▎   | 439/700 [01:01<00:36,  7.13it/s]
 63%|██████▎   | 440/700 [01:01<00:36,  7.13it/s]
 63%|██████▎   | 441/700 [01:01<00:36,  7.13it/s]
 63%|██████▎   | 442/700 [01:01<00:36,  7.14it/s]
 63%|██████▎   | 443/700 [01:01<00:36,  7.13it/s]
 63%|██████▎   | 444/700 [01:01<00:35,  7.13it/s]
 64%|██████▎   | 445/700 [01:02<00:35,  7.14it/s]
 64%|██████▎   | 446/700 [01:02<00:35,  7.14it/s]
 64%|██████▍   | 447/700 [01:02<00:35,  7.14it/s]
 64%|██████▍   | 448/700 [01:02<00:35,  7.14it/s]
 64%|██████▍   | 449/700 [01:02<00:35,  7.13it/s]
 64%|██████▍   | 450/700 [01:02<00:35,  7.14it/s]
 64%|██████▍   | 451/700 [01:02<00:34,  7.14it/s]
 65%|██████▍   | 452/700 [01:03<00:34,  7.14it/s]
 65%|██████▍   | 453/700 [01:03<00:34,  7.13it/s]
 65%|██████▍   | 454/700 [01:03<00:34,  7.14it/s]
 65%|██████▌   | 455/700 [01:03<00:34,  7.14it/s]
 65%|██████▌   | 456/700 [01:03<00:34,  7.14it/s]
 65%|██████▌   | 457/700 [01:03<00:34,  7.14it/s]
 65%|██████▌   | 458/700 [01:03<00:33,  7.14it/s]
 66%|██████▌   | 459/700 [01:03<00:33,  7.14it/s]
 66%|██████▌   | 460/700 [01:04<00:33,  7.14it/s]
 66%|██████▌   | 461/700 [01:04<00:33,  7.14it/s]
 66%|██████▌   | 462/700 [01:04<00:33,  7.14it/s]
 66%|██████▌   | 463/700 [01:04<00:33,  7.14it/s]
 66%|██████▋   | 464/700 [01:04<00:33,  7.14it/s]
 66%|██████▋   | 465/700 [01:04<00:32,  7.14it/s]
 67%|██████▋   | 466/700 [01:04<00:32,  7.14it/s]
 67%|██████▋   | 467/700 [01:05<00:32,  7.14it/s]
 67%|██████▋   | 468/700 [01:05<00:32,  7.14it/s]
 67%|██████▋   | 469/700 [01:05<00:32,  7.14it/s]
 67%|██████▋   | 470/700 [01:05<00:32,  7.13it/s]
 67%|██████▋   | 471/700 [01:05<00:32,  7.13it/s]
 67%|██████▋   | 472/700 [01:05<00:31,  7.13it/s]
 68%|██████▊   | 473/700 [01:05<00:31,  7.13it/s]
 68%|██████▊   | 474/700 [01:06<00:31,  7.13it/s]
 68%|██████▊   | 475/700 [01:06<00:31,  7.13it/s]
 68%|██████▊   | 476/700 [01:06<00:31,  7.13it/s]
 68%|██████▊   | 477/700 [01:06<00:31,  7.14it/s]
 68%|██████▊   | 478/700 [01:06<00:31,  7.14it/s]
 68%|██████▊   | 479/700 [01:06<00:30,  7.14it/s]
 69%|██████▊   | 480/700 [01:06<00:30,  7.13it/s]
 69%|██████▊   | 481/700 [01:07<00:30,  7.13it/s]
 69%|██████▉   | 482/700 [01:07<00:30,  7.13it/s]
 69%|██████▉   | 483/700 [01:07<00:30,  7.13it/s]
 69%|██████▉   | 484/700 [01:07<00:30,  7.13it/s]
 69%|██████▉   | 485/700 [01:07<00:30,  7.13it/s]
 69%|██████▉   | 486/700 [01:07<00:30,  7.13it/s]
 70%|██████▉   | 487/700 [01:07<00:29,  7.12it/s]
 70%|██████▉   | 488/700 [01:08<00:29,  7.12it/s]
 70%|██████▉   | 489/700 [01:08<00:29,  7.12it/s]
 70%|███████   | 490/700 [01:08<00:29,  7.12it/s]
 70%|███████   | 491/700 [01:08<00:29,  7.12it/s]
 70%|███████   | 492/700 [01:08<00:29,  7.12it/s]
 70%|███████   | 493/700 [01:08<00:29,  7.12it/s]
 71%|███████   | 494/700 [01:08<00:28,  7.12it/s]
 71%|███████   | 495/700 [01:09<00:28,  7.12it/s]
 71%|███████   | 496/700 [01:09<00:28,  7.12it/s]
 71%|███████   | 497/700 [01:09<00:28,  7.12it/s]
 71%|███████   | 498/700 [01:09<00:28,  7.13it/s]
 71%|███████▏  | 499/700 [01:09<00:28,  7.13it/s]
 71%|███████▏  | 500/700 [01:09<00:28,  7.13it/s]
 72%|███████▏  | 501/700 [01:09<00:27,  7.13it/s]
 72%|███████▏  | 502/700 [01:10<00:27,  7.13it/s]
 72%|███████▏  | 503/700 [01:10<00:27,  7.13it/s]
 72%|███████▏  | 504/700 [01:10<00:27,  7.13it/s]
 72%|███████▏  | 505/700 [01:10<00:27,  7.13it/s]
 72%|███████▏  | 506/700 [01:10<00:27,  7.13it/s]
 72%|███████▏  | 507/700 [01:10<00:27,  7.13it/s]
 73%|███████▎  | 508/700 [01:10<00:26,  7.12it/s]
 73%|███████▎  | 509/700 [01:11<00:26,  7.12it/s]
 73%|███████▎  | 510/700 [01:11<00:26,  7.12it/s]
 73%|███████▎  | 511/700 [01:11<00:26,  7.13it/s]
 73%|███████▎  | 512/700 [01:11<00:26,  7.12it/s]
 73%|███████▎  | 513/700 [01:11<00:26,  7.13it/s]
 73%|███████▎  | 514/700 [01:11<00:26,  7.13it/s]
 74%|███████▎  | 515/700 [01:11<00:25,  7.13it/s]
 74%|███████▎  | 516/700 [01:11<00:25,  7.13it/s]
 74%|███████▍  | 517/700 [01:12<00:25,  7.13it/s]
 74%|███████▍  | 518/700 [01:12<00:25,  7.05it/s]
 74%|███████▍  | 519/700 [01:12<00:25,  7.16it/s]
 74%|███████▍  | 520/700 [01:12<00:25,  7.15it/s]
 74%|███████▍  | 521/700 [01:12<00:25,  7.15it/s]
 75%|███████▍  | 522/700 [01:12<00:24,  7.14it/s]
 75%|███████▍  | 523/700 [01:12<00:24,  7.14it/s]
 75%|███████▍  | 524/700 [01:13<00:24,  7.14it/s]
 75%|███████▌  | 525/700 [01:13<00:24,  7.14it/s]
 75%|███████▌  | 526/700 [01:13<00:24,  7.14it/s]
 75%|███████▌  | 527/700 [01:13<00:24,  7.14it/s]
 75%|███████▌  | 528/700 [01:13<00:24,  7.13it/s]
 76%|███████▌  | 529/700 [01:13<00:23,  7.13it/s]
 76%|███████▌  | 530/700 [01:13<00:23,  7.13it/s]
 76%|███████▌  | 531/700 [01:14<00:23,  7.13it/s]
 76%|███████▌  | 532/700 [01:14<00:23,  7.12it/s]
 76%|███████▌  | 533/700 [01:14<00:23,  7.13it/s]
 76%|███████▋  | 534/700 [01:14<00:23,  7.13it/s]
 76%|███████▋  | 535/700 [01:14<00:23,  7.13it/s]
 77%|███████▋  | 536/700 [01:14<00:23,  7.13it/s]
 77%|███████▋  | 537/700 [01:14<00:22,  7.13it/s]
 77%|███████▋  | 538/700 [01:15<00:22,  7.13it/s]
 77%|███████▋  | 539/700 [01:15<00:22,  7.13it/s]
 77%|███████▋  | 540/700 [01:15<00:22,  7.12it/s]
 77%|███████▋  | 541/700 [01:15<00:22,  7.12it/s]
 77%|███████▋  | 542/700 [01:15<00:22,  7.12it/s]
 78%|███████▊  | 543/700 [01:15<00:22,  7.12it/s]
 78%|███████▊  | 544/700 [01:15<00:21,  7.12it/s]
 78%|███████▊  | 545/700 [01:16<00:21,  7.12it/s]
 78%|███████▊  | 546/700 [01:16<00:21,  7.12it/s]
 78%|███████▊  | 547/700 [01:16<00:21,  7.12it/s]
 78%|███████▊  | 548/700 [01:16<00:21,  7.12it/s]
 78%|███████▊  | 549/700 [01:16<00:21,  7.12it/s]
 79%|███████▊  | 550/700 [01:16<00:21,  7.12it/s]
 79%|███████▊  | 551/700 [01:16<00:20,  7.12it/s]
 79%|███████▉  | 552/700 [01:17<00:20,  7.12it/s]
 79%|███████▉  | 553/700 [01:17<00:20,  7.12it/s]
 79%|███████▉  | 554/700 [01:17<00:20,  7.12it/s]
 79%|███████▉  | 555/700 [01:17<00:20,  7.12it/s]
 79%|███████▉  | 556/700 [01:17<00:20,  7.12it/s]
 80%|███████▉  | 557/700 [01:17<00:20,  7.12it/s]
 80%|███████▉  | 558/700 [01:17<00:19,  7.12it/s]
 80%|███████▉  | 559/700 [01:18<00:19,  7.12it/s]
 80%|████████  | 560/700 [01:18<00:19,  7.12it/s]
 80%|████████  | 561/700 [01:18<00:19,  7.12it/s]
 80%|████████  | 562/700 [01:18<00:19,  7.13it/s]
 80%|████████  | 563/700 [01:18<00:19,  7.12it/s]
 81%|████████  | 564/700 [01:18<00:19,  7.13it/s]
 81%|████████  | 565/700 [01:18<00:18,  7.13it/s]
 81%|████████  | 566/700 [01:18<00:18,  7.13it/s]
 81%|████████  | 567/700 [01:19<00:18,  7.13it/s]
 81%|████████  | 568/700 [01:19<00:18,  7.13it/s]
 81%|████████▏ | 569/700 [01:19<00:18,  7.13it/s]
 81%|████████▏ | 570/700 [01:19<00:18,  7.13it/s]
 82%|████████▏ | 571/700 [01:19<00:18,  7.13it/s]
 82%|████████▏ | 572/700 [01:19<00:17,  7.13it/s]
 82%|████████▏ | 573/700 [01:19<00:17,  7.13it/s]
 82%|████████▏ | 574/700 [01:20<00:17,  7.13it/s]
 82%|████████▏ | 575/700 [01:20<00:17,  7.13it/s]
 82%|████████▏ | 576/700 [01:20<00:17,  7.13it/s]
 82%|████████▏ | 577/700 [01:20<00:17,  7.13it/s]
 83%|████████▎ | 578/700 [01:20<00:17,  7.13it/s]
 83%|████████▎ | 579/700 [01:20<00:16,  7.13it/s]
 83%|████████▎ | 580/700 [01:20<00:16,  7.13it/s]
 83%|████████▎ | 581/700 [01:21<00:16,  7.13it/s]
 83%|████████▎ | 582/700 [01:21<00:16,  7.14it/s]
 83%|████████▎ | 583/700 [01:21<00:16,  7.13it/s]
 83%|████████▎ | 584/700 [01:21<00:16,  7.13it/s]
 84%|████████▎ | 585/700 [01:21<00:16,  7.13it/s]
 84%|████████▎ | 586/700 [01:21<00:15,  7.13it/s]
 84%|████████▍ | 587/700 [01:21<00:15,  7.13it/s]
 84%|████████▍ | 588/700 [01:22<00:15,  7.13it/s]
 84%|████████▍ | 589/700 [01:22<00:15,  7.13it/s]
 84%|████████▍ | 590/700 [01:22<00:15,  7.13it/s]
 84%|████████▍ | 591/700 [01:22<00:15,  7.13it/s]
 85%|████████▍ | 592/700 [01:22<00:15,  7.13it/s]
 85%|████████▍ | 593/700 [01:22<00:15,  7.13it/s]
 85%|████████▍ | 594/700 [01:22<00:14,  7.13it/s]
 85%|████████▌ | 595/700 [01:23<00:14,  7.13it/s]
 85%|████████▌ | 596/700 [01:23<00:14,  7.13it/s]
 85%|████████▌ | 597/700 [01:23<00:14,  7.13it/s]
 85%|████████▌ | 598/700 [01:23<00:14,  7.13it/s]
 86%|████████▌ | 599/700 [01:23<00:14,  7.12it/s]
 86%|████████▌ | 600/700 [01:23<00:14,  7.12it/s]
 86%|████████▌ | 601/700 [01:23<00:13,  7.12it/s]
 86%|████████▌ | 602/700 [01:24<00:13,  7.12it/s]
 86%|████████▌ | 603/700 [01:24<00:13,  7.13it/s]
 86%|████████▋ | 604/700 [01:24<00:13,  7.13it/s]
 86%|████████▋ | 605/700 [01:24<00:13,  7.12it/s]
 87%|████████▋ | 606/700 [01:24<00:13,  7.12it/s]
 87%|████████▋ | 607/700 [01:24<00:13,  7.12it/s]
 87%|████████▋ | 608/700 [01:24<00:12,  7.12it/s]
 87%|████████▋ | 609/700 [01:25<00:12,  7.12it/s]
 87%|████████▋ | 610/700 [01:25<00:12,  7.12it/s]
 87%|████████▋ | 611/700 [01:25<00:12,  7.12it/s]
 87%|████████▋ | 612/700 [01:25<00:12,  7.13it/s]
 88%|████████▊ | 613/700 [01:25<00:12,  7.13it/s]
 88%|████████▊ | 614/700 [01:25<00:12,  7.12it/s]
 88%|████████▊ | 615/700 [01:25<00:11,  7.12it/s]
 88%|████████▊ | 616/700 [01:26<00:11,  7.12it/s]
 88%|████████▊ | 617/700 [01:26<00:11,  7.13it/s]
 88%|████████▊ | 618/700 [01:26<00:11,  7.12it/s]
 88%|████████▊ | 619/700 [01:26<00:11,  7.13it/s]
 89%|████████▊ | 620/700 [01:26<00:11,  7.13it/s]
 89%|████████▊ | 621/700 [01:26<00:11,  7.13it/s]
 89%|████████▉ | 622/700 [01:26<00:10,  7.13it/s]
 89%|████████▉ | 623/700 [01:26<00:10,  7.13it/s]
 89%|████████▉ | 624/700 [01:27<00:10,  7.13it/s]
 89%|████████▉ | 625/700 [01:27<00:10,  7.13it/s]
 89%|████████▉ | 626/700 [01:27<00:10,  7.13it/s]
 90%|████████▉ | 627/700 [01:27<00:10,  7.13it/s]
 90%|████████▉ | 628/700 [01:27<00:10,  7.13it/s]
 90%|████████▉ | 629/700 [01:27<00:09,  7.13it/s]
 90%|█████████ | 630/700 [01:27<00:09,  7.13it/s]
 90%|█████████ | 631/700 [01:28<00:09,  7.13it/s]
 90%|█████████ | 632/700 [01:28<00:09,  7.13it/s]
 90%|█████████ | 633/700 [01:28<00:09,  7.14it/s]
 91%|█████████ | 634/700 [01:28<00:09,  7.13it/s]
 91%|█████████ | 635/700 [01:28<00:09,  7.14it/s]
 91%|█████████ | 636/700 [01:28<00:08,  7.13it/s]
 91%|█████████ | 637/700 [01:28<00:08,  7.13it/s]
 91%|█████████ | 638/700 [01:29<00:08,  7.14it/s]
 91%|█████████▏| 639/700 [01:29<00:08,  7.14it/s]
 91%|█████████▏| 640/700 [01:29<00:08,  7.14it/s]
 92%|█████████▏| 641/700 [01:29<00:08,  7.14it/s]
 92%|█████████▏| 642/700 [01:29<00:08,  7.14it/s]
 92%|█████████▏| 643/700 [01:29<00:07,  7.14it/s]
 92%|█████████▏| 644/700 [01:29<00:07,  7.14it/s]
 92%|█████████▏| 645/700 [01:30<00:07,  7.14it/s]
 92%|█████████▏| 646/700 [01:30<00:07,  7.14it/s]
 92%|█████████▏| 647/700 [01:30<00:07,  7.14it/s]
 93%|█████████▎| 648/700 [01:30<00:07,  7.13it/s]
 93%|█████████▎| 649/700 [01:30<00:07,  7.13it/s]
 93%|█████████▎| 650/700 [01:30<00:07,  7.13it/s]
 93%|█████████▎| 651/700 [01:30<00:06,  7.14it/s]
 93%|█████████▎| 652/700 [01:31<00:06,  7.14it/s]
 93%|█████████▎| 653/700 [01:31<00:06,  7.14it/s]
 93%|█████████▎| 654/700 [01:31<00:06,  7.13it/s]
 94%|█████████▎| 655/700 [01:31<00:06,  7.13it/s]
 94%|█████████▎| 656/700 [01:31<00:06,  7.13it/s]
 94%|█████████▍| 657/700 [01:31<00:06,  7.13it/s]
 94%|█████████▍| 658/700 [01:31<00:05,  7.13it/s]
 94%|█████████▍| 659/700 [01:32<00:05,  7.13it/s]
 94%|█████████▍| 660/700 [01:32<00:05,  7.13it/s]
 94%|█████████▍| 661/700 [01:32<00:05,  7.13it/s]
 95%|█████████▍| 662/700 [01:32<00:05,  7.13it/s]
 95%|█████████▍| 663/700 [01:32<00:05,  7.13it/s]
 95%|█████████▍| 664/700 [01:32<00:05,  7.13it/s]
 95%|█████████▌| 665/700 [01:32<00:04,  7.13it/s]
 95%|█████████▌| 666/700 [01:33<00:04,  7.13it/s]
 95%|█████████▌| 667/700 [01:33<00:04,  7.12it/s]
 95%|█████████▌| 668/700 [01:33<00:04,  7.12it/s]
 96%|█████████▌| 669/700 [01:33<00:04,  7.12it/s]
 96%|█████████▌| 670/700 [01:33<00:04,  7.12it/s]
 96%|█████████▌| 671/700 [01:33<00:04,  7.12it/s]
 96%|█████████▌| 672/700 [01:33<00:03,  7.12it/s]
 96%|█████████▌| 673/700 [01:34<00:03,  7.12it/s]
 96%|█████████▋| 674/700 [01:34<00:03,  7.12it/s]
 96%|█████████▋| 675/700 [01:34<00:03,  7.12it/s]
 97%|█████████▋| 676/700 [01:34<00:03,  7.12it/s]
 97%|█████████▋| 677/700 [01:34<00:03,  7.12it/s]
 97%|█████████▋| 678/700 [01:34<00:03,  7.12it/s]
 97%|█████████▋| 679/700 [01:34<00:02,  7.12it/s]
 97%|█████████▋| 680/700 [01:34<00:02,  7.12it/s]
 97%|█████████▋| 681/700 [01:35<00:02,  7.13it/s]
 97%|█████████▋| 682/700 [01:35<00:02,  7.13it/s]
 98%|█████████▊| 683/700 [01:35<00:02,  7.12it/s]
 98%|█████████▊| 684/700 [01:35<00:02,  7.13it/s]
 98%|█████████▊| 685/700 [01:35<00:02,  7.13it/s]
 98%|█████████▊| 686/700 [01:35<00:01,  7.13it/s]
 98%|█████████▊| 687/700 [01:35<00:01,  7.13it/s]
 98%|█████████▊| 688/700 [01:36<00:01,  7.13it/s]
 98%|█████████▊| 689/700 [01:36<00:01,  7.13it/s]
 99%|█████████▊| 690/700 [01:36<00:01,  7.13it/s]
 99%|█████████▊| 691/700 [01:36<00:01,  7.13it/s]
 99%|█████████▉| 692/700 [01:36<00:01,  7.13it/s]
 99%|█████████▉| 693/700 [01:36<00:00,  7.13it/s]
 99%|█████████▉| 694/700 [01:36<00:00,  7.13it/s]
 99%|█████████▉| 695/700 [01:37<00:00,  7.13it/s]
 99%|█████████▉| 696/700 [01:37<00:00,  7.13it/s]
100%|█████████▉| 697/700 [01:37<00:00,  7.13it/s]
100%|█████████▉| 698/700 [01:37<00:00,  7.13it/s]
100%|█████████▉| 699/700 [01:37<00:00,  7.13it/s]
100%|██████████| 700/700 [01:37<00:00,  7.13it/s]
100%|██████████| 700/700 [01:37<00:00,  7.16it/s]
/tmp/tmpnmm9mh7a: line 3: 2330674 Killed                  python utils/preprocessing.py

ERROR conda.cli.main_run:execute(125): `conda run python utils/preprocessing.py` failed. (See above for error)
slurmstepd: error: Detected 1 oom_kill event in StepId=18541.batch. Some of the step tasks have been OOM Killed.
