
  0%|          | 0/725 [00:00<?, ?it/s]
  0%|          | 1/725 [00:01<16:18,  1.35s/it]
  1%|          | 4/725 [00:01<03:39,  3.28it/s]
  1%|          | 6/725 [00:01<02:31,  4.75it/s]
  1%|          | 8/725 [00:01<01:57,  6.11it/s]
  1%|▏         | 10/725 [00:02<01:37,  7.30it/s]
  2%|▏         | 12/725 [00:02<01:26,  8.29it/s]
  2%|▏         | 14/725 [00:02<01:19,  9.00it/s]
  2%|▏         | 16/725 [00:02<01:13,  9.70it/s]
  2%|▏         | 18/725 [00:02<01:09, 10.15it/s]
  3%|▎         | 20/725 [00:02<01:07, 10.49it/s]
  3%|▎         | 22/725 [00:03<01:05, 10.72it/s]
  3%|▎         | 24/725 [00:03<01:04, 10.89it/s]
  4%|▎         | 26/725 [00:03<01:03, 11.02it/s]
  4%|▍         | 28/725 [00:03<01:02, 11.10it/s]
  4%|▍         | 30/725 [00:03<01:02, 11.16it/s]
  4%|▍         | 32/725 [00:04<01:01, 11.21it/s]
  5%|▍         | 34/725 [00:04<01:01, 11.24it/s]
  5%|▍         | 36/725 [00:04<01:01, 11.26it/s]
  5%|▌         | 38/725 [00:04<01:00, 11.28it/s]
  6%|▌         | 40/725 [00:04<01:00, 11.29it/s]
  6%|▌         | 42/725 [00:04<01:00, 11.30it/s]
  6%|▌         | 44/725 [00:05<01:00, 11.31it/s]
  6%|▋         | 46/725 [00:05<01:00, 11.30it/s]
  7%|▋         | 48/725 [00:05<00:59, 11.30it/s]
  7%|▋         | 50/725 [00:05<00:59, 11.31it/s]
  7%|▋         | 52/725 [00:05<00:59, 11.31it/s]
  7%|▋         | 54/725 [00:05<00:59, 11.31it/s]
  8%|▊         | 56/725 [00:06<00:59, 11.31it/s]
  8%|▊         | 58/725 [00:06<00:58, 11.32it/s]
  8%|▊         | 60/725 [00:06<00:58, 11.32it/s]
  9%|▊         | 62/725 [00:06<00:58, 11.32it/s]
  9%|▉         | 64/725 [00:06<00:58, 11.32it/s]
  9%|▉         | 66/725 [00:07<00:58, 11.32it/s]
  9%|▉         | 68/725 [00:07<00:58, 11.31it/s]
 10%|▉         | 70/725 [00:07<00:57, 11.31it/s]
 10%|▉         | 72/725 [00:07<00:57, 11.31it/s]
 10%|█         | 74/725 [00:07<00:57, 11.31it/s]
 10%|█         | 76/725 [00:07<00:57, 11.31it/s]
 11%|█         | 78/725 [00:08<00:57, 11.31it/s]
 11%|█         | 80/725 [00:08<00:57, 11.31it/s]
 11%|█▏        | 82/725 [00:08<00:56, 11.31it/s]
 12%|█▏        | 84/725 [00:08<00:56, 11.31it/s]
 12%|█▏        | 86/725 [00:08<00:56, 11.31it/s]
 12%|█▏        | 88/725 [00:08<00:56, 11.31it/s]
 12%|█▏        | 90/725 [00:09<00:56, 11.31it/s]
 13%|█▎        | 92/725 [00:09<00:55, 11.31it/s]
 13%|█▎        | 94/725 [00:09<00:55, 11.30it/s]
 13%|█▎        | 96/725 [00:09<00:55, 11.31it/s]
 14%|█▎        | 98/725 [00:09<00:55, 11.30it/s]
 14%|█▍        | 100/725 [00:10<00:55, 11.30it/s]
 14%|█▍        | 102/725 [00:10<00:55, 11.31it/s]
 14%|█▍        | 104/725 [00:10<00:54, 11.30it/s]
 15%|█▍        | 106/725 [00:10<00:54, 11.30it/s]
 15%|█▍        | 108/725 [00:10<00:54, 11.30it/s]
 15%|█▌        | 110/725 [00:10<00:54, 11.29it/s]
 15%|█▌        | 112/725 [00:11<00:54, 11.30it/s]
 16%|█▌        | 114/725 [00:11<00:54, 11.30it/s]
 16%|█▌        | 116/725 [00:11<00:53, 11.30it/s]
 16%|█▋        | 118/725 [00:11<00:53, 11.30it/s]
 17%|█▋        | 120/725 [00:11<00:53, 11.30it/s]
 17%|█▋        | 122/725 [00:11<00:53, 11.30it/s]
 17%|█▋        | 124/725 [00:12<00:53, 11.30it/s]
 17%|█▋        | 126/725 [00:12<00:52, 11.30it/s]
 18%|█▊        | 128/725 [00:12<00:52, 11.30it/s]
 18%|█▊        | 130/725 [00:12<00:52, 11.30it/s]
 18%|█▊        | 132/725 [00:12<00:52, 11.30it/s]
 18%|█▊        | 134/725 [00:13<00:52, 11.30it/s]
 19%|█▉        | 136/725 [00:13<00:52, 11.31it/s]
 19%|█▉        | 138/725 [00:13<00:51, 11.30it/s]
 19%|█▉        | 140/725 [00:13<00:51, 11.30it/s]
 20%|█▉        | 142/725 [00:13<00:51, 11.30it/s]
 20%|█▉        | 144/725 [00:13<00:51, 11.29it/s]
 20%|██        | 146/725 [00:14<00:51, 11.29it/s]
 20%|██        | 148/725 [00:14<00:51, 11.29it/s]
 21%|██        | 150/725 [00:14<00:50, 11.29it/s]
 21%|██        | 152/725 [00:14<00:50, 11.29it/s]
 21%|██        | 154/725 [00:14<00:50, 11.29it/s]
 22%|██▏       | 156/725 [00:14<00:50, 11.30it/s]
 22%|██▏       | 158/725 [00:15<00:50, 11.29it/s]
 22%|██▏       | 160/725 [00:15<00:50, 11.29it/s]
 22%|██▏       | 162/725 [00:15<00:49, 11.29it/s]
 23%|██▎       | 164/725 [00:15<00:49, 11.28it/s]
 23%|██▎       | 166/725 [00:15<00:49, 11.28it/s]
 23%|██▎       | 168/725 [00:16<00:49, 11.28it/s]
 23%|██▎       | 170/725 [00:16<00:49, 11.29it/s]
 24%|██▎       | 172/725 [00:16<00:48, 11.30it/s]
 24%|██▍       | 174/725 [00:16<00:48, 11.29it/s]
 24%|██▍       | 176/725 [00:16<00:48, 11.29it/s]
 25%|██▍       | 178/725 [00:16<00:48, 11.29it/s]
 25%|██▍       | 180/725 [00:17<00:48, 11.29it/s]
 25%|██▌       | 182/725 [00:17<00:48, 11.30it/s]
 25%|██▌       | 184/725 [00:17<00:47, 11.29it/s]
 26%|██▌       | 186/725 [00:17<00:47, 11.30it/s]
 26%|██▌       | 188/725 [00:17<00:47, 11.29it/s]
 26%|██▌       | 190/725 [00:17<00:47, 11.29it/s]
 26%|██▋       | 192/725 [00:18<00:47, 11.30it/s]
 27%|██▋       | 194/725 [00:18<00:47, 11.29it/s]
 27%|██▋       | 196/725 [00:18<00:46, 11.29it/s]
 27%|██▋       | 198/725 [00:18<00:46, 11.29it/s]
 28%|██▊       | 200/725 [00:18<00:46, 11.29it/s]
 28%|██▊       | 202/725 [00:19<00:46, 11.30it/s]
 28%|██▊       | 204/725 [00:19<00:46, 11.29it/s]
 28%|██▊       | 206/725 [00:19<00:45, 11.29it/s]
 29%|██▊       | 208/725 [00:19<00:45, 11.29it/s]
 29%|██▉       | 210/725 [00:19<00:45, 11.29it/s]
 29%|██▉       | 212/725 [00:19<00:45, 11.29it/s]
 30%|██▉       | 214/725 [00:20<00:45, 11.29it/s]
 30%|██▉       | 216/725 [00:20<00:45, 11.29it/s]
 30%|███       | 218/725 [00:20<00:44, 11.29it/s]
 30%|███       | 220/725 [00:20<00:44, 11.29it/s]
 31%|███       | 222/725 [00:20<00:44, 11.30it/s]
 31%|███       | 224/725 [00:21<00:44, 11.29it/s]
 31%|███       | 226/725 [00:21<00:44, 11.29it/s]
 31%|███▏      | 228/725 [00:21<00:44, 11.29it/s]
 32%|███▏      | 230/725 [00:21<00:43, 11.29it/s]
 32%|███▏      | 232/725 [00:21<00:43, 11.29it/s]
 32%|███▏      | 234/725 [00:21<00:43, 11.28it/s]
 33%|███▎      | 236/725 [00:22<00:43, 11.29it/s]
 33%|███▎      | 238/725 [00:22<00:43, 11.28it/s]
 33%|███▎      | 240/725 [00:22<00:42, 11.28it/s]
 33%|███▎      | 242/725 [00:22<00:42, 11.30it/s]
 34%|███▎      | 244/725 [00:22<00:42, 11.29it/s]
 34%|███▍      | 246/725 [00:22<00:42, 11.30it/s]
 34%|███▍      | 248/725 [00:23<00:42, 11.29it/s]
 34%|███▍      | 250/725 [00:23<00:42, 11.29it/s]
 35%|███▍      | 252/725 [00:23<00:41, 11.29it/s]
 35%|███▌      | 254/725 [00:23<00:41, 11.29it/s]
 35%|███▌      | 256/725 [00:23<00:41, 11.30it/s]
 36%|███▌      | 258/725 [00:24<00:41, 11.29it/s]
 36%|███▌      | 260/725 [00:24<00:41, 11.29it/s]
 36%|███▌      | 262/725 [00:24<00:40, 11.30it/s]
 36%|███▋      | 264/725 [00:24<00:40, 11.28it/s]
 37%|███▋      | 266/725 [00:24<00:40, 11.29it/s]
 37%|███▋      | 268/725 [00:24<00:40, 11.29it/s]
 37%|███▋      | 270/725 [00:25<00:40, 11.29it/s]
 38%|███▊      | 272/725 [00:25<00:40, 11.29it/s]
 38%|███▊      | 274/725 [00:25<00:39, 11.29it/s]
 38%|███▊      | 276/725 [00:25<00:39, 11.29it/s]
 38%|███▊      | 278/725 [00:25<00:39, 11.29it/s]
 39%|███▊      | 280/725 [00:25<00:39, 11.29it/s]
 39%|███▉      | 282/725 [00:26<00:39, 11.30it/s]
 39%|███▉      | 284/725 [00:26<00:39, 11.29it/s]
 39%|███▉      | 286/725 [00:26<00:38, 11.29it/s]
 40%|███▉      | 288/725 [00:26<00:38, 11.29it/s]
 40%|████      | 290/725 [00:26<00:38, 11.29it/s]
 40%|████      | 292/725 [00:27<00:38, 11.29it/s]
 41%|████      | 294/725 [00:27<00:38, 11.28it/s]
 41%|████      | 296/725 [00:27<00:38, 11.29it/s]
 41%|████      | 298/725 [00:27<00:37, 11.28it/s]
 41%|████▏     | 300/725 [00:27<00:37, 11.29it/s]
 42%|████▏     | 302/725 [00:27<00:37, 11.29it/s]
 42%|████▏     | 304/725 [00:28<00:37, 11.29it/s]
 42%|████▏     | 306/725 [00:28<00:37, 11.29it/s]
 42%|████▏     | 308/725 [00:28<00:36, 11.29it/s]
 43%|████▎     | 310/725 [00:28<00:36, 11.29it/s]
 43%|████▎     | 312/725 [00:28<00:36, 11.29it/s]
 43%|████▎     | 314/725 [00:28<00:36, 11.28it/s]
 44%|████▎     | 316/725 [00:29<00:36, 11.28it/s]
 44%|████▍     | 318/725 [00:29<00:36, 11.28it/s]
 44%|████▍     | 320/725 [00:29<00:35, 11.28it/s]
 44%|████▍     | 322/725 [00:29<00:35, 11.29it/s]
 45%|████▍     | 324/725 [00:29<00:35, 11.28it/s]
 45%|████▍     | 326/725 [00:30<00:35, 11.28it/s]
 45%|████▌     | 328/725 [00:30<00:35, 11.29it/s]
 46%|████▌     | 330/725 [00:30<00:35, 11.28it/s]
 46%|████▌     | 332/725 [00:30<00:34, 11.28it/s]
 46%|████▌     | 334/725 [00:30<00:34, 11.28it/s]
 46%|████▋     | 336/725 [00:30<00:34, 11.28it/s]
 47%|████▋     | 338/725 [00:31<00:34, 11.29it/s]
 47%|████▋     | 340/725 [00:31<00:34, 11.28it/s]
 47%|████▋     | 342/725 [00:31<00:33, 11.28it/s]
 47%|████▋     | 344/725 [00:31<00:33, 11.29it/s]
 48%|████▊     | 346/725 [00:31<00:33, 11.28it/s]
 48%|████▊     | 348/725 [00:31<00:33, 11.28it/s]
 48%|████▊     | 350/725 [00:32<00:33, 11.28it/s]
 49%|████▊     | 352/725 [00:32<00:33, 11.28it/s]
 49%|████▉     | 354/725 [00:32<00:32, 11.29it/s]
 49%|████▉     | 356/725 [00:32<00:32, 11.28it/s]
 49%|████▉     | 358/725 [00:32<00:32, 11.29it/s]
 50%|████▉     | 360/725 [00:33<00:32, 11.28it/s]
 50%|████▉     | 362/725 [00:33<00:32, 11.28it/s]
 50%|█████     | 364/725 [00:33<00:31, 11.29it/s]
 50%|█████     | 366/725 [00:33<00:31, 11.28it/s]
 51%|█████     | 368/725 [00:33<00:31, 11.28it/s]
 51%|█████     | 370/725 [00:33<00:31, 11.28it/s]
 51%|█████▏    | 372/725 [00:34<00:31, 11.28it/s]
 52%|█████▏    | 374/725 [00:34<00:31, 11.28it/s]
 52%|█████▏    | 376/725 [00:34<00:30, 11.28it/s]
 52%|█████▏    | 378/725 [00:34<00:30, 11.28it/s]
 52%|█████▏    | 380/725 [00:34<00:30, 11.28it/s]
 53%|█████▎    | 382/725 [00:34<00:30, 11.28it/s]
 53%|█████▎    | 384/725 [00:35<00:30, 11.28it/s]
 53%|█████▎    | 386/725 [00:35<00:30, 11.28it/s]
 54%|█████▎    | 388/725 [00:35<00:29, 11.28it/s]
 54%|█████▍    | 390/725 [00:35<00:29, 11.28it/s]
 54%|█████▍    | 392/725 [00:35<00:29, 11.28it/s]
 54%|█████▍    | 394/725 [00:36<00:29, 11.28it/s]
 55%|█████▍    | 396/725 [00:36<00:29, 11.29it/s]
 55%|█████▍    | 398/725 [00:36<00:29, 11.27it/s]
 55%|█████▌    | 400/725 [00:36<00:28, 11.28it/s]
 55%|█████▌    | 402/725 [00:36<00:28, 11.28it/s]
 56%|█████▌    | 404/725 [00:36<00:28, 11.29it/s]
 56%|█████▌    | 406/725 [00:37<00:28, 11.29it/s]
 56%|█████▋    | 408/725 [00:37<00:28, 11.28it/s]
 57%|█████▋    | 410/725 [00:37<00:27, 11.29it/s]
 57%|█████▋    | 412/725 [00:37<00:27, 11.28it/s]
 57%|█████▋    | 414/725 [00:37<00:27, 11.28it/s]
 57%|█████▋    | 416/725 [00:38<00:27, 11.29it/s]
 58%|█████▊    | 418/725 [00:38<00:27, 11.27it/s]
 58%|█████▊    | 420/725 [00:38<00:27, 11.28it/s]
 58%|█████▊    | 422/725 [00:38<00:26, 11.28it/s]
 58%|█████▊    | 424/725 [00:38<00:26, 11.29it/s]
 59%|█████▉    | 426/725 [00:38<00:26, 11.29it/s]
 59%|█████▉    | 428/725 [00:39<00:26, 11.28it/s]
 59%|█████▉    | 430/725 [00:39<00:26, 11.28it/s]
 60%|█████▉    | 432/725 [00:39<00:25, 11.29it/s]
 60%|█████▉    | 434/725 [00:39<00:25, 11.28it/s]
 60%|██████    | 436/725 [00:39<00:25, 11.28it/s]
 60%|██████    | 438/725 [00:39<00:25, 11.29it/s]
 61%|██████    | 440/725 [00:40<00:25, 11.28it/s]
 61%|██████    | 442/725 [00:40<00:25, 11.28it/s]
 61%|██████    | 444/725 [00:40<00:24, 11.28it/s]
 62%|██████▏   | 446/725 [00:40<00:24, 11.28it/s]
 62%|██████▏   | 448/725 [00:40<00:24, 11.29it/s]
 62%|██████▏   | 450/725 [00:41<00:24, 11.28it/s]
 62%|██████▏   | 452/725 [00:41<00:24, 11.28it/s]
 63%|██████▎   | 454/725 [00:41<00:24, 11.28it/s]
 63%|██████▎   | 456/725 [00:41<00:23, 11.28it/s]
 63%|██████▎   | 458/725 [00:41<00:23, 11.29it/s]
 63%|██████▎   | 460/725 [00:41<00:23, 11.28it/s]
 64%|██████▎   | 462/725 [00:42<00:23, 11.25it/s]
 64%|██████▍   | 464/725 [00:42<00:23, 11.29it/s]
 64%|██████▍   | 466/725 [00:42<00:22, 11.29it/s]
 65%|██████▍   | 468/725 [00:42<00:22, 11.29it/s]
 65%|██████▍   | 470/725 [00:42<00:22, 11.28it/s]
 65%|██████▌   | 472/725 [00:42<00:22, 11.28it/s]
 65%|██████▌   | 474/725 [00:43<00:22, 11.28it/s]
 66%|██████▌   | 476/725 [00:43<00:22, 11.28it/s]
 66%|██████▌   | 478/725 [00:43<00:21, 11.28it/s]
 66%|██████▌   | 480/725 [00:43<00:21, 11.28it/s]
 66%|██████▋   | 482/725 [00:43<00:21, 11.28it/s]
 67%|██████▋   | 484/725 [00:44<00:21, 11.28it/s]
 67%|██████▋   | 486/725 [00:44<00:21, 11.28it/s]
 67%|██████▋   | 488/725 [00:44<00:20, 11.29it/s]
 68%|██████▊   | 490/725 [00:44<00:20, 11.28it/s]
 68%|██████▊   | 492/725 [00:44<00:20, 11.28it/s]
 68%|██████▊   | 494/725 [00:44<00:20, 11.29it/s]
 68%|██████▊   | 496/725 [00:45<00:20, 11.28it/s]
 69%|██████▊   | 498/725 [00:45<00:20, 11.28it/s]
 69%|██████▉   | 500/725 [00:45<00:19, 11.28it/s]
 69%|██████▉   | 502/725 [00:45<00:19, 11.27it/s]
 70%|██████▉   | 504/725 [00:45<00:19, 11.28it/s]
 70%|██████▉   | 506/725 [00:45<00:19, 11.28it/s]
 70%|███████   | 508/725 [00:46<00:19, 11.28it/s]
 70%|███████   | 510/725 [00:46<00:19, 11.28it/s]
 71%|███████   | 512/725 [00:46<00:18, 11.28it/s]
 71%|███████   | 514/725 [00:46<00:18, 11.27it/s]
 71%|███████   | 516/725 [00:46<00:18, 11.27it/s]
 71%|███████▏  | 518/725 [00:47<00:18, 11.28it/s]
 72%|███████▏  | 520/725 [00:47<00:18, 11.28it/s]
 72%|███████▏  | 522/725 [00:47<00:18, 11.28it/s]
 72%|███████▏  | 524/725 [00:47<00:17, 11.28it/s]
 73%|███████▎  | 526/725 [00:47<00:17, 11.28it/s]
 73%|███████▎  | 528/725 [00:47<00:17, 11.29it/s]
 73%|███████▎  | 530/725 [00:48<00:17, 11.28it/s]
 73%|███████▎  | 532/725 [00:48<00:17, 11.28it/s]
 74%|███████▎  | 534/725 [00:48<00:16, 11.28it/s]
 74%|███████▍  | 536/725 [00:48<00:16, 11.28it/s]
 74%|███████▍  | 538/725 [00:48<00:16, 11.29it/s]
 74%|███████▍  | 540/725 [00:49<00:16, 11.28it/s]
 75%|███████▍  | 542/725 [00:49<00:16, 11.27it/s]
 75%|███████▌  | 544/725 [00:49<00:16, 11.27it/s]
 75%|███████▌  | 546/725 [00:49<00:15, 11.26it/s]
 76%|███████▌  | 548/725 [00:49<00:15, 11.27it/s]
 76%|███████▌  | 550/725 [00:49<00:15, 11.27it/s]
 76%|███████▌  | 552/725 [00:50<00:15, 11.26it/s]
 76%|███████▋  | 554/725 [00:50<00:15, 11.28it/s]
 77%|███████▋  | 556/725 [00:50<00:14, 11.28it/s]
 77%|███████▋  | 558/725 [00:50<00:14, 11.28it/s]
 77%|███████▋  | 560/725 [00:50<00:14, 11.28it/s]
 78%|███████▊  | 562/725 [00:50<00:14, 11.27it/s]
 78%|███████▊  | 564/725 [00:51<00:14, 11.28it/s]
 78%|███████▊  | 566/725 [00:51<00:14, 11.27it/s]
 78%|███████▊  | 568/725 [00:51<00:13, 11.28it/s]
 79%|███████▊  | 570/725 [00:51<00:13, 11.28it/s]
 79%|███████▉  | 572/725 [00:51<00:13, 11.27it/s]
 79%|███████▉  | 574/725 [00:52<00:13, 11.28it/s]
 79%|███████▉  | 576/725 [00:52<00:13, 11.27it/s]
 80%|███████▉  | 578/725 [00:52<00:13, 11.28it/s]
 80%|████████  | 580/725 [00:52<00:12, 11.29it/s]
 80%|████████  | 582/725 [00:52<00:12, 11.28it/s]
 81%|████████  | 584/725 [00:52<00:12, 11.28it/s]
 81%|████████  | 586/725 [00:53<00:12, 11.28it/s]
 81%|████████  | 588/725 [00:53<00:12, 11.27it/s]
 81%|████████▏ | 590/725 [00:53<00:11, 11.28it/s]
 82%|████████▏ | 592/725 [00:53<00:11, 11.27it/s]
 82%|████████▏ | 594/725 [00:53<00:11, 11.28it/s]
 82%|████████▏ | 596/725 [00:53<00:11, 11.27it/s]
 82%|████████▏ | 598/725 [00:54<00:11, 11.27it/s]
 83%|████████▎ | 600/725 [00:54<00:11, 11.28it/s]
 83%|████████▎ | 602/725 [00:54<00:10, 11.28it/s]
 83%|████████▎ | 604/725 [00:54<00:10, 11.28it/s]
 84%|████████▎ | 606/725 [00:54<00:10, 11.28it/s]
 84%|████████▍ | 608/725 [00:55<00:10, 11.28it/s]
 84%|████████▍ | 610/725 [00:55<00:10, 11.29it/s]
 84%|████████▍ | 612/725 [00:55<00:10, 11.28it/s]
 85%|████████▍ | 614/725 [00:55<00:09, 11.28it/s]
 85%|████████▍ | 616/725 [00:55<00:09, 11.28it/s]
 85%|████████▌ | 618/725 [00:55<00:09, 11.28it/s]
 86%|████████▌ | 620/725 [00:56<00:09, 11.27it/s]
 86%|████████▌ | 622/725 [00:56<00:09, 11.27it/s]
 86%|████████▌ | 624/725 [00:56<00:08, 11.28it/s]
 86%|████████▋ | 626/725 [00:56<00:08, 11.27it/s]
 87%|████████▋ | 628/725 [00:56<00:08, 11.28it/s]
 87%|████████▋ | 630/725 [00:56<00:08, 11.28it/s]
 87%|████████▋ | 632/725 [00:57<00:08, 11.28it/s]
 87%|████████▋ | 634/725 [00:57<00:08, 11.28it/s]
 88%|████████▊ | 636/725 [00:57<00:07, 11.28it/s]
 88%|████████▊ | 638/725 [00:57<00:07, 11.28it/s]
 88%|████████▊ | 640/725 [00:57<00:07, 11.27it/s]
 89%|████████▊ | 642/725 [00:58<00:07, 11.28it/s]
 89%|████████▉ | 644/725 [00:58<00:07, 11.27it/s]
 89%|████████▉ | 646/725 [00:58<00:07, 11.27it/s]
 89%|████████▉ | 648/725 [00:58<00:06, 11.28it/s]
 90%|████████▉ | 650/725 [00:58<00:06, 11.27it/s]
 90%|████████▉ | 652/725 [00:58<00:06, 11.28it/s]
 90%|█████████ | 654/725 [00:59<00:06, 11.28it/s]
 90%|█████████ | 656/725 [00:59<00:06, 11.28it/s]
 91%|█████████ | 658/725 [00:59<00:05, 11.29it/s]
 91%|█████████ | 660/725 [00:59<00:05, 11.27it/s]
 91%|█████████▏| 662/725 [00:59<00:05, 11.28it/s]
 92%|█████████▏| 664/725 [01:00<00:05, 11.28it/s]
 92%|█████████▏| 666/725 [01:00<00:05, 11.28it/s]
 92%|█████████▏| 668/725 [01:00<00:05, 11.29it/s]
 92%|█████████▏| 670/725 [01:00<00:04, 11.28it/s]
 93%|█████████▎| 672/725 [01:00<00:04, 11.28it/s]
 93%|█████████▎| 674/725 [01:00<00:04, 11.28it/s]
 93%|█████████▎| 676/725 [01:01<00:04, 11.28it/s]
 94%|█████████▎| 678/725 [01:01<00:04, 11.28it/s]
 94%|█████████▍| 680/725 [01:01<00:03, 11.28it/s]
 94%|█████████▍| 682/725 [01:01<00:03, 11.28it/s]
 94%|█████████▍| 684/725 [01:01<00:03, 11.28it/s]
 95%|█████████▍| 686/725 [01:01<00:03, 11.28it/s]
 95%|█████████▍| 688/725 [01:02<00:03, 11.29it/s]
 95%|█████████▌| 690/725 [01:02<00:03, 11.28it/s]
 95%|█████████▌| 692/725 [01:02<00:02, 11.28it/s]
 96%|█████████▌| 694/725 [01:02<00:02, 11.28it/s]
 96%|█████████▌| 696/725 [01:02<00:02, 11.28it/s]
 96%|█████████▋| 698/725 [01:03<00:02, 11.29it/s]
 97%|█████████▋| 700/725 [01:03<00:02, 11.28it/s]
 97%|█████████▋| 702/725 [01:03<00:02, 11.28it/s]
 97%|█████████▋| 704/725 [01:03<00:01, 11.28it/s]
 97%|█████████▋| 706/725 [01:03<00:01, 11.28it/s]
 98%|█████████▊| 708/725 [01:03<00:01, 11.28it/s]
 98%|█████████▊| 710/725 [01:04<00:01, 11.28it/s]
 98%|█████████▊| 712/725 [01:04<00:01, 11.28it/s]
 98%|█████████▊| 714/725 [01:04<00:00, 11.28it/s]
 99%|█████████▉| 716/725 [01:04<00:00, 11.28it/s]
 99%|█████████▉| 718/725 [01:04<00:00, 11.28it/s]
 99%|█████████▉| 720/725 [01:04<00:00, 11.29it/s]
100%|█████████▉| 722/725 [01:05<00:00, 11.27it/s]
100%|█████████▉| 724/725 [01:05<00:00, 11.28it/s]
100%|██████████| 725/725 [01:05<00:00, 11.08it/s]

  0%|          | 0/725 [00:00<?, ?it/s]
  0%|          | 3/725 [00:00<00:39, 18.27it/s]
  1%|          | 5/725 [00:00<00:51, 14.05it/s]
  1%|          | 7/725 [00:00<00:56, 12.78it/s]
  1%|          | 9/725 [00:00<00:58, 12.19it/s]
  2%|▏         | 11/725 [00:00<01:00, 11.87it/s]
  2%|▏         | 13/725 [00:01<01:01, 11.67it/s]
  2%|▏         | 15/725 [00:01<01:01, 11.55it/s]
  2%|▏         | 17/725 [00:01<01:01, 11.47it/s]
  3%|▎         | 19/725 [00:01<01:01, 11.41it/s]
  3%|▎         | 21/725 [00:01<01:01, 11.37it/s]
  3%|▎         | 23/725 [00:01<01:01, 11.35it/s]
  3%|▎         | 25/725 [00:02<01:01, 11.32it/s]
  4%|▎         | 27/725 [00:02<01:01, 11.31it/s]
  4%|▍         | 29/725 [00:02<01:01, 11.31it/s]
  4%|▍         | 31/725 [00:02<01:01, 11.31it/s]
  5%|▍         | 33/725 [00:02<01:01, 11.30it/s]
  5%|▍         | 35/725 [00:02<01:01, 11.29it/s]
  5%|▌         | 37/725 [00:03<01:00, 11.30it/s]
  5%|▌         | 39/725 [00:03<01:00, 11.30it/s]
  6%|▌         | 41/725 [00:03<01:00, 11.30it/s]
  6%|▌         | 43/725 [00:03<01:00, 11.29it/s]
  6%|▌         | 45/725 [00:03<01:00, 11.29it/s]
  6%|▋         | 47/725 [00:04<01:00, 11.29it/s]
  7%|▋         | 49/725 [00:04<00:59, 11.29it/s]
  7%|▋         | 51/725 [00:04<00:59, 11.28it/s]
  7%|▋         | 53/725 [00:04<00:59, 11.29it/s]
  8%|▊         | 55/725 [00:04<00:59, 11.29it/s]
  8%|▊         | 57/725 [00:04<00:59, 11.29it/s]
  8%|▊         | 59/725 [00:05<00:59, 11.29it/s]
  8%|▊         | 61/725 [00:05<00:58, 11.29it/s]
  9%|▊         | 63/725 [00:05<00:58, 11.29it/s]
  9%|▉         | 65/725 [00:05<00:58, 11.29it/s]
  9%|▉         | 67/725 [00:05<00:58, 11.29it/s]
 10%|▉         | 69/725 [00:06<00:58, 11.29it/s]
 10%|▉         | 71/725 [00:06<00:57, 11.28it/s]
 10%|█         | 73/725 [00:06<00:57, 11.29it/s]
 10%|█         | 75/725 [00:06<00:57, 11.28it/s]
 11%|█         | 77/725 [00:06<00:57, 11.29it/s]
 11%|█         | 79/725 [00:06<00:57, 11.29it/s]
 11%|█         | 81/725 [00:07<00:57, 11.29it/s]
 11%|█▏        | 83/725 [00:07<00:56, 11.30it/s]
 12%|█▏        | 85/725 [00:07<00:56, 11.28it/s]
 12%|█▏        | 87/725 [00:07<00:56, 11.29it/s]
 12%|█▏        | 89/725 [00:07<00:56, 11.29it/s]
 13%|█▎        | 91/725 [00:07<00:56, 11.28it/s]
 13%|█▎        | 93/725 [00:08<00:55, 11.29it/s]
 13%|█▎        | 95/725 [00:08<00:55, 11.29it/s]
 13%|█▎        | 97/725 [00:08<00:55, 11.29it/s]
 14%|█▎        | 99/725 [00:08<00:55, 11.29it/s]
 14%|█▍        | 101/725 [00:08<00:55, 11.29it/s]
 14%|█▍        | 103/725 [00:09<00:55, 11.29it/s]
 14%|█▍        | 105/725 [00:09<00:54, 11.30it/s]
 15%|█▍        | 107/725 [00:09<00:54, 11.28it/s]
 15%|█▌        | 109/725 [00:09<00:54, 11.28it/s]
 15%|█▌        | 111/725 [00:09<00:54, 11.28it/s]
 16%|█▌        | 113/725 [00:09<00:54, 11.28it/s]
 16%|█▌        | 115/725 [00:10<00:54, 11.28it/s]
 16%|█▌        | 117/725 [00:10<00:53, 11.28it/s]
 16%|█▋        | 119/725 [00:10<00:53, 11.28it/s]
 17%|█▋        | 121/725 [00:10<00:53, 11.28it/s]
 17%|█▋        | 123/725 [00:10<00:53, 11.28it/s]
 17%|█▋        | 125/725 [00:10<00:53, 11.28it/s]
 18%|█▊        | 127/725 [00:11<00:53, 11.27it/s]
 18%|█▊        | 129/725 [00:11<00:52, 11.28it/s]
 18%|█▊        | 131/725 [00:11<00:52, 11.28it/s]
 18%|█▊        | 133/725 [00:11<00:52, 11.28it/s]
 19%|█▊        | 135/725 [00:11<00:52, 11.28it/s]
 19%|█▉        | 137/725 [00:12<00:52, 11.28it/s]
 19%|█▉        | 139/725 [00:12<00:51, 11.28it/s]
 19%|█▉        | 141/725 [00:12<00:51, 11.28it/s]
 20%|█▉        | 143/725 [00:12<00:51, 11.27it/s]
 20%|██        | 145/725 [00:12<00:51, 11.27it/s]
 20%|██        | 147/725 [00:12<00:51, 11.28it/s]
 21%|██        | 149/725 [00:13<00:51, 11.27it/s]
 21%|██        | 151/725 [00:13<00:50, 11.28it/s]
 21%|██        | 153/725 [00:13<00:50, 11.27it/s]
 21%|██▏       | 155/725 [00:13<00:50, 11.28it/s]
 22%|██▏       | 157/725 [00:13<00:50, 11.28it/s]
 22%|██▏       | 159/725 [00:13<00:50, 11.28it/s]
 22%|██▏       | 161/725 [00:14<00:49, 11.29it/s]
 22%|██▏       | 163/725 [00:14<00:49, 11.29it/s]
 23%|██▎       | 165/725 [00:14<00:49, 11.29it/s]
 23%|██▎       | 167/725 [00:14<00:49, 11.29it/s]
 23%|██▎       | 169/725 [00:14<00:49, 11.28it/s]
 24%|██▎       | 171/725 [00:15<00:49, 11.28it/s]
 24%|██▍       | 173/725 [00:15<00:48, 11.29it/s]
 24%|██▍       | 175/725 [00:15<00:48, 11.29it/s]
 24%|██▍       | 177/725 [00:15<00:48, 11.29it/s]
 25%|██▍       | 179/725 [00:15<00:48, 11.29it/s]
 25%|██▍       | 181/725 [00:15<00:48, 11.28it/s]
 25%|██▌       | 183/725 [00:16<00:48, 11.29it/s]
 26%|██▌       | 185/725 [00:16<00:47, 11.28it/s]
 26%|██▌       | 187/725 [00:16<00:47, 11.28it/s]
 26%|██▌       | 189/725 [00:16<00:47, 11.29it/s]
 26%|██▋       | 191/725 [00:16<00:47, 11.27it/s]
 27%|██▋       | 193/725 [00:16<00:47, 11.28it/s]
 27%|██▋       | 195/725 [00:17<00:46, 11.28it/s]
 27%|██▋       | 197/725 [00:17<00:46, 11.28it/s]
 27%|██▋       | 199/725 [00:17<00:46, 11.28it/s]
 28%|██▊       | 201/725 [00:17<00:46, 11.28it/s]
 28%|██▊       | 203/725 [00:17<00:46, 11.29it/s]
 28%|██▊       | 205/725 [00:18<00:46, 11.28it/s]
 29%|██▊       | 207/725 [00:18<00:45, 11.28it/s]
 29%|██▉       | 209/725 [00:18<00:45, 11.29it/s]
 29%|██▉       | 211/725 [00:18<00:45, 11.28it/s]
 29%|██▉       | 213/725 [00:18<00:45, 11.29it/s]
 30%|██▉       | 215/725 [00:18<00:45, 11.28it/s]
 30%|██▉       | 217/725 [00:19<00:45, 11.28it/s]
 30%|███       | 219/725 [00:19<00:44, 11.28it/s]
 30%|███       | 221/725 [00:19<00:44, 11.27it/s]
 31%|███       | 223/725 [00:19<00:44, 11.26it/s]
 31%|███       | 225/725 [00:19<00:44, 11.27it/s]
 31%|███▏      | 227/725 [00:20<00:44, 11.27it/s]
 32%|███▏      | 229/725 [00:20<00:44, 11.27it/s]
 32%|███▏      | 231/725 [00:20<00:43, 11.28it/s]
 32%|███▏      | 233/725 [00:20<00:43, 11.27it/s]
 32%|███▏      | 235/725 [00:20<00:43, 11.27it/s]
 33%|███▎      | 237/725 [00:20<00:43, 11.27it/s]
 33%|███▎      | 239/725 [00:21<00:43, 11.28it/s]
 33%|███▎      | 241/725 [00:21<00:42, 11.28it/s]
 34%|███▎      | 243/725 [00:21<00:42, 11.28it/s]
 34%|███▍      | 245/725 [00:21<00:42, 11.28it/s]
 34%|███▍      | 247/725 [00:21<00:42, 11.28it/s]
 34%|███▍      | 249/725 [00:21<00:42, 11.28it/s]
 35%|███▍      | 251/725 [00:22<00:42, 11.28it/s]
 35%|███▍      | 253/725 [00:22<00:41, 11.28it/s]
 35%|███▌      | 255/725 [00:22<00:41, 11.27it/s]
 35%|███▌      | 257/725 [00:22<00:41, 11.28it/s]
 36%|███▌      | 259/725 [00:22<00:41, 11.28it/s]
 36%|███▌      | 261/725 [00:23<00:41, 11.28it/s]
 36%|███▋      | 263/725 [00:23<00:40, 11.28it/s]
 37%|███▋      | 265/725 [00:23<00:40, 11.27it/s]
 37%|███▋      | 267/725 [00:23<00:40, 11.27it/s]
 37%|███▋      | 269/725 [00:23<00:40, 11.27it/s]
 37%|███▋      | 271/725 [00:23<00:40, 11.27it/s]
 38%|███▊      | 273/725 [00:24<00:40, 11.27it/s]
 38%|███▊      | 275/725 [00:24<00:39, 11.27it/s]
 38%|███▊      | 277/725 [00:24<00:39, 11.28it/s]
 38%|███▊      | 279/725 [00:24<00:39, 11.27it/s]
 39%|███▉      | 281/725 [00:24<00:39, 11.27it/s]
 39%|███▉      | 283/725 [00:24<00:39, 11.28it/s]
 39%|███▉      | 285/725 [00:25<00:39, 11.28it/s]
 40%|███▉      | 287/725 [00:25<00:38, 11.27it/s]
 40%|███▉      | 289/725 [00:25<00:38, 11.27it/s]
 40%|████      | 291/725 [00:25<00:38, 11.27it/s]
 40%|████      | 293/725 [00:25<00:38, 11.27it/s]
 41%|████      | 295/725 [00:26<00:38, 11.28it/s]
 41%|████      | 297/725 [00:26<00:37, 11.27it/s]
 41%|████      | 299/725 [00:26<00:37, 11.28it/s]
 42%|████▏     | 301/725 [00:26<00:37, 11.27it/s]
 42%|████▏     | 303/725 [00:26<00:37, 11.27it/s]
 42%|████▏     | 305/725 [00:26<00:37, 11.28it/s]
 42%|████▏     | 307/725 [00:27<00:37, 11.27it/s]
 43%|████▎     | 309/725 [00:27<00:36, 11.27it/s]
 43%|████▎     | 311/725 [00:27<00:36, 11.27it/s]
 43%|████▎     | 313/725 [00:27<00:36, 11.28it/s]
 43%|████▎     | 315/725 [00:27<00:36, 11.28it/s]
 44%|████▎     | 317/725 [00:27<00:36, 11.28it/s]
 44%|████▍     | 319/725 [00:28<00:35, 11.28it/s]
 44%|████▍     | 321/725 [00:28<00:35, 11.27it/s]
 45%|████▍     | 323/725 [00:28<00:35, 11.27it/s]
 45%|████▍     | 325/725 [00:28<00:35, 11.28it/s]
 45%|████▌     | 327/725 [00:28<00:35, 11.27it/s]
 45%|████▌     | 329/725 [00:29<00:35, 11.27it/s]
 46%|████▌     | 331/725 [00:29<00:34, 11.27it/s]
 46%|████▌     | 333/725 [00:29<00:34, 11.26it/s]
 46%|████▌     | 335/725 [00:29<00:34, 11.27it/s]
 46%|████▋     | 337/725 [00:29<00:34, 11.27it/s]
 47%|████▋     | 339/725 [00:29<00:34, 11.26it/s]
 47%|████▋     | 341/725 [00:30<00:34, 11.27it/s]
 47%|████▋     | 343/725 [00:30<00:33, 11.26it/s]
 48%|████▊     | 345/725 [00:30<00:33, 11.26it/s]
 48%|████▊     | 347/725 [00:30<00:33, 11.15it/s]
 48%|████▊     | 349/725 [00:30<00:33, 11.30it/s]
 48%|████▊     | 351/725 [00:31<00:33, 11.29it/s]
 49%|████▊     | 353/725 [00:31<00:32, 11.28it/s]
 49%|████▉     | 355/725 [00:31<00:32, 11.27it/s]
 49%|████▉     | 357/725 [00:31<00:32, 11.26it/s]
 50%|████▉     | 359/725 [00:31<00:32, 11.27it/s]
 50%|████▉     | 361/725 [00:31<00:32, 11.25it/s]
 50%|█████     | 363/725 [00:32<00:32, 11.26it/s]
 50%|█████     | 365/725 [00:32<00:31, 11.26it/s]
 51%|█████     | 367/725 [00:32<00:31, 11.26it/s]
 51%|█████     | 369/725 [00:32<00:31, 11.27it/s]
 51%|█████     | 371/725 [00:32<00:31, 11.26it/s]
 51%|█████▏    | 373/725 [00:32<00:31, 11.27it/s]
 52%|█████▏    | 375/725 [00:33<00:31, 11.26it/s]
 52%|█████▏    | 377/725 [00:33<00:30, 11.27it/s]
 52%|█████▏    | 379/725 [00:33<00:30, 11.28it/s]
 53%|█████▎    | 381/725 [00:33<00:30, 11.27it/s]
 53%|█████▎    | 383/725 [00:33<00:30, 11.27it/s]
 53%|█████▎    | 385/725 [00:34<00:30, 11.27it/s]
 53%|█████▎    | 387/725 [00:34<00:29, 11.27it/s]
 54%|█████▎    | 389/725 [00:34<00:29, 11.28it/s]
 54%|█████▍    | 391/725 [00:34<00:29, 11.20it/s]
 54%|█████▍    | 393/725 [00:34<00:29, 11.28it/s]
 54%|█████▍    | 395/725 [00:34<00:29, 11.28it/s]
 55%|█████▍    | 397/725 [00:35<00:29, 11.27it/s]
 55%|█████▌    | 399/725 [00:35<00:28, 11.27it/s]
 55%|█████▌    | 401/725 [00:35<00:28, 11.27it/s]
 56%|█████▌    | 403/725 [00:35<00:28, 11.26it/s]
 56%|█████▌    | 405/725 [00:35<00:28, 11.26it/s]
 56%|█████▌    | 407/725 [00:35<00:28, 11.27it/s]
 56%|█████▋    | 409/725 [00:36<00:28, 11.27it/s]
 57%|█████▋    | 411/725 [00:36<00:27, 11.27it/s]
 57%|█████▋    | 413/725 [00:36<00:27, 11.27it/s]
 57%|█████▋    | 415/725 [00:36<00:27, 11.27it/s]
 58%|█████▊    | 417/725 [00:36<00:27, 11.26it/s]
 58%|█████▊    | 419/725 [00:37<00:27, 11.26it/s]
 58%|█████▊    | 421/725 [00:37<00:26, 11.26it/s]
 58%|█████▊    | 423/725 [00:37<00:26, 11.27it/s]
 59%|█████▊    | 425/725 [00:37<00:26, 11.27it/s]
 59%|█████▉    | 427/725 [00:37<00:26, 11.26it/s]
 59%|█████▉    | 429/725 [00:37<00:26, 11.26it/s]
 59%|█████▉    | 431/725 [00:38<00:26, 11.26it/s]
 60%|█████▉    | 433/725 [00:38<00:25, 11.26it/s]
 60%|██████    | 435/725 [00:38<00:25, 11.26it/s]
 60%|██████    | 437/725 [00:38<00:25, 11.27it/s]
 61%|██████    | 439/725 [00:38<00:25, 11.27it/s]
 61%|██████    | 441/725 [00:39<00:25, 11.27it/s]
 61%|██████    | 443/725 [00:39<00:25, 11.26it/s]
 61%|██████▏   | 445/725 [00:39<00:24, 11.26it/s]
 62%|██████▏   | 447/725 [00:39<00:24, 11.25it/s]
 62%|██████▏   | 449/725 [00:39<00:24, 11.26it/s]
 62%|██████▏   | 451/725 [00:39<00:24, 11.27it/s]
 62%|██████▏   | 453/725 [00:40<00:24, 11.26it/s]
 63%|██████▎   | 455/725 [00:40<00:23, 11.26it/s]
 63%|██████▎   | 457/725 [00:40<00:23, 11.26it/s]
 63%|██████▎   | 459/725 [00:40<00:23, 11.26it/s]
 64%|██████▎   | 461/725 [00:40<00:23, 11.27it/s]
 64%|██████▍   | 463/725 [00:40<00:23, 11.26it/s]
 64%|██████▍   | 465/725 [00:41<00:23, 11.26it/s]
 64%|██████▍   | 467/725 [00:41<00:22, 11.26it/s]
 65%|██████▍   | 469/725 [00:41<00:22, 11.25it/s]
 65%|██████▍   | 471/725 [00:41<00:22, 11.26it/s]
 65%|██████▌   | 473/725 [00:41<00:22, 11.25it/s]
 66%|██████▌   | 475/725 [00:42<00:22, 11.25it/s]
 66%|██████▌   | 477/725 [00:42<00:22, 11.26it/s]
 66%|██████▌   | 479/725 [00:42<00:21, 11.26it/s]
 66%|██████▋   | 481/725 [00:42<00:21, 11.26it/s]
 67%|██████▋   | 483/725 [00:42<00:21, 11.27it/s]
 67%|██████▋   | 485/725 [00:42<00:21, 11.26it/s]
 67%|██████▋   | 487/725 [00:43<00:21, 11.26it/s]
 67%|██████▋   | 489/725 [00:43<00:20, 11.26it/s]
 68%|██████▊   | 491/725 [00:43<00:20, 11.26it/s]
 68%|██████▊   | 493/725 [00:43<00:20, 11.27it/s]
 68%|██████▊   | 495/725 [00:43<00:20, 11.26it/s]
 69%|██████▊   | 497/725 [00:43<00:20, 11.25it/s]
 69%|██████▉   | 499/725 [00:44<00:20, 11.27it/s]
 69%|██████▉   | 501/725 [00:44<00:19, 11.27it/s]
 69%|██████▉   | 503/725 [00:44<00:19, 11.25it/s]
 70%|██████▉   | 505/725 [00:44<00:19, 11.26it/s]
 70%|██████▉   | 507/725 [00:44<00:19, 11.26it/s]
 70%|███████   | 509/725 [00:45<00:19, 11.26it/s]
 70%|███████   | 511/725 [00:45<00:18, 11.26it/s]
 71%|███████   | 513/725 [00:45<00:18, 11.26it/s]
 71%|███████   | 515/725 [00:45<00:18, 11.26it/s]
 71%|███████▏  | 517/725 [00:45<00:18, 11.27it/s]
 72%|███████▏  | 519/725 [00:45<00:18, 11.26it/s]
 72%|███████▏  | 521/725 [00:46<00:18, 11.26it/s]
 72%|███████▏  | 523/725 [00:46<00:17, 11.26it/s]
 72%|███████▏  | 525/725 [00:46<00:17, 11.26it/s]
 73%|███████▎  | 527/725 [00:46<00:17, 11.26it/s]
 73%|███████▎  | 529/725 [00:46<00:17, 11.26it/s]
 73%|███████▎  | 531/725 [00:46<00:17, 11.25it/s]
 74%|███████▎  | 533/725 [00:47<00:17, 11.27it/s]
 74%|███████▍  | 535/725 [00:47<00:16, 11.26it/s]
 74%|███████▍  | 537/725 [00:47<00:16, 11.26it/s]
 74%|███████▍  | 539/725 [00:47<00:16, 11.27it/s]
 75%|███████▍  | 541/725 [00:47<00:16, 11.26it/s]
 75%|███████▍  | 543/725 [00:48<00:16, 11.27it/s]
 75%|███████▌  | 545/725 [00:48<00:15, 11.26it/s]
 75%|███████▌  | 547/725 [00:48<00:15, 11.26it/s]
 76%|███████▌  | 549/725 [00:48<00:15, 11.26it/s]
 76%|███████▌  | 551/725 [00:48<00:15, 11.26it/s]
 76%|███████▋  | 553/725 [00:48<00:15, 11.26it/s]
 77%|███████▋  | 555/725 [00:49<00:15, 11.26it/s]
 77%|███████▋  | 557/725 [00:49<00:14, 11.26it/s]
 77%|███████▋  | 559/725 [00:49<00:14, 11.27it/s]
 77%|███████▋  | 561/725 [00:49<00:14, 11.27it/s]
 78%|███████▊  | 563/725 [00:49<00:14, 11.26it/s]
 78%|███████▊  | 565/725 [00:50<00:14, 11.26it/s]
 78%|███████▊  | 567/725 [00:50<00:14, 11.18it/s]
 78%|███████▊  | 569/725 [00:50<00:13, 11.29it/s]
 79%|███████▉  | 571/725 [00:50<00:13, 11.28it/s]
 79%|███████▉  | 573/725 [00:50<00:13, 11.28it/s]
 79%|███████▉  | 575/725 [00:50<00:13, 11.27it/s]
 80%|███████▉  | 577/725 [00:51<00:13, 11.27it/s]
 80%|███████▉  | 579/725 [00:51<00:12, 11.27it/s]
 80%|████████  | 581/725 [00:51<00:12, 11.26it/s]
 80%|████████  | 583/725 [00:51<00:12, 11.27it/s]
 81%|████████  | 585/725 [00:51<00:12, 11.27it/s]
 81%|████████  | 587/725 [00:51<00:12, 11.26it/s]
 81%|████████  | 589/725 [00:52<00:12, 11.27it/s]
 82%|████████▏ | 591/725 [00:52<00:11, 11.26it/s]
 82%|████████▏ | 593/725 [00:52<00:11, 11.26it/s]
 82%|████████▏ | 595/725 [00:52<00:11, 11.27it/s]
 82%|████████▏ | 597/725 [00:52<00:11, 11.26it/s]
 83%|████████▎ | 599/725 [00:53<00:11, 11.26it/s]
 83%|████████▎ | 601/725 [00:53<00:11, 11.26it/s]
 83%|████████▎ | 603/725 [00:53<00:10, 11.26it/s]
 83%|████████▎ | 605/725 [00:53<00:10, 11.26it/s]
 84%|████████▎ | 607/725 [00:53<00:10, 11.27it/s]
 84%|████████▍ | 609/725 [00:53<00:10, 11.26it/s]
 84%|████████▍ | 611/725 [00:54<00:10, 11.26it/s]
 85%|████████▍ | 613/725 [00:54<00:09, 11.26it/s]
 85%|████████▍ | 615/725 [00:54<00:09, 11.26it/s]
 85%|████████▌ | 617/725 [00:54<00:09, 11.27it/s]
 85%|████████▌ | 619/725 [00:54<00:09, 11.26it/s]
 86%|████████▌ | 621/725 [00:54<00:09, 11.26it/s]
 86%|████████▌ | 623/725 [00:55<00:09, 11.26it/s]
 86%|████████▌ | 625/725 [00:55<00:08, 11.26it/s]
 86%|████████▋ | 627/725 [00:55<00:08, 11.26it/s]
 87%|████████▋ | 629/725 [00:55<00:08, 11.27it/s]
 87%|████████▋ | 631/725 [00:55<00:08, 11.26it/s]
 87%|████████▋ | 633/725 [00:56<00:08, 11.26it/s]
 88%|████████▊ | 635/725 [00:56<00:07, 11.26it/s]
 88%|████████▊ | 637/725 [00:56<00:07, 11.26it/s]
 88%|████████▊ | 639/725 [00:56<00:07, 11.26it/s]
 88%|████████▊ | 641/725 [00:56<00:07, 11.27it/s]
 89%|████████▊ | 643/725 [00:56<00:07, 11.26it/s]
 89%|████████▉ | 645/725 [00:57<00:07, 11.27it/s]
 89%|████████▉ | 647/725 [00:57<00:06, 11.26it/s]
 90%|████████▉ | 649/725 [00:57<00:06, 11.26it/s]
 90%|████████▉ | 651/725 [00:57<00:06, 11.27it/s]
 90%|█████████ | 653/725 [00:57<00:06, 11.27it/s]
 90%|█████████ | 655/725 [00:58<00:06, 11.26it/s]
 91%|█████████ | 657/725 [00:58<00:06, 11.27it/s]
 91%|█████████ | 659/725 [00:58<00:05, 11.27it/s]
 91%|█████████ | 661/725 [00:58<00:05, 11.27it/s]
 91%|█████████▏| 663/725 [00:58<00:05, 11.27it/s]
 92%|█████████▏| 665/725 [00:58<00:05, 11.26it/s]
 92%|█████████▏| 667/725 [00:59<00:05, 11.27it/s]
 92%|█████████▏| 669/725 [00:59<00:04, 11.27it/s]
 93%|█████████▎| 671/725 [00:59<00:04, 11.26it/s]
 93%|█████████▎| 673/725 [00:59<00:04, 11.27it/s]
 93%|█████████▎| 675/725 [00:59<00:04, 11.27it/s]
 93%|█████████▎| 677/725 [00:59<00:04, 11.26it/s]
 94%|█████████▎| 679/725 [01:00<00:04, 11.28it/s]
 94%|█████████▍| 681/725 [01:00<00:03, 11.27it/s]
 94%|█████████▍| 683/725 [01:00<00:03, 11.27it/s]
 94%|█████████▍| 685/725 [01:00<00:03, 11.28it/s]
 95%|█████████▍| 687/725 [01:00<00:03, 11.27it/s]
 95%|█████████▌| 689/725 [01:01<00:03, 11.27it/s]
 95%|█████████▌| 691/725 [01:01<00:03, 11.27it/s]
 96%|█████████▌| 693/725 [01:01<00:02, 11.26it/s]
 96%|█████████▌| 695/725 [01:01<00:02, 11.27it/s]
 96%|█████████▌| 697/725 [01:01<00:02, 11.26it/s]
 96%|█████████▋| 699/725 [01:01<00:02, 11.26it/s]
 97%|█████████▋| 701/725 [01:02<00:02, 11.27it/s]
 97%|█████████▋| 703/725 [01:02<00:01, 11.27it/s]
 97%|█████████▋| 705/725 [01:02<00:01, 11.27it/s]
 98%|█████████▊| 707/725 [01:02<00:01, 11.27it/s]
 98%|█████████▊| 709/725 [01:02<00:01, 11.26it/s]
 98%|█████████▊| 711/725 [01:02<00:01, 11.27it/s]
 98%|█████████▊| 713/725 [01:03<00:01, 11.27it/s]
 99%|█████████▊| 715/725 [01:03<00:00, 11.26it/s]
 99%|█████████▉| 717/725 [01:03<00:00, 11.27it/s]
 99%|█████████▉| 719/725 [01:03<00:00, 11.28it/s]
 99%|█████████▉| 721/725 [01:03<00:00, 11.27it/s]
100%|█████████▉| 723/725 [01:04<00:00, 11.27it/s]
100%|██████████| 725/725 [01:04<00:00, 11.26it/s]
100%|██████████| 725/725 [01:04<00:00, 11.29it/s]

  0%|          | 0/725 [00:00<?, ?it/s]
  0%|          | 3/725 [00:00<00:42, 17.17it/s]
  1%|          | 5/725 [00:00<00:52, 13.69it/s]
  1%|          | 7/725 [00:00<00:56, 12.60it/s]
  1%|          | 9/725 [00:00<00:59, 12.08it/s]
  2%|▏         | 11/725 [00:00<01:00, 11.80it/s]
  2%|▏         | 13/725 [00:01<01:01, 11.63it/s]
  2%|▏         | 15/725 [00:01<01:01, 11.52it/s]
  2%|▏         | 17/725 [00:01<01:01, 11.45it/s]
  3%|▎         | 19/725 [00:01<01:01, 11.41it/s]
  3%|▎         | 21/725 [00:01<01:01, 11.38it/s]
  3%|▎         | 23/725 [00:01<01:01, 11.35it/s]
  3%|▎         | 25/725 [00:02<01:01, 11.33it/s]
  4%|▎         | 27/725 [00:02<01:01, 11.32it/s]
  4%|▍         | 29/725 [00:02<01:01, 11.31it/s]
  4%|▍         | 31/725 [00:02<01:01, 11.21it/s]
  5%|▍         | 33/725 [00:02<01:01, 11.34it/s]
  5%|▍         | 35/725 [00:03<01:00, 11.33it/s]
  5%|▌         | 37/725 [00:03<01:00, 11.33it/s]
  5%|▌         | 39/725 [00:03<01:00, 11.33it/s]
  6%|▌         | 41/725 [00:03<01:00, 11.32it/s]
  6%|▌         | 43/725 [00:03<01:00, 11.31it/s]
  6%|▌         | 45/725 [00:03<01:00, 11.31it/s]
  6%|▋         | 47/725 [00:04<00:59, 11.31it/s]
  7%|▋         | 49/725 [00:04<00:59, 11.30it/s]
  7%|▋         | 51/725 [00:04<00:59, 11.30it/s]
  7%|▋         | 53/725 [00:04<00:59, 11.25it/s]
  8%|▊         | 55/725 [00:04<00:59, 11.32it/s]
  8%|▊         | 57/725 [00:04<00:59, 11.31it/s]
  8%|▊         | 59/725 [00:05<00:58, 11.31it/s]
  8%|▊         | 61/725 [00:05<00:58, 11.29it/s]
  9%|▊         | 63/725 [00:05<00:58, 11.30it/s]
  9%|▉         | 65/725 [00:05<00:58, 11.29it/s]
  9%|▉         | 67/725 [00:05<00:58, 11.30it/s]
 10%|▉         | 69/725 [00:06<00:58, 11.30it/s]
 10%|▉         | 71/725 [00:06<00:57, 11.29it/s]
 10%|█         | 73/725 [00:06<00:57, 11.29it/s]
 10%|█         | 75/725 [00:06<00:57, 11.29it/s]
 11%|█         | 77/725 [00:06<00:57, 11.29it/s]
 11%|█         | 79/725 [00:06<00:57, 11.30it/s]
 11%|█         | 81/725 [00:07<00:57, 11.29it/s]
 11%|█▏        | 83/725 [00:07<00:56, 11.30it/s]
 12%|█▏        | 85/725 [00:07<00:56, 11.29it/s]
 12%|█▏        | 87/725 [00:07<00:56, 11.29it/s]
 12%|█▏        | 89/725 [00:07<00:56, 11.29it/s]
 13%|█▎        | 91/725 [00:07<00:56, 11.27it/s]
 13%|█▎        | 93/725 [00:08<00:56, 11.28it/s]
 13%|█▎        | 95/725 [00:08<00:55, 11.28it/s]
 13%|█▎        | 97/725 [00:08<00:55, 11.28it/s]
 14%|█▎        | 99/725 [00:08<00:55, 11.28it/s]
 14%|█▍        | 101/725 [00:08<00:55, 11.28it/s]
 14%|█▍        | 103/725 [00:09<00:55, 11.28it/s]
 14%|█▍        | 105/725 [00:09<00:54, 11.27it/s]
 15%|█▍        | 107/725 [00:09<00:54, 11.28it/s]
 15%|█▌        | 109/725 [00:09<00:54, 11.28it/s]
 15%|█▌        | 111/725 [00:09<00:54, 11.28it/s]
 16%|█▌        | 113/725 [00:09<00:54, 11.28it/s]
 16%|█▌        | 115/725 [00:10<00:54, 11.28it/s]
 16%|█▌        | 117/725 [00:10<00:53, 11.28it/s]
 16%|█▋        | 119/725 [00:10<00:53, 11.29it/s]
 17%|█▋        | 121/725 [00:10<00:53, 11.29it/s]
 17%|█▋        | 123/725 [00:10<00:53, 11.29it/s]
 17%|█▋        | 125/725 [00:10<00:53, 11.29it/s]
 18%|█▊        | 127/725 [00:11<00:52, 11.29it/s]
 18%|█▊        | 129/725 [00:11<00:52, 11.29it/s]
 18%|█▊        | 131/725 [00:11<00:52, 11.26it/s]
 18%|█▊        | 133/725 [00:11<00:52, 11.30it/s]
 19%|█▊        | 135/725 [00:11<00:52, 11.29it/s]
 19%|█▉        | 137/725 [00:12<00:52, 11.30it/s]
 19%|█▉        | 139/725 [00:12<00:51, 11.30it/s]
 19%|█▉        | 141/725 [00:12<00:51, 11.29it/s]
 20%|█▉        | 143/725 [00:12<00:51, 11.29it/s]
 20%|██        | 145/725 [00:12<00:51, 11.29it/s]
 20%|██        | 147/725 [00:12<00:51, 11.29it/s]
 21%|██        | 149/725 [00:13<00:51, 11.29it/s]
 21%|██        | 151/725 [00:13<00:50, 11.28it/s]
 21%|██        | 153/725 [00:13<00:50, 11.28it/s]
 21%|██▏       | 155/725 [00:13<00:50, 11.28it/s]
 22%|██▏       | 157/725 [00:13<00:50, 11.28it/s]
 22%|██▏       | 159/725 [00:13<00:50, 11.28it/s]
 22%|██▏       | 161/725 [00:14<00:49, 11.28it/s]
 22%|██▏       | 163/725 [00:14<00:49, 11.28it/s]
 23%|██▎       | 165/725 [00:14<00:49, 11.29it/s]
 23%|██▎       | 167/725 [00:14<00:49, 11.28it/s]
 23%|██▎       | 169/725 [00:14<00:49, 11.28it/s]
 24%|██▎       | 171/725 [00:15<00:49, 11.28it/s]
 24%|██▍       | 173/725 [00:15<00:48, 11.28it/s]
 24%|██▍       | 175/725 [00:15<00:48, 11.29it/s]
 24%|██▍       | 177/725 [00:15<00:48, 11.28it/s]
 25%|██▍       | 179/725 [00:15<00:48, 11.29it/s]
 25%|██▍       | 181/725 [00:15<00:48, 11.29it/s]
 25%|██▌       | 183/725 [00:16<00:48, 11.28it/s]
 26%|██▌       | 185/725 [00:16<00:47, 11.28it/s]
 26%|██▌       | 187/725 [00:16<00:48, 11.21it/s]
 26%|██▌       | 189/725 [00:16<00:47, 11.31it/s]
 26%|██▋       | 191/725 [00:16<00:47, 11.30it/s]
 27%|██▋       | 193/725 [00:17<00:47, 11.30it/s]
 27%|██▋       | 195/725 [00:17<00:46, 11.28it/s]
 27%|██▋       | 197/725 [00:17<00:46, 11.29it/s]
 27%|██▋       | 199/725 [00:17<00:46, 11.28it/s]
 28%|██▊       | 201/725 [00:17<00:46, 11.27it/s]
 28%|██▊       | 203/725 [00:17<00:46, 11.28it/s]
 28%|██▊       | 205/725 [00:18<00:46, 11.27it/s]
 29%|██▊       | 207/725 [00:18<00:45, 11.28it/s]
 29%|██▉       | 209/725 [00:18<00:45, 11.28it/s]
 29%|██▉       | 211/725 [00:18<00:45, 11.28it/s]
 29%|██▉       | 213/725 [00:18<00:45, 11.28it/s]
 30%|██▉       | 215/725 [00:18<00:45, 11.28it/s]
 30%|██▉       | 217/725 [00:19<00:45, 11.27it/s]
 30%|███       | 219/725 [00:19<00:44, 11.27it/s]
 30%|███       | 221/725 [00:19<00:44, 11.27it/s]
 31%|███       | 223/725 [00:19<00:44, 11.28it/s]
 31%|███       | 225/725 [00:19<00:44, 11.28it/s]
 31%|███▏      | 227/725 [00:20<00:44, 11.27it/s]
 32%|███▏      | 229/725 [00:20<00:43, 11.28it/s]
 32%|███▏      | 231/725 [00:20<00:43, 11.28it/s]
 32%|███▏      | 233/725 [00:20<00:43, 11.28it/s]
 32%|███▏      | 235/725 [00:20<00:43, 11.28it/s]
 33%|███▎      | 237/725 [00:20<00:43, 11.27it/s]
 33%|███▎      | 239/725 [00:21<00:43, 11.28it/s]
 33%|███▎      | 241/725 [00:21<00:42, 11.27it/s]
 34%|███▎      | 243/725 [00:21<00:43, 11.17it/s]
 34%|███▍      | 245/725 [00:21<00:42, 11.30it/s]
 34%|███▍      | 247/725 [00:21<00:42, 11.29it/s]
 34%|███▍      | 249/725 [00:21<00:42, 11.28it/s]
 35%|███▍      | 251/725 [00:22<00:42, 11.28it/s]
 35%|███▍      | 253/725 [00:22<00:41, 11.28it/s]
 35%|███▌      | 255/725 [00:22<00:41, 11.28it/s]
 35%|███▌      | 257/725 [00:22<00:41, 11.29it/s]
 36%|███▌      | 259/725 [00:22<00:41, 11.28it/s]
 36%|███▌      | 261/725 [00:23<00:41, 11.28it/s]
 36%|███▋      | 263/725 [00:23<00:40, 11.27it/s]
 37%|███▋      | 265/725 [00:23<00:40, 11.27it/s]
 37%|███▋      | 267/725 [00:23<00:40, 11.28it/s]
 37%|███▋      | 269/725 [00:23<00:40, 11.27it/s]
 37%|███▋      | 271/725 [00:23<00:40, 11.28it/s]
 38%|███▊      | 273/725 [00:24<00:40, 11.28it/s]
 38%|███▊      | 275/725 [00:24<00:39, 11.28it/s]
 38%|███▊      | 277/725 [00:24<00:39, 11.28it/s]
 38%|███▊      | 279/725 [00:24<00:39, 11.28it/s]
 39%|███▉      | 281/725 [00:24<00:39, 11.29it/s]
 39%|███▉      | 283/725 [00:24<00:39, 11.28it/s]
 39%|███▉      | 285/725 [00:25<00:39, 11.28it/s]
 40%|███▉      | 287/725 [00:25<00:38, 11.28it/s]
 40%|███▉      | 289/725 [00:25<00:38, 11.28it/s]
 40%|████      | 291/725 [00:25<00:38, 11.28it/s]
 40%|████      | 293/725 [00:25<00:38, 11.27it/s]
 41%|████      | 295/725 [00:26<00:38, 11.27it/s]
 41%|████      | 297/725 [00:26<00:37, 11.27it/s]
 41%|████      | 299/725 [00:26<00:38, 11.18it/s]
 42%|████▏     | 301/725 [00:26<00:37, 11.30it/s]
 42%|████▏     | 303/725 [00:26<00:37, 11.30it/s]
 42%|████▏     | 305/725 [00:26<00:37, 11.29it/s]
 42%|████▏     | 307/725 [00:27<00:37, 11.28it/s]
 43%|████▎     | 309/725 [00:27<00:36, 11.29it/s]
 43%|████▎     | 311/725 [00:27<00:36, 11.28it/s]
 43%|████▎     | 313/725 [00:27<00:36, 11.28it/s]
 43%|████▎     | 315/725 [00:27<00:36, 11.28it/s]
 44%|████▎     | 317/725 [00:28<00:36, 11.28it/s]
 44%|████▍     | 319/725 [00:28<00:35, 11.28it/s]
 44%|████▍     | 321/725 [00:28<00:35, 11.27it/s]
 45%|████▍     | 323/725 [00:28<00:35, 11.28it/s]
 45%|████▍     | 325/725 [00:28<00:35, 11.27it/s]
 45%|████▌     | 327/725 [00:28<00:35, 11.28it/s]
 45%|████▌     | 329/725 [00:29<00:35, 11.28it/s]
 46%|████▌     | 331/725 [00:29<00:34, 11.28it/s]
 46%|████▌     | 333/725 [00:29<00:34, 11.28it/s]
 46%|████▌     | 335/725 [00:29<00:34, 11.28it/s]
 46%|████▋     | 337/725 [00:29<00:34, 11.27it/s]
 47%|████▋     | 339/725 [00:29<00:34, 11.28it/s]
 47%|████▋     | 341/725 [00:30<00:34, 11.28it/s]
 47%|████▋     | 343/725 [00:30<00:33, 11.27it/s]
 48%|████▊     | 345/725 [00:30<00:33, 11.27it/s]
 48%|████▊     | 347/725 [00:30<00:33, 11.27it/s]
 48%|████▊     | 349/725 [00:30<00:33, 11.27it/s]
 48%|████▊     | 351/725 [00:31<00:33, 11.28it/s]
 49%|████▊     | 353/725 [00:31<00:32, 11.28it/s]
 49%|████▉     | 355/725 [00:31<00:33, 11.18it/s]
 49%|████▉     | 357/725 [00:31<00:32, 11.30it/s]
 50%|████▉     | 359/725 [00:31<00:32, 11.29it/s]
 50%|████▉     | 361/725 [00:31<00:32, 11.29it/s]
 50%|█████     | 363/725 [00:32<00:32, 11.28it/s]
 50%|█████     | 365/725 [00:32<00:31, 11.27it/s]
 51%|█████     | 367/725 [00:32<00:31, 11.27it/s]
 51%|█████     | 369/725 [00:32<00:31, 11.27it/s]
 51%|█████     | 371/725 [00:32<00:31, 11.27it/s]
 51%|█████▏    | 373/725 [00:32<00:31, 11.27it/s]
 52%|█████▏    | 375/725 [00:33<00:31, 11.27it/s]
 52%|█████▏    | 377/725 [00:33<00:30, 11.27it/s]
 52%|█████▏    | 379/725 [00:33<00:30, 11.27it/s]
 53%|█████▎    | 381/725 [00:33<00:30, 11.27it/s]
 53%|█████▎    | 383/725 [00:33<00:30, 11.28it/s]
 53%|█████▎    | 385/725 [00:34<00:30, 11.28it/s]
 53%|█████▎    | 387/725 [00:34<00:29, 11.27it/s]
 54%|█████▎    | 389/725 [00:34<00:29, 11.28it/s]
 54%|█████▍    | 391/725 [00:34<00:29, 11.27it/s]
 54%|█████▍    | 393/725 [00:34<00:29, 11.27it/s]
 54%|█████▍    | 395/725 [00:34<00:29, 11.28it/s]
 55%|█████▍    | 397/725 [00:35<00:29, 11.27it/s]
 55%|█████▌    | 399/725 [00:35<00:28, 11.28it/s]
 55%|█████▌    | 401/725 [00:35<00:28, 11.27it/s]
 56%|█████▌    | 403/725 [00:35<00:28, 11.27it/s]
 56%|█████▌    | 405/725 [00:35<00:28, 11.27it/s]
 56%|█████▌    | 407/725 [00:35<00:28, 11.26it/s]
 56%|█████▋    | 409/725 [00:36<00:28, 11.27it/s]
 57%|█████▋    | 411/725 [00:36<00:27, 11.27it/s]
 57%|█████▋    | 413/725 [00:36<00:27, 11.26it/s]
 57%|█████▋    | 415/725 [00:36<00:27, 11.27it/s]
 58%|█████▊    | 417/725 [00:36<00:27, 11.28it/s]
 58%|█████▊    | 419/725 [00:37<00:27, 11.26it/s]
 58%|█████▊    | 421/725 [00:37<00:26, 11.26it/s]
 58%|█████▊    | 423/725 [00:37<00:26, 11.26it/s]
 59%|█████▊    | 425/725 [00:37<00:26, 11.26it/s]
 59%|█████▉    | 427/725 [00:37<00:26, 11.27it/s]
 59%|█████▉    | 429/725 [00:37<00:26, 11.26it/s]
 59%|█████▉    | 431/725 [00:38<00:26, 11.27it/s]
 60%|█████▉    | 433/725 [00:38<00:25, 11.27it/s]
 60%|██████    | 435/725 [00:38<00:25, 11.27it/s]
 60%|██████    | 437/725 [00:38<00:25, 11.27it/s]
 61%|██████    | 439/725 [00:38<00:25, 11.27it/s]
 61%|██████    | 441/725 [00:39<00:25, 11.26it/s]
 61%|██████    | 443/725 [00:39<00:25, 11.26it/s]
 61%|██████▏   | 445/725 [00:39<00:24, 11.26it/s]
 62%|██████▏   | 447/725 [00:39<00:24, 11.26it/s]
 62%|██████▏   | 449/725 [00:39<00:24, 11.27it/s]
 62%|██████▏   | 451/725 [00:39<00:24, 11.26it/s]
 62%|██████▏   | 453/725 [00:40<00:24, 11.27it/s]
 63%|██████▎   | 455/725 [00:40<00:23, 11.27it/s]
 63%|██████▎   | 457/725 [00:40<00:23, 11.26it/s]
 63%|██████▎   | 459/725 [00:40<00:23, 11.27it/s]
 64%|██████▎   | 461/725 [00:40<00:23, 11.27it/s]
 64%|██████▍   | 463/725 [00:40<00:23, 11.27it/s]
 64%|██████▍   | 465/725 [00:41<00:23, 11.27it/s]
 64%|██████▍   | 467/725 [00:41<00:22, 11.27it/s]
 65%|██████▍   | 469/725 [00:41<00:22, 11.27it/s]
 65%|██████▍   | 471/725 [00:41<00:22, 11.28it/s]
 65%|██████▌   | 473/725 [00:41<00:22, 11.26it/s]
 66%|██████▌   | 475/725 [00:42<00:22, 11.27it/s]
 66%|██████▌   | 477/725 [00:42<00:22, 11.27it/s]
 66%|██████▌   | 479/725 [00:42<00:21, 11.27it/s]
 66%|██████▋   | 481/725 [00:42<00:21, 11.27it/s]
 67%|██████▋   | 483/725 [00:42<00:21, 11.27it/s]
 67%|██████▋   | 485/725 [00:42<00:21, 11.26it/s]
 67%|██████▋   | 487/725 [00:43<00:21, 11.27it/s]
 67%|██████▋   | 489/725 [00:43<00:20, 11.27it/s]
 68%|██████▊   | 491/725 [00:43<00:20, 11.27it/s]
 68%|██████▊   | 493/725 [00:43<00:20, 11.28it/s]
 68%|██████▊   | 495/725 [00:43<00:20, 11.27it/s]
 69%|██████▊   | 497/725 [00:43<00:20, 11.27it/s]
 69%|██████▉   | 499/725 [00:44<00:20, 11.26it/s]
 69%|██████▉   | 501/725 [00:44<00:19, 11.26it/s]
 69%|██████▉   | 503/725 [00:44<00:19, 11.27it/s]
 70%|██████▉   | 505/725 [00:44<00:19, 11.27it/s]
 70%|██████▉   | 507/725 [00:44<00:19, 11.26it/s]
 70%|███████   | 509/725 [00:45<00:19, 11.27it/s]
 70%|███████   | 511/725 [00:45<00:18, 11.27it/s]
 71%|███████   | 513/725 [00:45<00:18, 11.27it/s]
 71%|███████   | 515/725 [00:45<00:18, 11.28it/s]
 71%|███████▏  | 517/725 [00:45<00:18, 11.26it/s]
 72%|███████▏  | 519/725 [00:45<00:18, 11.26it/s]
 72%|███████▏  | 521/725 [00:46<00:18, 11.27it/s]
 72%|███████▏  | 523/725 [00:46<00:17, 11.26it/s]
 72%|███████▏  | 525/725 [00:46<00:17, 11.26it/s]
 73%|███████▎  | 527/725 [00:46<00:17, 11.27it/s]
 73%|███████▎  | 529/725 [00:46<00:17, 11.26it/s]
 73%|███████▎  | 531/725 [00:46<00:17, 11.27it/s]
 74%|███████▎  | 533/725 [00:47<00:17, 11.27it/s]
 74%|███████▍  | 535/725 [00:47<00:16, 11.27it/s]
 74%|███████▍  | 537/725 [00:47<00:16, 11.28it/s]
 74%|███████▍  | 539/725 [00:47<00:16, 11.26it/s]
 75%|███████▍  | 541/725 [00:47<00:16, 11.27it/s]
 75%|███████▍  | 543/725 [00:48<00:16, 11.27it/s]
 75%|███████▌  | 545/725 [00:48<00:15, 11.26it/s]
 75%|███████▌  | 547/725 [00:48<00:15, 11.26it/s]
 76%|███████▌  | 549/725 [00:48<00:15, 11.27it/s]
 76%|███████▌  | 551/725 [00:48<00:15, 11.26it/s]
 76%|███████▋  | 553/725 [00:48<00:15, 11.17it/s]
 77%|███████▋  | 555/725 [00:49<00:15, 11.30it/s]
 77%|███████▋  | 557/725 [00:49<00:14, 11.23it/s]
 77%|███████▋  | 559/725 [00:49<00:14, 11.31it/s]
 77%|███████▋  | 561/725 [00:49<00:14, 11.29it/s]
 78%|███████▊  | 563/725 [00:49<00:14, 11.29it/s]
 78%|███████▊  | 565/725 [00:50<00:14, 11.28it/s]
 78%|███████▊  | 567/725 [00:50<00:14, 11.27it/s]
 78%|███████▊  | 569/725 [00:50<00:13, 11.27it/s]
 79%|███████▉  | 571/725 [00:50<00:13, 11.26it/s]
 79%|███████▉  | 573/725 [00:50<00:13, 11.25it/s]
 79%|███████▉  | 575/725 [00:50<00:13, 11.26it/s]
 80%|███████▉  | 577/725 [00:51<00:13, 11.26it/s]
 80%|███████▉  | 579/725 [00:51<00:12, 11.24it/s]
 80%|████████  | 581/725 [00:51<00:12, 11.29it/s]
 80%|████████  | 583/725 [00:51<00:12, 11.27it/s]
 81%|████████  | 585/725 [00:51<00:12, 11.28it/s]
 81%|████████  | 587/725 [00:51<00:12, 11.27it/s]
 81%|████████  | 589/725 [00:52<00:12, 11.26it/s]
 82%|████████▏ | 591/725 [00:52<00:11, 11.27it/s]
 82%|████████▏ | 593/725 [00:52<00:11, 11.27it/s]
 82%|████████▏ | 595/725 [00:52<00:11, 11.25it/s]
 82%|████████▏ | 597/725 [00:52<00:11, 11.26it/s]
 83%|████████▎ | 599/725 [00:53<00:11, 11.26it/s]
 83%|████████▎ | 601/725 [00:53<00:11, 11.26it/s]
 83%|████████▎ | 603/725 [00:53<00:10, 11.27it/s]
 83%|████████▎ | 605/725 [00:53<00:10, 11.26it/s]
 84%|████████▎ | 607/725 [00:53<00:10, 11.26it/s]
 84%|████████▍ | 609/725 [00:53<00:10, 11.14it/s]
 84%|████████▍ | 611/725 [00:54<00:10, 11.30it/s]
 85%|████████▍ | 613/725 [00:54<00:09, 11.29it/s]
 85%|████████▍ | 615/725 [00:54<00:09, 11.28it/s]
 85%|████████▌ | 617/725 [00:54<00:09, 11.27it/s]
 85%|████████▌ | 619/725 [00:54<00:09, 11.27it/s]
 86%|████████▌ | 621/725 [00:54<00:09, 11.26it/s]
 86%|████████▌ | 623/725 [00:55<00:09, 11.26it/s]
 86%|████████▌ | 625/725 [00:55<00:08, 11.27it/s]
 86%|████████▋ | 627/725 [00:55<00:08, 11.27it/s]
 87%|████████▋ | 629/725 [00:55<00:08, 11.27it/s]
 87%|████████▋ | 631/725 [00:55<00:08, 11.27it/s]
 87%|████████▋ | 633/725 [00:56<00:08, 11.27it/s]
 88%|████████▊ | 635/725 [00:56<00:07, 11.27it/s]
 88%|████████▊ | 637/725 [00:56<00:07, 11.27it/s]
 88%|████████▊ | 639/725 [00:56<00:07, 11.26it/s]
 88%|████████▊ | 641/725 [00:56<00:07, 11.27it/s]
 89%|████████▊ | 643/725 [00:56<00:07, 11.27it/s]
 89%|████████▉ | 645/725 [00:57<00:07, 11.27it/s]
 89%|████████▉ | 647/725 [00:57<00:06, 11.27it/s]
 90%|████████▉ | 649/725 [00:57<00:06, 11.26it/s]
 90%|████████▉ | 651/725 [00:57<00:06, 11.27it/s]
 90%|█████████ | 653/725 [00:57<00:06, 11.26it/s]
 90%|█████████ | 655/725 [00:57<00:06, 11.27it/s]
 91%|█████████ | 657/725 [00:58<00:06, 11.27it/s]
 91%|█████████ | 659/725 [00:58<00:05, 11.27it/s]
 91%|█████████ | 661/725 [00:58<00:05, 11.27it/s]
 91%|█████████▏| 663/725 [00:58<00:05, 11.26it/s]
 92%|█████████▏| 665/725 [00:58<00:05, 11.19it/s]
 92%|█████████▏| 667/725 [00:59<00:05, 11.29it/s]
 92%|█████████▏| 669/725 [00:59<00:04, 11.29it/s]
 93%|█████████▎| 671/725 [00:59<00:04, 11.28it/s]
 93%|█████████▎| 673/725 [00:59<00:04, 11.28it/s]
 93%|█████████▎| 675/725 [00:59<00:04, 11.28it/s]
 93%|█████████▎| 677/725 [00:59<00:04, 11.28it/s]
 94%|█████████▎| 679/725 [01:00<00:04, 11.28it/s]
 94%|█████████▍| 681/725 [01:00<00:03, 11.27it/s]
 94%|█████████▍| 683/725 [01:00<00:03, 11.28it/s]
 94%|█████████▍| 685/725 [01:00<00:03, 11.27it/s]
 95%|█████████▍| 687/725 [01:00<00:03, 11.26it/s]
 95%|█████████▌| 689/725 [01:01<00:03, 11.27it/s]
 95%|█████████▌| 691/725 [01:01<00:03, 11.27it/s]
 96%|█████████▌| 693/725 [01:01<00:02, 11.26it/s]
 96%|█████████▌| 695/725 [01:01<00:02, 11.26it/s]
 96%|█████████▌| 697/725 [01:01<00:02, 11.26it/s]
 96%|█████████▋| 699/725 [01:01<00:02, 11.26it/s]
 97%|█████████▋| 701/725 [01:02<00:02, 11.27it/s]
 97%|█████████▋| 703/725 [01:02<00:01, 11.26it/s]
 97%|█████████▋| 705/725 [01:02<00:01, 11.27it/s]
 98%|█████████▊| 707/725 [01:02<00:01, 11.27it/s]
 98%|█████████▊| 709/725 [01:02<00:01, 11.27it/s]
 98%|█████████▊| 711/725 [01:02<00:01, 11.27it/s]
 98%|█████████▊| 713/725 [01:03<00:01, 11.27it/s]
 99%|█████████▊| 715/725 [01:03<00:00, 11.26it/s]
 99%|█████████▉| 717/725 [01:03<00:00, 11.27it/s]
 99%|█████████▉| 719/725 [01:03<00:00, 11.26it/s]
 99%|█████████▉| 721/725 [01:03<00:00, 11.14it/s]
100%|█████████▉| 723/725 [01:04<00:00, 11.30it/s]
100%|██████████| 725/725 [01:04<00:00, 11.29it/s]
100%|██████████| 725/725 [01:04<00:00, 11.29it/s]
/tmp/tmpjjdsw5xc: line 3: 1855973 Killed                  python utils/ct_preprocessing.py

ERROR conda.cli.main_run:execute(125): `conda run python utils/ct_preprocessing.py` failed. (See above for error)
slurmstepd: error: Detected 1 oom_kill event in StepId=21737.batch. Some of the step tasks have been OOM Killed.
