
CondaError: Run 'conda init' before 'conda deactivate'


CondaError: Run 'conda init' before 'conda activate'

2025-08-01 09:15:25.742369: E external/local_xla/xla/stream_executor/cuda/cuda_fft.cc:467] Unable to register cuFFT factory: Attempting to register factory for plugin cuFFT when one has already been registered
WARNING: All log messages before absl::InitializeLog() is called are written to STDERR
E0000 00:00:1754032525.979712 3018189 cuda_dnn.cc:8579] Unable to register cuDNN factory: Attempting to register factory for plugin cuDNN when one has already been registered
E0000 00:00:1754032526.053106 3018189 cuda_blas.cc:1407] Unable to register cuBLAS factory: Attempting to register factory for plugin cuBLAS when one has already been registered
W0000 00:00:1754032526.724167 3018189 computation_placer.cc:177] computation placer already registered. Please check linkage and avoid linking the same target more than once.
W0000 00:00:1754032526.724224 3018189 computation_placer.cc:177] computation placer already registered. Please check linkage and avoid linking the same target more than once.
W0000 00:00:1754032526.724232 3018189 computation_placer.cc:177] computation placer already registered. Please check linkage and avoid linking the same target more than once.
W0000 00:00:1754032526.724239 3018189 computation_placer.cc:177] computation placer already registered. Please check linkage and avoid linking the same target more than once.
2025-08-01 09:15:26.796723: I tensorflow/core/platform/cpu_feature_guard.cc:210] This TensorFlow binary is optimized to use available CPU instructions in performance-critical operations.
To enable the following instructions: AVX2 FMA, in other operations, rebuild TensorFlow with the appropriate compiler flags.
I0000 00:00:1754032573.016369 3018189 gpu_device.cc:2019] Created device /job:localhost/replica:0/task:0/device:GPU:0 with 43936 MB memory:  -> device: 0, name: NVIDIA A40, pci bus id: 0000:81:00.0, compute capability: 8.6
I0000 00:00:1754032604.275506 3018322 cuda_dnn.cc:529] Loaded cuDNN version 90501
WARNING: All log messages before absl::InitializeLog() is called are written to STDERR
I0000 00:00:1754032607.981241 3018326 service.cc:152] XLA service 0x7b3e5bff65a0 initialized for platform CUDA (this does not guarantee that XLA will be used). Devices:
I0000 00:00:1754032607.981280 3018326 service.cc:160]   StreamExecutor device (0): NVIDIA A40, Compute Capability 8.6
2025-08-01 09:16:48.022926: I tensorflow/compiler/mlir/tensorflow/utils/dump_mlir_util.cc:269] disabling MLIR crash reproducer, set env var `MLIR_CRASH_REPRODUCER_DIRECTORY` to enable.
I0000 00:00:1754032608.344649 3018326 device_compiler.h:188] Compiled cluster using XLA!  This line is logged at most once for the lifetime of the process.
slurmstepd: error: *** JOB 34018 ON helios CANCELLED AT 2025-08-01T09:20:44 ***
